[0.003s] Invoking command in '/home/aaphatak/ros2_ws/build/wall_following_ros2': CMAKE_PREFIX_PATH=/home/aaphatak/ros2_ws/install/turtlebot3_navigation2:/home/aaphatak/ros2_ws/install/wall_following_ros2:/home/aaphatak/ros2_ws/install/turtlesim:/home/aaphatak/ros2_ws/install/turtlebot3:/home/aaphatak/ros2_ws/install/turtlebot3_bringup:/home/aaphatak/ros2_ws/install/turtlebot3_node:/home/aaphatak/ros2_ws/install/turtlebot3_msgs:/home/aaphatak/ros2_ws/install/turtlebot3_description:/home/aaphatak/ros2_ws/install/turtlebot3_cartographer:/home/aaphatak/ros2_ws/install/dynamixel_sdk_examples:/home/aaphatak/ros2_ws/install/dynamixel_sdk_custom_interfaces:/home/aaphatak/ros2_ws/install/dynamixel_sdk:/home/aaphatak/turtlebot3_ws/install/turtlebot3:/home/aaphatak/turtlebot3_ws/install/turtlebot3_bringup:/home/aaphatak/turtlebot3_ws/install/turtlebot3_node:/home/aaphatak/turtlebot3_ws/install/turtlebot3_navigation2:/home/aaphatak/turtlebot3_ws/install/turtlebot3_msgs:/home/aaphatak/turtlebot3_ws/install/turtlebot3_description:/home/aaphatak/turtlebot3_ws/install/turtlebot3_cartographer:/home/aaphatak/turtlebot3_ws/install/dynamixel_sdk_examples:/home/aaphatak/turtlebot3_ws/install/dynamixel_sdk_custom_interfaces:/home/aaphatak/turtlebot3_ws/install/dynamixel_sdk:/opt/ros/jazzy/opt/gz_sim_vendor:/opt/ros/jazzy/opt/gz_sensors_vendor:/opt/ros/jazzy/opt/gz_physics_vendor:/opt/ros/jazzy/opt/sdformat_vendor:/opt/ros/jazzy/opt/gz_gui_vendor:/opt/ros/jazzy/opt/gz_transport_vendor:/opt/ros/jazzy/opt/gz_rendering_vendor:/opt/ros/jazzy/opt/gz_plugin_vendor:/opt/ros/jazzy/opt/gz_fuel_tools_vendor:/opt/ros/jazzy/opt/gz_msgs_vendor:/opt/ros/jazzy/opt/gz_common_vendor:/opt/ros/jazzy/opt/gz_math_vendor:/opt/ros/jazzy/opt/gz_utils_vendor:/opt/ros/jazzy/opt/gz_tools_vendor:/opt/ros/jazzy/opt/gz_ogre_next_vendor:/opt/ros/jazzy/opt/gz_dartsim_vendor:/opt/ros/jazzy/opt/gz_cmake_vendor:/home/aaphatak/ros2_ws/install/turtlebot3_teleop:/home/aaphatak/ros2_ws/install/turtlebot3_example:/home/aaphatak/turtlebot3_ws/install/turtlebot3_teleop:/home/aaphatak/turtlebot3_ws/install/turtlebot3_example:/opt/ros/jazzy DEBUGINFOD_URLS=https://debuginfod.ubuntu.com /usr/bin/cmake --build /home/aaphatak/ros2_ws/build/wall_following_ros2 -- -j4 -l4
[0.038s] -- Found ament_cmake: 2.5.4 (/opt/ros/jazzy/share/ament_cmake/cmake)
[0.155s] -- Found rclcpp: 28.1.12 (/opt/ros/jazzy/share/rclcpp/cmake)
[0.169s] -- Found rosidl_generator_c: 4.6.6 (/opt/ros/jazzy/share/rosidl_generator_c/cmake)
[0.173s] -- Found rosidl_generator_cpp: 4.6.6 (/opt/ros/jazzy/share/rosidl_generator_cpp/cmake)
[0.180s] -- Using all available rosidl_typesupport_c: rosidl_typesupport_fastrtps_c;rosidl_typesupport_introspection_c
[0.186s] -- Using all available rosidl_typesupport_cpp: rosidl_typesupport_fastrtps_cpp;rosidl_typesupport_introspection_cpp
[0.213s] -- Found rmw_implementation_cmake: 7.3.2 (/opt/ros/jazzy/share/rmw_implementation_cmake/cmake)
[0.215s] -- Found rmw_fastrtps_cpp: 8.4.3 (/opt/ros/jazzy/share/rmw_fastrtps_cpp/cmake)
[0.249s] -- Using RMW implementation 'rmw_fastrtps_cpp' as default
[0.282s] -- Found rclpy: 7.1.5 (/opt/ros/jazzy/share/rclpy/cmake)
[0.282s] -- Found std_msgs: 5.3.6 (/opt/ros/jazzy/share/std_msgs/cmake)
[0.284s] -- Found ament_lint_auto: 0.17.3 (/opt/ros/jazzy/share/ament_lint_auto/cmake)
[0.349s] -- Added test 'flake8' to check Python code syntax and style conventions
[0.349s] -- Configured 'flake8' exclude dirs and/or files: 
[0.349s] -- Added test 'lint_cmake' to check CMake code style
[0.350s] -- Added test 'pep257' to check Python code against some of the docstring style conventions in PEP 257
[0.351s] -- Added test 'xmllint' to check XML markup files
[0.352s] -- Configuring done (0.3s)
[0.357s] -- Generating done (0.0s)
[0.358s] -- Build files have been written to: /home/aaphatak/ros2_ws/build/wall_following_ros2
[0.371s] Invoked command in '/home/aaphatak/ros2_ws/build/wall_following_ros2' returned '0': CMAKE_PREFIX_PATH=/home/aaphatak/ros2_ws/install/turtlebot3_navigation2:/home/aaphatak/ros2_ws/install/wall_following_ros2:/home/aaphatak/ros2_ws/install/turtlesim:/home/aaphatak/ros2_ws/install/turtlebot3:/home/aaphatak/ros2_ws/install/turtlebot3_bringup:/home/aaphatak/ros2_ws/install/turtlebot3_node:/home/aaphatak/ros2_ws/install/turtlebot3_msgs:/home/aaphatak/ros2_ws/install/turtlebot3_description:/home/aaphatak/ros2_ws/install/turtlebot3_cartographer:/home/aaphatak/ros2_ws/install/dynamixel_sdk_examples:/home/aaphatak/ros2_ws/install/dynamixel_sdk_custom_interfaces:/home/aaphatak/ros2_ws/install/dynamixel_sdk:/home/aaphatak/turtlebot3_ws/install/turtlebot3:/home/aaphatak/turtlebot3_ws/install/turtlebot3_bringup:/home/aaphatak/turtlebot3_ws/install/turtlebot3_node:/home/aaphatak/turtlebot3_ws/install/turtlebot3_navigation2:/home/aaphatak/turtlebot3_ws/install/turtlebot3_msgs:/home/aaphatak/turtlebot3_ws/install/turtlebot3_description:/home/aaphatak/turtlebot3_ws/install/turtlebot3_cartographer:/home/aaphatak/turtlebot3_ws/install/dynamixel_sdk_examples:/home/aaphatak/turtlebot3_ws/install/dynamixel_sdk_custom_interfaces:/home/aaphatak/turtlebot3_ws/install/dynamixel_sdk:/opt/ros/jazzy/opt/gz_sim_vendor:/opt/ros/jazzy/opt/gz_sensors_vendor:/opt/ros/jazzy/opt/gz_physics_vendor:/opt/ros/jazzy/opt/sdformat_vendor:/opt/ros/jazzy/opt/gz_gui_vendor:/opt/ros/jazzy/opt/gz_transport_vendor:/opt/ros/jazzy/opt/gz_rendering_vendor:/opt/ros/jazzy/opt/gz_plugin_vendor:/opt/ros/jazzy/opt/gz_fuel_tools_vendor:/opt/ros/jazzy/opt/gz_msgs_vendor:/opt/ros/jazzy/opt/gz_common_vendor:/opt/ros/jazzy/opt/gz_math_vendor:/opt/ros/jazzy/opt/gz_utils_vendor:/opt/ros/jazzy/opt/gz_tools_vendor:/opt/ros/jazzy/opt/gz_ogre_next_vendor:/opt/ros/jazzy/opt/gz_dartsim_vendor:/opt/ros/jazzy/opt/gz_cmake_vendor:/home/aaphatak/ros2_ws/install/turtlebot3_teleop:/home/aaphatak/ros2_ws/install/turtlebot3_example:/home/aaphatak/turtlebot3_ws/install/turtlebot3_teleop:/home/aaphatak/turtlebot3_ws/install/turtlebot3_example:/opt/ros/jazzy DEBUGINFOD_URLS=https://debuginfod.ubuntu.com /usr/bin/cmake --build /home/aaphatak/ros2_ws/build/wall_following_ros2 -- -j4 -l4
[0.371s] Invoking command in '/home/aaphatak/ros2_ws/build/wall_following_ros2': CMAKE_PREFIX_PATH=/home/aaphatak/ros2_ws/install/turtlebot3_navigation2:/home/aaphatak/ros2_ws/install/wall_following_ros2:/home/aaphatak/ros2_ws/install/turtlesim:/home/aaphatak/ros2_ws/install/turtlebot3:/home/aaphatak/ros2_ws/install/turtlebot3_bringup:/home/aaphatak/ros2_ws/install/turtlebot3_node:/home/aaphatak/ros2_ws/install/turtlebot3_msgs:/home/aaphatak/ros2_ws/install/turtlebot3_description:/home/aaphatak/ros2_ws/install/turtlebot3_cartographer:/home/aaphatak/ros2_ws/install/dynamixel_sdk_examples:/home/aaphatak/ros2_ws/install/dynamixel_sdk_custom_interfaces:/home/aaphatak/ros2_ws/install/dynamixel_sdk:/home/aaphatak/turtlebot3_ws/install/turtlebot3:/home/aaphatak/turtlebot3_ws/install/turtlebot3_bringup:/home/aaphatak/turtlebot3_ws/install/turtlebot3_node:/home/aaphatak/turtlebot3_ws/install/turtlebot3_navigation2:/home/aaphatak/turtlebot3_ws/install/turtlebot3_msgs:/home/aaphatak/turtlebot3_ws/install/turtlebot3_description:/home/aaphatak/turtlebot3_ws/install/turtlebot3_cartographer:/home/aaphatak/turtlebot3_ws/install/dynamixel_sdk_examples:/home/aaphatak/turtlebot3_ws/install/dynamixel_sdk_custom_interfaces:/home/aaphatak/turtlebot3_ws/install/dynamixel_sdk:/opt/ros/jazzy/opt/gz_sim_vendor:/opt/ros/jazzy/opt/gz_sensors_vendor:/opt/ros/jazzy/opt/gz_physics_vendor:/opt/ros/jazzy/opt/sdformat_vendor:/opt/ros/jazzy/opt/gz_gui_vendor:/opt/ros/jazzy/opt/gz_transport_vendor:/opt/ros/jazzy/opt/gz_rendering_vendor:/opt/ros/jazzy/opt/gz_plugin_vendor:/opt/ros/jazzy/opt/gz_fuel_tools_vendor:/opt/ros/jazzy/opt/gz_msgs_vendor:/opt/ros/jazzy/opt/gz_common_vendor:/opt/ros/jazzy/opt/gz_math_vendor:/opt/ros/jazzy/opt/gz_utils_vendor:/opt/ros/jazzy/opt/gz_tools_vendor:/opt/ros/jazzy/opt/gz_ogre_next_vendor:/opt/ros/jazzy/opt/gz_dartsim_vendor:/opt/ros/jazzy/opt/gz_cmake_vendor:/home/aaphatak/ros2_ws/install/turtlebot3_teleop:/home/aaphatak/ros2_ws/install/turtlebot3_example:/home/aaphatak/turtlebot3_ws/install/turtlebot3_teleop:/home/aaphatak/turtlebot3_ws/install/turtlebot3_example:/opt/ros/jazzy DEBUGINFOD_URLS=https://debuginfod.ubuntu.com /usr/bin/cmake --install /home/aaphatak/ros2_ws/build/wall_following_ros2
[0.375s] -- Install configuration: ""
[0.375s] -- Up-to-date: /home/aaphatak/ros2_ws/install/wall_following_ros2/share/wall_following_ros2//launch
[0.375s] -- Up-to-date: /home/aaphatak/ros2_ws/install/wall_following_ros2/share/wall_following_ros2//launch/wall_following.launch.py
[0.375s] -- Up-to-date: /home/aaphatak/ros2_ws/install/wall_following_ros2/share/wall_following_ros2//worlds
[0.375s] -- Up-to-date: /home/aaphatak/ros2_ws/install/wall_following_ros2/share/wall_following_ros2//worlds/largemaze.world
[0.376s] -- Up-to-date: /home/aaphatak/ros2_ws/install/wall_following_ros2/lib/wall_following_ros2/src
[0.376s] -- Up-to-date: /home/aaphatak/ros2_ws/install/wall_following_ros2/lib/wall_following_ros2/src/q_td_run.py
[0.376s] -- Up-to-date: /home/aaphatak/ros2_ws/install/wall_following_ros2/share/wall_following_ros2/launch
[0.376s] -- Up-to-date: /home/aaphatak/ros2_ws/install/wall_following_ros2/share/wall_following_ros2/launch/wall_following.launch.py
[0.376s] -- Up-to-date: /home/aaphatak/ros2_ws/install/wall_following_ros2/share/ament_index/resource_index/package_run_dependencies/wall_following_ros2
[0.376s] -- Installing: /home/aaphatak/ros2_ws/install/wall_following_ros2/share/ament_index/resource_index/parent_prefix_path/wall_following_ros2
[0.376s] -- Up-to-date: /home/aaphatak/ros2_ws/install/wall_following_ros2/share/wall_following_ros2/environment/ament_prefix_path.sh
[0.376s] -- Up-to-date: /home/aaphatak/ros2_ws/install/wall_following_ros2/share/wall_following_ros2/environment/ament_prefix_path.dsv
[0.376s] -- Up-to-date: /home/aaphatak/ros2_ws/install/wall_following_ros2/share/wall_following_ros2/environment/path.sh
[0.376s] -- Up-to-date: /home/aaphatak/ros2_ws/install/wall_following_ros2/share/wall_following_ros2/environment/path.dsv
[0.376s] -- Up-to-date: /home/aaphatak/ros2_ws/install/wall_following_ros2/share/wall_following_ros2/local_setup.bash
[0.376s] -- Up-to-date: /home/aaphatak/ros2_ws/install/wall_following_ros2/share/wall_following_ros2/local_setup.sh
[0.376s] -- Up-to-date: /home/aaphatak/ros2_ws/install/wall_following_ros2/share/wall_following_ros2/local_setup.zsh
[0.376s] -- Up-to-date: /home/aaphatak/ros2_ws/install/wall_following_ros2/share/wall_following_ros2/local_setup.dsv
[0.377s] -- Installing: /home/aaphatak/ros2_ws/install/wall_following_ros2/share/wall_following_ros2/package.dsv
[0.377s] -- Up-to-date: /home/aaphatak/ros2_ws/install/wall_following_ros2/share/ament_index/resource_index/packages/wall_following_ros2
[0.377s] -- Up-to-date: /home/aaphatak/ros2_ws/install/wall_following_ros2/share/wall_following_ros2/cmake/wall_following_ros2Config.cmake
[0.377s] -- Up-to-date: /home/aaphatak/ros2_ws/install/wall_following_ros2/share/wall_following_ros2/cmake/wall_following_ros2Config-version.cmake
[0.377s] -- Installing: /home/aaphatak/ros2_ws/install/wall_following_ros2/share/wall_following_ros2/package.xml
[0.378s] Invoked command in '/home/aaphatak/ros2_ws/build/wall_following_ros2' returned '0': CMAKE_PREFIX_PATH=/home/aaphatak/ros2_ws/install/turtlebot3_navigation2:/home/aaphatak/ros2_ws/install/wall_following_ros2:/home/aaphatak/ros2_ws/install/turtlesim:/home/aaphatak/ros2_ws/install/turtlebot3:/home/aaphatak/ros2_ws/install/turtlebot3_bringup:/home/aaphatak/ros2_ws/install/turtlebot3_node:/home/aaphatak/ros2_ws/install/turtlebot3_msgs:/home/aaphatak/ros2_ws/install/turtlebot3_description:/home/aaphatak/ros2_ws/install/turtlebot3_cartographer:/home/aaphatak/ros2_ws/install/dynamixel_sdk_examples:/home/aaphatak/ros2_ws/install/dynamixel_sdk_custom_interfaces:/home/aaphatak/ros2_ws/install/dynamixel_sdk:/home/aaphatak/turtlebot3_ws/install/turtlebot3:/home/aaphatak/turtlebot3_ws/install/turtlebot3_bringup:/home/aaphatak/turtlebot3_ws/install/turtlebot3_node:/home/aaphatak/turtlebot3_ws/install/turtlebot3_navigation2:/home/aaphatak/turtlebot3_ws/install/turtlebot3_msgs:/home/aaphatak/turtlebot3_ws/install/turtlebot3_description:/home/aaphatak/turtlebot3_ws/install/turtlebot3_cartographer:/home/aaphatak/turtlebot3_ws/install/dynamixel_sdk_examples:/home/aaphatak/turtlebot3_ws/install/dynamixel_sdk_custom_interfaces:/home/aaphatak/turtlebot3_ws/install/dynamixel_sdk:/opt/ros/jazzy/opt/gz_sim_vendor:/opt/ros/jazzy/opt/gz_sensors_vendor:/opt/ros/jazzy/opt/gz_physics_vendor:/opt/ros/jazzy/opt/sdformat_vendor:/opt/ros/jazzy/opt/gz_gui_vendor:/opt/ros/jazzy/opt/gz_transport_vendor:/opt/ros/jazzy/opt/gz_rendering_vendor:/opt/ros/jazzy/opt/gz_plugin_vendor:/opt/ros/jazzy/opt/gz_fuel_tools_vendor:/opt/ros/jazzy/opt/gz_msgs_vendor:/opt/ros/jazzy/opt/gz_common_vendor:/opt/ros/jazzy/opt/gz_math_vendor:/opt/ros/jazzy/opt/gz_utils_vendor:/opt/ros/jazzy/opt/gz_tools_vendor:/opt/ros/jazzy/opt/gz_ogre_next_vendor:/opt/ros/jazzy/opt/gz_dartsim_vendor:/opt/ros/jazzy/opt/gz_cmake_vendor:/home/aaphatak/ros2_ws/install/turtlebot3_teleop:/home/aaphatak/ros2_ws/install/turtlebot3_example:/home/aaphatak/turtlebot3_ws/install/turtlebot3_teleop:/home/aaphatak/turtlebot3_ws/install/turtlebot3_example:/opt/ros/jazzy DEBUGINFOD_URLS=https://debuginfod.ubuntu.com /usr/bin/cmake --install /home/aaphatak/ros2_ws/build/wall_following_ros2
