[0.005s] Invoking command in '/home/aaphatak/ros2_ws/build/turtlesim': CMAKE_PREFIX_PATH=${CMAKE_PREFIX_PATH}:/home/aaphatak/ros2_ws/install/turtlebot3_teleop:/home/aaphatak/ros2_ws/install/turtlebot3_example:/home/aaphatak/turtlebot3_ws/install/turtlebot3_teleop:/home/aaphatak/turtlebot3_ws/install/turtlebot3_example:/opt/ros/jazzy DEBUGINFOD_URLS=https://debuginfod.ubuntu.com /usr/bin/cmake --build /home/aaphatak/ros2_ws/build/turtlesim -- -j4 -l4
[0.075s] [  0%] Built target turtlesim__rosidl_generator_type_description
[0.087s] [  0%] Built target ament_cmake_python_symlink_turtlesim
[0.103s] [  9%] Built target turtlesim__cpp
[0.103s] [ 24%] Built target turtlesim__rosidl_generator_c
[0.128s] [ 41%] Built target turtlesim__rosidl_typesupport_fastrtps_c
[0.129s] [ 41%] Built target turtlesim__rosidl_typesupport_fastrtps_cpp
[0.134s] [ 50%] Built target turtlesim__rosidl_typesupport_cpp
[0.164s] [ 59%] Built target turtlesim__rosidl_typesupport_introspection_c
[0.164s] [ 67%] Built target turtlesim__rosidl_typesupport_introspection_cpp
[0.165s] [ 76%] Built target turtlesim__rosidl_typesupport_c
[0.189s] [ 77%] Built target draw_square
[0.193s] [ 79%] Built target turtle_teleop_key
[0.209s] [ 79%] Built target turtlesim
[0.209s] [ 84%] Built target turtlesim_node
[0.215s] [ 86%] Built target mimic
[0.222s] [ 86%] Built target turtlesim__py
[0.232s] running egg_info
[0.243s] [ 94%] Built target turtlesim__rosidl_generator_py
[0.243s] writing turtlesim.egg-info/PKG-INFO
[0.243s] writing dependency_links to turtlesim.egg-info/dependency_links.txt
[0.243s] writing top-level names to turtlesim.egg-info/top_level.txt
[0.270s] [ 96%] Built target turtlesim_s__rosidl_typesupport_fastrtps_c
[0.283s] [ 98%] Built target turtlesim_s__rosidl_typesupport_c
[0.283s] [100%] Built target turtlesim_s__rosidl_typesupport_introspection_c
[0.292s] reading manifest file 'turtlesim.egg-info/SOURCES.txt'
[0.293s] writing manifest file 'turtlesim.egg-info/SOURCES.txt'
[0.309s] [100%] Built target ament_cmake_python_build_turtlesim_egg
[0.375s] Invoked command in '/home/aaphatak/ros2_ws/build/turtlesim' returned '0': CMAKE_PREFIX_PATH=${CMAKE_PREFIX_PATH}:/home/aaphatak/ros2_ws/install/turtlebot3_teleop:/home/aaphatak/ros2_ws/install/turtlebot3_example:/home/aaphatak/turtlebot3_ws/install/turtlebot3_teleop:/home/aaphatak/turtlebot3_ws/install/turtlebot3_example:/opt/ros/jazzy DEBUGINFOD_URLS=https://debuginfod.ubuntu.com /usr/bin/cmake --build /home/aaphatak/ros2_ws/build/turtlesim -- -j4 -l4
[0.377s] Invoking command in '/home/aaphatak/ros2_ws/build/turtlesim': CMAKE_PREFIX_PATH=${CMAKE_PREFIX_PATH}:/home/aaphatak/ros2_ws/install/turtlebot3_teleop:/home/aaphatak/ros2_ws/install/turtlebot3_example:/home/aaphatak/turtlebot3_ws/install/turtlebot3_teleop:/home/aaphatak/turtlebot3_ws/install/turtlebot3_example:/opt/ros/jazzy DEBUGINFOD_URLS=https://debuginfod.ubuntu.com /usr/bin/cmake --install /home/aaphatak/ros2_ws/build/turtlesim
[0.382s] -- Install configuration: ""
[0.382s] -- Execute custom install script
[0.383s] -- Up-to-date symlink: /home/aaphatak/ros2_ws/install/turtlesim/share/ament_index/resource_index/rosidl_interfaces/turtlesim
[0.383s] -- Up-to-date symlink: /home/aaphatak/ros2_ws/install/turtlesim/share/turtlesim/action/RotateAbsolute.json
[0.384s] -- Up-to-date symlink: /home/aaphatak/ros2_ws/install/turtlesim/share/turtlesim/msg/Color.json
[0.384s] -- Up-to-date symlink: /home/aaphatak/ros2_ws/install/turtlesim/share/turtlesim/msg/Pose.json
[0.384s] -- Up-to-date symlink: /home/aaphatak/ros2_ws/install/turtlesim/share/turtlesim/srv/Kill.json
[0.385s] -- Up-to-date symlink: /home/aaphatak/ros2_ws/install/turtlesim/share/turtlesim/srv/SetPen.json
[0.385s] -- Up-to-date symlink: /home/aaphatak/ros2_ws/install/turtlesim/share/turtlesim/srv/Spawn.json
[0.385s] -- Up-to-date symlink: /home/aaphatak/ros2_ws/install/turtlesim/share/turtlesim/srv/TeleportAbsolute.json
[0.385s] -- Up-to-date symlink: /home/aaphatak/ros2_ws/install/turtlesim/share/turtlesim/srv/TeleportRelative.json
[0.387s] -- Up-to-date symlink: /home/aaphatak/ros2_ws/install/turtlesim/include/turtlesim/turtlesim/action/detail/rotate_absolute__functions.h
[0.387s] -- Up-to-date symlink: /home/aaphatak/ros2_ws/install/turtlesim/include/turtlesim/turtlesim/action/detail/rotate_absolute__struct.h
[0.387s] -- Up-to-date symlink: /home/aaphatak/ros2_ws/install/turtlesim/include/turtlesim/turtlesim/action/detail/rotate_absolute__type_support.h
[0.388s] -- Up-to-date symlink: /home/aaphatak/ros2_ws/install/turtlesim/include/turtlesim/turtlesim/action/rotate_absolute.h
[0.388s] -- Up-to-date symlink: /home/aaphatak/ros2_ws/install/turtlesim/include/turtlesim/turtlesim/msg/color.h
[0.389s] -- Up-to-date symlink: /home/aaphatak/ros2_ws/install/turtlesim/include/turtlesim/turtlesim/msg/detail/color__functions.h
[0.389s] -- Up-to-date symlink: /home/aaphatak/ros2_ws/install/turtlesim/include/turtlesim/turtlesim/msg/detail/color__struct.h
[0.389s] -- Up-to-date symlink: /home/aaphatak/ros2_ws/install/turtlesim/include/turtlesim/turtlesim/msg/detail/color__type_support.h
[0.390s] -- Up-to-date symlink: /home/aaphatak/ros2_ws/install/turtlesim/include/turtlesim/turtlesim/msg/detail/pose__functions.h
[0.390s] -- Up-to-date symlink: /home/aaphatak/ros2_ws/install/turtlesim/include/turtlesim/turtlesim/msg/detail/pose__struct.h
[0.391s] -- Up-to-date symlink: /home/aaphatak/ros2_ws/install/turtlesim/include/turtlesim/turtlesim/msg/detail/pose__type_support.h
[0.391s] -- Up-to-date symlink: /home/aaphatak/ros2_ws/install/turtlesim/include/turtlesim/turtlesim/msg/pose.h
[0.391s] -- Up-to-date symlink: /home/aaphatak/ros2_ws/install/turtlesim/include/turtlesim/turtlesim/msg/rosidl_generator_c__visibility_control.h
[0.391s] -- Up-to-date symlink: /home/aaphatak/ros2_ws/install/turtlesim/include/turtlesim/turtlesim/srv/detail/kill__functions.h
[0.391s] -- Up-to-date symlink: /home/aaphatak/ros2_ws/install/turtlesim/include/turtlesim/turtlesim/srv/detail/kill__struct.h
[0.392s] -- Up-to-date symlink: /home/aaphatak/ros2_ws/install/turtlesim/include/turtlesim/turtlesim/srv/detail/kill__type_support.h
[0.392s] -- Up-to-date symlink: /home/aaphatak/ros2_ws/install/turtlesim/include/turtlesim/turtlesim/srv/detail/set_pen__functions.h
[0.392s] -- Up-to-date symlink: /home/aaphatak/ros2_ws/install/turtlesim/include/turtlesim/turtlesim/srv/detail/set_pen__struct.h
[0.392s] -- Up-to-date symlink: /home/aaphatak/ros2_ws/install/turtlesim/include/turtlesim/turtlesim/srv/detail/set_pen__type_support.h
[0.392s] -- Up-to-date symlink: /home/aaphatak/ros2_ws/install/turtlesim/include/turtlesim/turtlesim/srv/detail/spawn__functions.h
[0.392s] -- Up-to-date symlink: /home/aaphatak/ros2_ws/install/turtlesim/include/turtlesim/turtlesim/srv/detail/spawn__struct.h
[0.393s] -- Up-to-date symlink: /home/aaphatak/ros2_ws/install/turtlesim/include/turtlesim/turtlesim/srv/detail/spawn__type_support.h
[0.393s] -- Up-to-date symlink: /home/aaphatak/ros2_ws/install/turtlesim/include/turtlesim/turtlesim/srv/detail/teleport_absolute__functions.h
[0.393s] -- Up-to-date symlink: /home/aaphatak/ros2_ws/install/turtlesim/include/turtlesim/turtlesim/srv/detail/teleport_absolute__struct.h
[0.393s] -- Up-to-date symlink: /home/aaphatak/ros2_ws/install/turtlesim/include/turtlesim/turtlesim/srv/detail/teleport_absolute__type_support.h
[0.394s] -- Up-to-date symlink: /home/aaphatak/ros2_ws/install/turtlesim/include/turtlesim/turtlesim/srv/detail/teleport_relative__functions.h
[0.394s] -- Up-to-date symlink: /home/aaphatak/ros2_ws/install/turtlesim/include/turtlesim/turtlesim/srv/detail/teleport_relative__struct.h
[0.394s] -- Up-to-date symlink: /home/aaphatak/ros2_ws/install/turtlesim/include/turtlesim/turtlesim/srv/detail/teleport_relative__type_support.h
[0.394s] -- Up-to-date symlink: /home/aaphatak/ros2_ws/install/turtlesim/include/turtlesim/turtlesim/srv/kill.h
[0.394s] -- Up-to-date symlink: /home/aaphatak/ros2_ws/install/turtlesim/include/turtlesim/turtlesim/srv/set_pen.h
[0.394s] -- Up-to-date symlink: /home/aaphatak/ros2_ws/install/turtlesim/include/turtlesim/turtlesim/srv/spawn.h
[0.395s] -- Up-to-date symlink: /home/aaphatak/ros2_ws/install/turtlesim/include/turtlesim/turtlesim/srv/teleport_absolute.h
[0.395s] -- Up-to-date symlink: /home/aaphatak/ros2_ws/install/turtlesim/include/turtlesim/turtlesim/srv/teleport_relative.h
[0.395s] -- Up-to-date symlink: /home/aaphatak/ros2_ws/install/turtlesim/share/turtlesim/environment/library_path.sh
[0.395s] -- Up-to-date symlink: /home/aaphatak/ros2_ws/install/turtlesim/share/turtlesim/environment/library_path.dsv
[0.396s] -- Up-to-date symlink: /home/aaphatak/ros2_ws/install/turtlesim/include/turtlesim/turtlesim/action/detail/rotate_absolute__rosidl_typesupport_fastrtps_c.h
[0.396s] -- Up-to-date symlink: /home/aaphatak/ros2_ws/install/turtlesim/include/turtlesim/turtlesim/msg/detail/color__rosidl_typesupport_fastrtps_c.h
[0.396s] -- Up-to-date symlink: /home/aaphatak/ros2_ws/install/turtlesim/include/turtlesim/turtlesim/msg/detail/pose__rosidl_typesupport_fastrtps_c.h
[0.396s] -- Up-to-date symlink: /home/aaphatak/ros2_ws/install/turtlesim/include/turtlesim/turtlesim/msg/rosidl_typesupport_fastrtps_c__visibility_control.h
[0.396s] -- Up-to-date symlink: /home/aaphatak/ros2_ws/install/turtlesim/include/turtlesim/turtlesim/srv/detail/kill__rosidl_typesupport_fastrtps_c.h
[0.397s] -- Up-to-date symlink: /home/aaphatak/ros2_ws/install/turtlesim/include/turtlesim/turtlesim/srv/detail/set_pen__rosidl_typesupport_fastrtps_c.h
[0.397s] -- Up-to-date symlink: /home/aaphatak/ros2_ws/install/turtlesim/include/turtlesim/turtlesim/srv/detail/spawn__rosidl_typesupport_fastrtps_c.h
[0.397s] -- Up-to-date symlink: /home/aaphatak/ros2_ws/install/turtlesim/include/turtlesim/turtlesim/srv/detail/teleport_absolute__rosidl_typesupport_fastrtps_c.h
[0.397s] -- Up-to-date symlink: /home/aaphatak/ros2_ws/install/turtlesim/include/turtlesim/turtlesim/srv/detail/teleport_relative__rosidl_typesupport_fastrtps_c.h
[0.398s] -- Up-to-date symlink: /home/aaphatak/ros2_ws/install/turtlesim/include/turtlesim/turtlesim/action/detail/rotate_absolute__builder.hpp
[0.398s] -- Up-to-date symlink: /home/aaphatak/ros2_ws/install/turtlesim/include/turtlesim/turtlesim/action/detail/rotate_absolute__struct.hpp
[0.398s] -- Up-to-date symlink: /home/aaphatak/ros2_ws/install/turtlesim/include/turtlesim/turtlesim/action/detail/rotate_absolute__traits.hpp
[0.398s] -- Up-to-date symlink: /home/aaphatak/ros2_ws/install/turtlesim/include/turtlesim/turtlesim/action/detail/rotate_absolute__type_support.hpp
[0.398s] -- Up-to-date symlink: /home/aaphatak/ros2_ws/install/turtlesim/include/turtlesim/turtlesim/action/rotate_absolute.hpp
[0.399s] -- Up-to-date symlink: /home/aaphatak/ros2_ws/install/turtlesim/include/turtlesim/turtlesim/msg/color.hpp
[0.399s] -- Up-to-date symlink: /home/aaphatak/ros2_ws/install/turtlesim/include/turtlesim/turtlesim/msg/detail/color__builder.hpp
[0.399s] -- Up-to-date symlink: /home/aaphatak/ros2_ws/install/turtlesim/include/turtlesim/turtlesim/msg/detail/color__struct.hpp
[0.399s] -- Up-to-date symlink: /home/aaphatak/ros2_ws/install/turtlesim/include/turtlesim/turtlesim/msg/detail/color__traits.hpp
[0.399s] -- Up-to-date symlink: /home/aaphatak/ros2_ws/install/turtlesim/include/turtlesim/turtlesim/msg/detail/color__type_support.hpp
[0.400s] -- Up-to-date symlink: /home/aaphatak/ros2_ws/install/turtlesim/include/turtlesim/turtlesim/msg/detail/pose__builder.hpp
[0.400s] -- Up-to-date symlink: /home/aaphatak/ros2_ws/install/turtlesim/include/turtlesim/turtlesim/msg/detail/pose__struct.hpp
[0.400s] -- Up-to-date symlink: /home/aaphatak/ros2_ws/install/turtlesim/include/turtlesim/turtlesim/msg/detail/pose__traits.hpp
[0.400s] -- Up-to-date symlink: /home/aaphatak/ros2_ws/install/turtlesim/include/turtlesim/turtlesim/msg/detail/pose__type_support.hpp
[0.401s] -- Up-to-date symlink: /home/aaphatak/ros2_ws/install/turtlesim/include/turtlesim/turtlesim/msg/pose.hpp
[0.401s] -- Up-to-date symlink: /home/aaphatak/ros2_ws/install/turtlesim/include/turtlesim/turtlesim/msg/rosidl_generator_cpp__visibility_control.hpp
[0.401s] -- Up-to-date symlink: /home/aaphatak/ros2_ws/install/turtlesim/include/turtlesim/turtlesim/srv/detail/kill__builder.hpp
[0.401s] -- Up-to-date symlink: /home/aaphatak/ros2_ws/install/turtlesim/include/turtlesim/turtlesim/srv/detail/kill__struct.hpp
[0.401s] -- Up-to-date symlink: /home/aaphatak/ros2_ws/install/turtlesim/include/turtlesim/turtlesim/srv/detail/kill__traits.hpp
[0.401s] -- Up-to-date symlink: /home/aaphatak/ros2_ws/install/turtlesim/include/turtlesim/turtlesim/srv/detail/kill__type_support.hpp
[0.401s] -- Up-to-date symlink: /home/aaphatak/ros2_ws/install/turtlesim/include/turtlesim/turtlesim/srv/detail/set_pen__builder.hpp
[0.402s] -- Up-to-date symlink: /home/aaphatak/ros2_ws/install/turtlesim/include/turtlesim/turtlesim/srv/detail/set_pen__struct.hpp
[0.402s] -- Up-to-date symlink: /home/aaphatak/ros2_ws/install/turtlesim/include/turtlesim/turtlesim/srv/detail/set_pen__traits.hpp
[0.402s] -- Up-to-date symlink: /home/aaphatak/ros2_ws/install/turtlesim/include/turtlesim/turtlesim/srv/detail/set_pen__type_support.hpp
[0.402s] -- Up-to-date symlink: /home/aaphatak/ros2_ws/install/turtlesim/include/turtlesim/turtlesim/srv/detail/spawn__builder.hpp
[0.402s] -- Up-to-date symlink: /home/aaphatak/ros2_ws/install/turtlesim/include/turtlesim/turtlesim/srv/detail/spawn__struct.hpp
[0.403s] -- Up-to-date symlink: /home/aaphatak/ros2_ws/install/turtlesim/include/turtlesim/turtlesim/srv/detail/spawn__traits.hpp
[0.403s] -- Up-to-date symlink: /home/aaphatak/ros2_ws/install/turtlesim/include/turtlesim/turtlesim/srv/detail/spawn__type_support.hpp
[0.403s] -- Up-to-date symlink: /home/aaphatak/ros2_ws/install/turtlesim/include/turtlesim/turtlesim/srv/detail/teleport_absolute__builder.hpp
[0.403s] -- Up-to-date symlink: /home/aaphatak/ros2_ws/install/turtlesim/include/turtlesim/turtlesim/srv/detail/teleport_absolute__struct.hpp
[0.404s] -- Up-to-date symlink: /home/aaphatak/ros2_ws/install/turtlesim/include/turtlesim/turtlesim/srv/detail/teleport_absolute__traits.hpp
[0.404s] -- Up-to-date symlink: /home/aaphatak/ros2_ws/install/turtlesim/include/turtlesim/turtlesim/srv/detail/teleport_absolute__type_support.hpp
[0.404s] -- Up-to-date symlink: /home/aaphatak/ros2_ws/install/turtlesim/include/turtlesim/turtlesim/srv/detail/teleport_relative__builder.hpp
[0.404s] -- Up-to-date symlink: /home/aaphatak/ros2_ws/install/turtlesim/include/turtlesim/turtlesim/srv/detail/teleport_relative__struct.hpp
[0.404s] -- Up-to-date symlink: /home/aaphatak/ros2_ws/install/turtlesim/include/turtlesim/turtlesim/srv/detail/teleport_relative__traits.hpp
[0.405s] -- Up-to-date symlink: /home/aaphatak/ros2_ws/install/turtlesim/include/turtlesim/turtlesim/srv/detail/teleport_relative__type_support.hpp
[0.405s] -- Up-to-date symlink: /home/aaphatak/ros2_ws/install/turtlesim/include/turtlesim/turtlesim/srv/kill.hpp
[0.405s] -- Up-to-date symlink: /home/aaphatak/ros2_ws/install/turtlesim/include/turtlesim/turtlesim/srv/set_pen.hpp
[0.405s] -- Up-to-date symlink: /home/aaphatak/ros2_ws/install/turtlesim/include/turtlesim/turtlesim/srv/spawn.hpp
[0.406s] -- Up-to-date symlink: /home/aaphatak/ros2_ws/install/turtlesim/include/turtlesim/turtlesim/srv/teleport_absolute.hpp
[0.406s] -- Up-to-date symlink: /home/aaphatak/ros2_ws/install/turtlesim/include/turtlesim/turtlesim/srv/teleport_relative.hpp
[0.407s] -- Up-to-date symlink: /home/aaphatak/ros2_ws/install/turtlesim/include/turtlesim/turtlesim/action/detail/rotate_absolute__rosidl_typesupport_fastrtps_cpp.hpp
[0.407s] -- Up-to-date symlink: /home/aaphatak/ros2_ws/install/turtlesim/include/turtlesim/turtlesim/msg/detail/color__rosidl_typesupport_fastrtps_cpp.hpp
[0.408s] -- Up-to-date symlink: /home/aaphatak/ros2_ws/install/turtlesim/include/turtlesim/turtlesim/msg/detail/pose__rosidl_typesupport_fastrtps_cpp.hpp
[0.408s] -- Up-to-date symlink: /home/aaphatak/ros2_ws/install/turtlesim/include/turtlesim/turtlesim/msg/rosidl_typesupport_fastrtps_cpp__visibility_control.h
[0.408s] -- Up-to-date symlink: /home/aaphatak/ros2_ws/install/turtlesim/include/turtlesim/turtlesim/srv/detail/kill__rosidl_typesupport_fastrtps_cpp.hpp
[0.409s] -- Up-to-date symlink: /home/aaphatak/ros2_ws/install/turtlesim/include/turtlesim/turtlesim/srv/detail/set_pen__rosidl_typesupport_fastrtps_cpp.hpp
[0.409s] -- Up-to-date symlink: /home/aaphatak/ros2_ws/install/turtlesim/include/turtlesim/turtlesim/srv/detail/spawn__rosidl_typesupport_fastrtps_cpp.hpp
[0.409s] -- Up-to-date symlink: /home/aaphatak/ros2_ws/install/turtlesim/include/turtlesim/turtlesim/srv/detail/teleport_absolute__rosidl_typesupport_fastrtps_cpp.hpp
[0.409s] -- Up-to-date symlink: /home/aaphatak/ros2_ws/install/turtlesim/include/turtlesim/turtlesim/srv/detail/teleport_relative__rosidl_typesupport_fastrtps_cpp.hpp
[0.409s] -- Up-to-date symlink: /home/aaphatak/ros2_ws/install/turtlesim/include/turtlesim/turtlesim/action/detail/rotate_absolute__rosidl_typesupport_introspection_c.h
[0.409s] -- Up-to-date symlink: /home/aaphatak/ros2_ws/install/turtlesim/include/turtlesim/turtlesim/msg/detail/color__rosidl_typesupport_introspection_c.h
[0.410s] -- Up-to-date symlink: /home/aaphatak/ros2_ws/install/turtlesim/include/turtlesim/turtlesim/msg/detail/pose__rosidl_typesupport_introspection_c.h
[0.410s] -- Up-to-date symlink: /home/aaphatak/ros2_ws/install/turtlesim/include/turtlesim/turtlesim/msg/rosidl_typesupport_introspection_c__visibility_control.h
[0.410s] -- Up-to-date symlink: /home/aaphatak/ros2_ws/install/turtlesim/include/turtlesim/turtlesim/srv/detail/kill__rosidl_typesupport_introspection_c.h
[0.411s] -- Up-to-date symlink: /home/aaphatak/ros2_ws/install/turtlesim/include/turtlesim/turtlesim/srv/detail/set_pen__rosidl_typesupport_introspection_c.h
[0.411s] -- Up-to-date symlink: /home/aaphatak/ros2_ws/install/turtlesim/include/turtlesim/turtlesim/srv/detail/spawn__rosidl_typesupport_introspection_c.h
[0.411s] -- Up-to-date symlink: /home/aaphatak/ros2_ws/install/turtlesim/include/turtlesim/turtlesim/srv/detail/teleport_absolute__rosidl_typesupport_introspection_c.h
[0.411s] -- Up-to-date symlink: /home/aaphatak/ros2_ws/install/turtlesim/include/turtlesim/turtlesim/srv/detail/teleport_relative__rosidl_typesupport_introspection_c.h
[0.412s] -- Up-to-date symlink: /home/aaphatak/ros2_ws/install/turtlesim/include/turtlesim/turtlesim/action/detail/rotate_absolute__rosidl_typesupport_introspection_cpp.hpp
[0.412s] -- Up-to-date symlink: /home/aaphatak/ros2_ws/install/turtlesim/include/turtlesim/turtlesim/msg/detail/color__rosidl_typesupport_introspection_cpp.hpp
[0.412s] -- Up-to-date symlink: /home/aaphatak/ros2_ws/install/turtlesim/include/turtlesim/turtlesim/msg/detail/pose__rosidl_typesupport_introspection_cpp.hpp
[0.413s] -- Up-to-date symlink: /home/aaphatak/ros2_ws/install/turtlesim/include/turtlesim/turtlesim/srv/detail/kill__rosidl_typesupport_introspection_cpp.hpp
[0.413s] -- Up-to-date symlink: /home/aaphatak/ros2_ws/install/turtlesim/include/turtlesim/turtlesim/srv/detail/set_pen__rosidl_typesupport_introspection_cpp.hpp
[0.413s] -- Up-to-date symlink: /home/aaphatak/ros2_ws/install/turtlesim/include/turtlesim/turtlesim/srv/detail/spawn__rosidl_typesupport_introspection_cpp.hpp
[0.414s] -- Up-to-date symlink: /home/aaphatak/ros2_ws/install/turtlesim/include/turtlesim/turtlesim/srv/detail/teleport_absolute__rosidl_typesupport_introspection_cpp.hpp
[0.414s] -- Up-to-date symlink: /home/aaphatak/ros2_ws/install/turtlesim/include/turtlesim/turtlesim/srv/detail/teleport_relative__rosidl_typesupport_introspection_cpp.hpp
[0.416s] -- Up-to-date symlink: /home/aaphatak/ros2_ws/install/turtlesim/share/turtlesim/environment/pythonpath.sh
[0.416s] -- Up-to-date symlink: /home/aaphatak/ros2_ws/install/turtlesim/share/turtlesim/environment/pythonpath.dsv
[0.416s] -- Up-to-date symlink: /home/aaphatak/ros2_ws/install/turtlesim/lib/python3.12/site-packages/turtlesim-1.8.3-py3.12.egg-info/PKG-INFO
[0.416s] -- Up-to-date symlink: /home/aaphatak/ros2_ws/install/turtlesim/lib/python3.12/site-packages/turtlesim-1.8.3-py3.12.egg-info/SOURCES.txt
[0.416s] -- Up-to-date symlink: /home/aaphatak/ros2_ws/install/turtlesim/lib/python3.12/site-packages/turtlesim-1.8.3-py3.12.egg-info/dependency_links.txt
[0.416s] -- Up-to-date symlink: /home/aaphatak/ros2_ws/install/turtlesim/lib/python3.12/site-packages/turtlesim-1.8.3-py3.12.egg-info/top_level.txt
[0.416s] -- Up-to-date symlink: /home/aaphatak/ros2_ws/install/turtlesim/lib/python3.12/site-packages/turtlesim/__init__.py
[0.416s] -- Up-to-date symlink: /home/aaphatak/ros2_ws/install/turtlesim/lib/python3.12/site-packages/turtlesim/_turtlesim_s.ep.rosidl_typesupport_c.c
[0.417s] -- Up-to-date symlink: /home/aaphatak/ros2_ws/install/turtlesim/lib/python3.12/site-packages/turtlesim/_turtlesim_s.ep.rosidl_typesupport_fastrtps_c.c
[0.417s] -- Up-to-date symlink: /home/aaphatak/ros2_ws/install/turtlesim/lib/python3.12/site-packages/turtlesim/_turtlesim_s.ep.rosidl_typesupport_introspection_c.c
[0.417s] -- Up-to-date symlink: /home/aaphatak/ros2_ws/install/turtlesim/lib/python3.12/site-packages/turtlesim/action/__init__.py
[0.417s] -- Up-to-date symlink: /home/aaphatak/ros2_ws/install/turtlesim/lib/python3.12/site-packages/turtlesim/action/_rotate_absolute.py
[0.418s] -- Up-to-date symlink: /home/aaphatak/ros2_ws/install/turtlesim/lib/python3.12/site-packages/turtlesim/action/_rotate_absolute_s.c
[0.418s] -- Up-to-date symlink: /home/aaphatak/ros2_ws/install/turtlesim/lib/python3.12/site-packages/turtlesim/msg/__init__.py
[0.418s] -- Up-to-date symlink: /home/aaphatak/ros2_ws/install/turtlesim/lib/python3.12/site-packages/turtlesim/msg/_color.py
[0.418s] -- Up-to-date symlink: /home/aaphatak/ros2_ws/install/turtlesim/lib/python3.12/site-packages/turtlesim/msg/_color_s.c
[0.418s] -- Up-to-date symlink: /home/aaphatak/ros2_ws/install/turtlesim/lib/python3.12/site-packages/turtlesim/msg/_pose.py
[0.419s] -- Up-to-date symlink: /home/aaphatak/ros2_ws/install/turtlesim/lib/python3.12/site-packages/turtlesim/msg/_pose_s.c
[0.419s] -- Up-to-date symlink: /home/aaphatak/ros2_ws/install/turtlesim/lib/python3.12/site-packages/turtlesim/srv/__init__.py
[0.419s] -- Up-to-date symlink: /home/aaphatak/ros2_ws/install/turtlesim/lib/python3.12/site-packages/turtlesim/srv/_kill.py
[0.420s] -- Up-to-date symlink: /home/aaphatak/ros2_ws/install/turtlesim/lib/python3.12/site-packages/turtlesim/srv/_kill_s.c
[0.420s] -- Up-to-date symlink: /home/aaphatak/ros2_ws/install/turtlesim/lib/python3.12/site-packages/turtlesim/srv/_set_pen.py
[0.420s] -- Up-to-date symlink: /home/aaphatak/ros2_ws/install/turtlesim/lib/python3.12/site-packages/turtlesim/srv/_set_pen_s.c
[0.420s] -- Up-to-date symlink: /home/aaphatak/ros2_ws/install/turtlesim/lib/python3.12/site-packages/turtlesim/srv/_spawn.py
[0.420s] -- Up-to-date symlink: /home/aaphatak/ros2_ws/install/turtlesim/lib/python3.12/site-packages/turtlesim/srv/_spawn_s.c
[0.421s] -- Up-to-date symlink: /home/aaphatak/ros2_ws/install/turtlesim/lib/python3.12/site-packages/turtlesim/srv/_teleport_absolute.py
[0.421s] -- Up-to-date symlink: /home/aaphatak/ros2_ws/install/turtlesim/lib/python3.12/site-packages/turtlesim/srv/_teleport_absolute_s.c
[0.421s] -- Up-to-date symlink: /home/aaphatak/ros2_ws/install/turtlesim/lib/python3.12/site-packages/turtlesim/srv/_teleport_relative.py
[0.421s] -- Up-to-date symlink: /home/aaphatak/ros2_ws/install/turtlesim/lib/python3.12/site-packages/turtlesim/srv/_teleport_relative_s.c
[0.421s] -- Up-to-date symlink: /home/aaphatak/ros2_ws/install/turtlesim/lib/python3.12/site-packages/turtlesim/turtlesim_s__rosidl_typesupport_c.so
[0.421s] -- Up-to-date symlink: /home/aaphatak/ros2_ws/install/turtlesim/lib/python3.12/site-packages/turtlesim/turtlesim_s__rosidl_typesupport_fastrtps_c.so
[0.422s] -- Up-to-date symlink: /home/aaphatak/ros2_ws/install/turtlesim/lib/python3.12/site-packages/turtlesim/turtlesim_s__rosidl_typesupport_introspection_c.so
[0.422s] -- Up-to-date symlink: /home/aaphatak/ros2_ws/install/turtlesim/lib/python3.12/site-packages/turtlesim/turtlesim_s__rosidl_typesupport_fastrtps_c.so
[0.423s] -- Up-to-date symlink: /home/aaphatak/ros2_ws/install/turtlesim/lib/python3.12/site-packages/turtlesim/turtlesim_s__rosidl_typesupport_introspection_c.so
[0.423s] -- Up-to-date symlink: /home/aaphatak/ros2_ws/install/turtlesim/lib/python3.12/site-packages/turtlesim/turtlesim_s__rosidl_typesupport_c.so
[0.423s] -- Up-to-date symlink: /home/aaphatak/ros2_ws/install/turtlesim/share/turtlesim/action/RotateAbsolute.idl
[0.423s] -- Up-to-date symlink: /home/aaphatak/ros2_ws/install/turtlesim/share/turtlesim/msg/Color.idl
[0.424s] -- Up-to-date symlink: /home/aaphatak/ros2_ws/install/turtlesim/share/turtlesim/msg/Pose.idl
[0.424s] -- Up-to-date symlink: /home/aaphatak/ros2_ws/install/turtlesim/share/turtlesim/srv/Kill.idl
[0.424s] -- Up-to-date symlink: /home/aaphatak/ros2_ws/install/turtlesim/share/turtlesim/srv/SetPen.idl
[0.425s] -- Up-to-date symlink: /home/aaphatak/ros2_ws/install/turtlesim/share/turtlesim/srv/Spawn.idl
[0.425s] -- Up-to-date symlink: /home/aaphatak/ros2_ws/install/turtlesim/share/turtlesim/srv/TeleportAbsolute.idl
[0.425s] -- Up-to-date symlink: /home/aaphatak/ros2_ws/install/turtlesim/share/turtlesim/srv/TeleportRelative.idl
[0.425s] -- Up-to-date symlink: /home/aaphatak/ros2_ws/install/turtlesim/share/turtlesim/action/RotateAbsolute.action
[0.425s] -- Up-to-date symlink: /home/aaphatak/ros2_ws/install/turtlesim/share/turtlesim/msg/Color.msg
[0.426s] -- Up-to-date symlink: /home/aaphatak/ros2_ws/install/turtlesim/share/turtlesim/msg/Pose.msg
[0.426s] -- Up-to-date symlink: /home/aaphatak/ros2_ws/install/turtlesim/share/turtlesim/srv/Kill.srv
[0.427s] -- Up-to-date symlink: /home/aaphatak/ros2_ws/install/turtlesim/share/turtlesim/srv/SetPen.srv
[0.427s] -- Up-to-date symlink: /home/aaphatak/ros2_ws/install/turtlesim/share/turtlesim/srv/Spawn.srv
[0.427s] -- Up-to-date symlink: /home/aaphatak/ros2_ws/install/turtlesim/share/turtlesim/srv/TeleportAbsolute.srv
[0.427s] -- Up-to-date symlink: /home/aaphatak/ros2_ws/install/turtlesim/share/turtlesim/srv/TeleportRelative.srv
[0.428s] -- Up-to-date symlink: /home/aaphatak/ros2_ws/install/turtlesim/lib/turtlesim/turtlesim_node
[0.428s] -- Up-to-date symlink: /home/aaphatak/ros2_ws/install/turtlesim/lib/turtlesim/turtle_teleop_key
[0.428s] -- Up-to-date symlink: /home/aaphatak/ros2_ws/install/turtlesim/lib/turtlesim/draw_square
[0.428s] -- Up-to-date symlink: /home/aaphatak/ros2_ws/install/turtlesim/lib/turtlesim/mimic
[0.429s] -- Up-to-date symlink: /home/aaphatak/ros2_ws/install/turtlesim/share/turtlesim/launch/multisim.launch.py
[0.429s] -- Up-to-date symlink: /home/aaphatak/ros2_ws/install/turtlesim/share/ament_index/resource_index/package_run_dependencies/turtlesim
[0.429s] -- Up-to-date symlink: /home/aaphatak/ros2_ws/install/turtlesim/share/ament_index/resource_index/parent_prefix_path/turtlesim
[0.430s] -- Up-to-date symlink: /home/aaphatak/ros2_ws/install/turtlesim/share/turtlesim/environment/ament_prefix_path.sh
[0.430s] -- Up-to-date symlink: /home/aaphatak/ros2_ws/install/turtlesim/share/turtlesim/environment/ament_prefix_path.dsv
[0.430s] -- Up-to-date symlink: /home/aaphatak/ros2_ws/install/turtlesim/share/turtlesim/environment/path.sh
[0.430s] -- Up-to-date symlink: /home/aaphatak/ros2_ws/install/turtlesim/share/turtlesim/environment/path.dsv
[0.430s] -- Up-to-date symlink: /home/aaphatak/ros2_ws/install/turtlesim/share/turtlesim/local_setup.bash
[0.430s] -- Up-to-date symlink: /home/aaphatak/ros2_ws/install/turtlesim/share/turtlesim/local_setup.sh
[0.431s] -- Up-to-date symlink: /home/aaphatak/ros2_ws/install/turtlesim/share/turtlesim/local_setup.zsh
[0.431s] -- Up-to-date symlink: /home/aaphatak/ros2_ws/install/turtlesim/share/turtlesim/local_setup.dsv
[0.431s] -- Symlinking: /home/aaphatak/ros2_ws/install/turtlesim/share/turtlesim/package.dsv
[0.436s] -- Up-to-date symlink: /home/aaphatak/ros2_ws/install/turtlesim/share/ament_index/resource_index/packages/turtlesim
[0.437s] -- Up-to-date symlink: /home/aaphatak/ros2_ws/install/turtlesim/share/turtlesim/cmake/rosidl_cmake-extras.cmake
[0.437s] -- Up-to-date symlink: /home/aaphatak/ros2_ws/install/turtlesim/share/turtlesim/cmake/ament_cmake_export_dependencies-extras.cmake
[0.437s] -- Up-to-date symlink: /home/aaphatak/ros2_ws/install/turtlesim/share/turtlesim/cmake/ament_cmake_export_include_directories-extras.cmake
[0.437s] -- Up-to-date symlink: /home/aaphatak/ros2_ws/install/turtlesim/share/turtlesim/cmake/ament_cmake_export_libraries-extras.cmake
[0.437s] -- Up-to-date symlink: /home/aaphatak/ros2_ws/install/turtlesim/share/turtlesim/cmake/ament_cmake_export_targets-extras.cmake
[0.438s] -- Up-to-date symlink: /home/aaphatak/ros2_ws/install/turtlesim/share/turtlesim/cmake/rosidl_cmake_export_typesupport_targets-extras.cmake
[0.438s] -- Up-to-date symlink: /home/aaphatak/ros2_ws/install/turtlesim/share/turtlesim/cmake/rosidl_cmake_export_typesupport_libraries-extras.cmake
[0.438s] -- Up-to-date symlink: /home/aaphatak/ros2_ws/install/turtlesim/share/turtlesim/cmake/turtlesimConfig.cmake
[0.438s] -- Up-to-date symlink: /home/aaphatak/ros2_ws/install/turtlesim/share/turtlesim/cmake/turtlesimConfig-version.cmake
[0.439s] -- Up-to-date symlink: /home/aaphatak/ros2_ws/install/turtlesim/share/turtlesim/package.xml
[0.442s] -- Up-to-date: /home/aaphatak/ros2_ws/install/turtlesim/lib/libturtlesim__rosidl_generator_c.so
[0.446s] -- Up-to-date: /home/aaphatak/ros2_ws/install/turtlesim/lib/libturtlesim__rosidl_typesupport_fastrtps_c.so
[0.448s] -- Up-to-date: /home/aaphatak/ros2_ws/install/turtlesim/lib/libturtlesim__rosidl_typesupport_fastrtps_cpp.so
[0.449s] -- Up-to-date: /home/aaphatak/ros2_ws/install/turtlesim/lib/libturtlesim__rosidl_typesupport_introspection_c.so
[0.450s] -- Up-to-date: /home/aaphatak/ros2_ws/install/turtlesim/lib/libturtlesim__rosidl_typesupport_c.so
[0.451s] -- Up-to-date: /home/aaphatak/ros2_ws/install/turtlesim/lib/libturtlesim__rosidl_typesupport_introspection_cpp.so
[0.452s] -- Up-to-date: /home/aaphatak/ros2_ws/install/turtlesim/lib/libturtlesim__rosidl_typesupport_cpp.so
[0.473s] Listing '/home/aaphatak/ros2_ws/install/turtlesim/lib/python3.12/site-packages/turtlesim'...
[0.473s] Listing '/home/aaphatak/ros2_ws/install/turtlesim/lib/python3.12/site-packages/turtlesim/action'...
[0.473s] Listing '/home/aaphatak/ros2_ws/install/turtlesim/lib/python3.12/site-packages/turtlesim/msg'...
[0.473s] Listing '/home/aaphatak/ros2_ws/install/turtlesim/lib/python3.12/site-packages/turtlesim/srv'...
[0.477s] -- Up-to-date: /home/aaphatak/ros2_ws/install/turtlesim/lib/libturtlesim__rosidl_generator_py.so
[0.477s] -- Up-to-date: /home/aaphatak/ros2_ws/install/turtlesim/share/turtlesim/images
[0.477s] -- Up-to-date: /home/aaphatak/ros2_ws/install/turtlesim/share/turtlesim/images/iron.png
[0.477s] -- Up-to-date: /home/aaphatak/ros2_ws/install/turtlesim/share/turtlesim/images/eloquent.png
[0.478s] -- Up-to-date: /home/aaphatak/ros2_ws/install/turtlesim/share/turtlesim/images/jazzy.png
[0.478s] -- Up-to-date: /home/aaphatak/ros2_ws/install/turtlesim/share/turtlesim/images/bouncy.png
[0.478s] -- Up-to-date: /home/aaphatak/ros2_ws/install/turtlesim/share/turtlesim/images/galactic.png
[0.478s] -- Up-to-date: /home/aaphatak/ros2_ws/install/turtlesim/share/turtlesim/images/dashing.png
[0.478s] -- Up-to-date: /home/aaphatak/ros2_ws/install/turtlesim/share/turtlesim/images/humble.png
[0.478s] -- Up-to-date: /home/aaphatak/ros2_ws/install/turtlesim/share/turtlesim/images/crystal.png
[0.478s] -- Up-to-date: /home/aaphatak/ros2_ws/install/turtlesim/share/turtlesim/images/ardent.png
[0.478s] -- Up-to-date: /home/aaphatak/ros2_ws/install/turtlesim/share/turtlesim/images/foxy.png
[0.478s] -- Up-to-date: /home/aaphatak/ros2_ws/install/turtlesim/share/turtlesim/images/rolling.png
[0.478s] -- Up-to-date: /home/aaphatak/ros2_ws/install/turtlesim/share/turtlesim/cmake/export_turtlesim__rosidl_generator_cExport.cmake
[0.478s] -- Up-to-date: /home/aaphatak/ros2_ws/install/turtlesim/share/turtlesim/cmake/export_turtlesim__rosidl_generator_cExport-noconfig.cmake
[0.478s] -- Up-to-date: /home/aaphatak/ros2_ws/install/turtlesim/share/turtlesim/cmake/export_turtlesim__rosidl_typesupport_fastrtps_cExport.cmake
[0.479s] -- Up-to-date: /home/aaphatak/ros2_ws/install/turtlesim/share/turtlesim/cmake/export_turtlesim__rosidl_typesupport_fastrtps_cExport-noconfig.cmake
[0.479s] -- Up-to-date: /home/aaphatak/ros2_ws/install/turtlesim/share/turtlesim/cmake/export_turtlesim__rosidl_generator_cppExport.cmake
[0.479s] -- Up-to-date: /home/aaphatak/ros2_ws/install/turtlesim/share/turtlesim/cmake/export_turtlesim__rosidl_typesupport_fastrtps_cppExport.cmake
[0.479s] -- Up-to-date: /home/aaphatak/ros2_ws/install/turtlesim/share/turtlesim/cmake/export_turtlesim__rosidl_typesupport_fastrtps_cppExport-noconfig.cmake
[0.480s] -- Up-to-date: /home/aaphatak/ros2_ws/install/turtlesim/share/turtlesim/cmake/turtlesim__rosidl_typesupport_introspection_cExport.cmake
[0.480s] -- Up-to-date: /home/aaphatak/ros2_ws/install/turtlesim/share/turtlesim/cmake/turtlesim__rosidl_typesupport_introspection_cExport-noconfig.cmake
[0.480s] -- Up-to-date: /home/aaphatak/ros2_ws/install/turtlesim/share/turtlesim/cmake/turtlesim__rosidl_typesupport_cExport.cmake
[0.480s] -- Up-to-date: /home/aaphatak/ros2_ws/install/turtlesim/share/turtlesim/cmake/turtlesim__rosidl_typesupport_cExport-noconfig.cmake
[0.480s] -- Up-to-date: /home/aaphatak/ros2_ws/install/turtlesim/share/turtlesim/cmake/turtlesim__rosidl_typesupport_introspection_cppExport.cmake
[0.480s] -- Up-to-date: /home/aaphatak/ros2_ws/install/turtlesim/share/turtlesim/cmake/turtlesim__rosidl_typesupport_introspection_cppExport-noconfig.cmake
[0.481s] -- Up-to-date: /home/aaphatak/ros2_ws/install/turtlesim/share/turtlesim/cmake/turtlesim__rosidl_typesupport_cppExport.cmake
[0.481s] -- Up-to-date: /home/aaphatak/ros2_ws/install/turtlesim/share/turtlesim/cmake/turtlesim__rosidl_typesupport_cppExport-noconfig.cmake
[0.481s] -- Up-to-date: /home/aaphatak/ros2_ws/install/turtlesim/share/turtlesim/cmake/export_turtlesim__rosidl_generator_pyExport.cmake
[0.481s] -- Up-to-date: /home/aaphatak/ros2_ws/install/turtlesim/share/turtlesim/cmake/export_turtlesim__rosidl_generator_pyExport-noconfig.cmake
[0.483s] Invoked command in '/home/aaphatak/ros2_ws/build/turtlesim' returned '0': CMAKE_PREFIX_PATH=${CMAKE_PREFIX_PATH}:/home/aaphatak/ros2_ws/install/turtlebot3_teleop:/home/aaphatak/ros2_ws/install/turtlebot3_example:/home/aaphatak/turtlebot3_ws/install/turtlebot3_teleop:/home/aaphatak/turtlebot3_ws/install/turtlebot3_example:/opt/ros/jazzy DEBUGINFOD_URLS=https://debuginfod.ubuntu.com /usr/bin/cmake --install /home/aaphatak/ros2_ws/build/turtlesim
