[1.641s] Invoking command in '/home/aaphatak/ros2_ws/build/turtlebot3_example': AMENT_PREFIX_PATH=/home/aaphatak/ros2_ws/install/turtlebot3_msgs:${AMENT_PREFIX_PATH} CMAKE_PREFIX_PATH=/home/aaphatak/ros2_ws/install/turtlebot3_msgs:${CMAKE_PREFIX_PATH} DEBUGINFOD_URLS=https://debuginfod.ubuntu.com LD_LIBRARY_PATH=/home/aaphatak/ros2_ws/install/turtlebot3_msgs/lib:${LD_LIBRARY_PATH} PYTHONPATH=/home/aaphatak/ros2_ws/build/turtlebot3_example/prefix_override:/usr/lib/python3/dist-packages/colcon_core/task/python/colcon_distutils_commands:/home/aaphatak/ros2_ws/install/turtlebot3_example/lib/python3.12/site-packages:/home/aaphatak/ros2_ws/install/turtlebot3_msgs/lib/python3.12/site-packages:${PYTHONPATH} /usr/bin/python3 -W ignore:setup.py install is deprecated -W ignore:easy_install command is deprecated setup.py develop --editable --build-directory /home/aaphatak/ros2_ws/build/turtlebot3_example/build --no-deps symlink_data
[1.917s] running develop
[2.103s] running egg_info
[2.103s] creating turtlebot3_example.egg-info
[2.125s] writing turtlebot3_example.egg-info/PKG-INFO
[2.125s] writing dependency_links to turtlebot3_example.egg-info/dependency_links.txt
[2.125s] writing entry points to turtlebot3_example.egg-info/entry_points.txt
[2.125s] writing requirements to turtlebot3_example.egg-info/requires.txt
[2.125s] writing top-level names to turtlebot3_example.egg-info/top_level.txt
[2.126s] writing manifest file 'turtlebot3_example.egg-info/SOURCES.txt'
[2.227s] reading manifest file 'turtlebot3_example.egg-info/SOURCES.txt'
[2.227s] writing manifest file 'turtlebot3_example.egg-info/SOURCES.txt'
[2.269s] running build_ext
[2.269s] Creating /home/aaphatak/ros2_ws/install/turtlebot3_example/lib/python3.12/site-packages/turtlebot3-example.egg-link (link to .)
[2.271s] Installing turtlebot3_absolute_move script to /home/aaphatak/ros2_ws/install/turtlebot3_example/lib/turtlebot3_example
[2.271s] Installing turtlebot3_interactive_marker script to /home/aaphatak/ros2_ws/install/turtlebot3_example/lib/turtlebot3_example
[2.271s] Installing turtlebot3_obstacle_detection script to /home/aaphatak/ros2_ws/install/turtlebot3_example/lib/turtlebot3_example
[2.272s] Installing turtlebot3_patrol_client script to /home/aaphatak/ros2_ws/install/turtlebot3_example/lib/turtlebot3_example
[2.272s] Installing turtlebot3_patrol_server script to /home/aaphatak/ros2_ws/install/turtlebot3_example/lib/turtlebot3_example
[2.272s] Installing turtlebot3_relative_move script to /home/aaphatak/ros2_ws/install/turtlebot3_example/lib/turtlebot3_example
[2.272s] 
[2.272s] Installed /home/aaphatak/ros2_ws/build/turtlebot3_example
[2.272s] running symlink_data
[2.273s] creating /home/aaphatak/ros2_ws/install/turtlebot3_example/share/ament_index
[2.274s] creating /home/aaphatak/ros2_ws/install/turtlebot3_example/share/ament_index/resource_index
[2.274s] creating /home/aaphatak/ros2_ws/install/turtlebot3_example/share/ament_index/resource_index/packages
[2.274s] symbolically linking /home/aaphatak/ros2_ws/build/turtlebot3_example/resource/turtlebot3_example -> /home/aaphatak/ros2_ws/install/turtlebot3_example/share/ament_index/resource_index/packages
[2.274s] symbolically linking /home/aaphatak/ros2_ws/build/turtlebot3_example/package.xml -> /home/aaphatak/ros2_ws/install/turtlebot3_example/share/turtlebot3_example
[2.311s] Invoked command in '/home/aaphatak/ros2_ws/build/turtlebot3_example' returned '0': AMENT_PREFIX_PATH=/home/aaphatak/ros2_ws/install/turtlebot3_msgs:${AMENT_PREFIX_PATH} CMAKE_PREFIX_PATH=/home/aaphatak/ros2_ws/install/turtlebot3_msgs:${CMAKE_PREFIX_PATH} DEBUGINFOD_URLS=https://debuginfod.ubuntu.com LD_LIBRARY_PATH=/home/aaphatak/ros2_ws/install/turtlebot3_msgs/lib:${LD_LIBRARY_PATH} PYTHONPATH=/home/aaphatak/ros2_ws/build/turtlebot3_example/prefix_override:/usr/lib/python3/dist-packages/colcon_core/task/python/colcon_distutils_commands:/home/aaphatak/ros2_ws/install/turtlebot3_example/lib/python3.12/site-packages:/home/aaphatak/ros2_ws/install/turtlebot3_msgs/lib/python3.12/site-packages:${PYTHONPATH} /usr/bin/python3 -W ignore:setup.py install is deprecated -W ignore:easy_install command is deprecated setup.py develop --editable --build-directory /home/aaphatak/ros2_ws/build/turtlebot3_example/build --no-deps symlink_data
