[0.464s] Invoking command in '/home/aaphatak/ros2_ws/build/turtlebot3_teleop': DEBUGINFOD_URLS=https://debuginfod.ubuntu.com PYTHONPATH=/home/aaphatak/ros2_ws/build/turtlebot3_teleop/prefix_override:/usr/lib/python3/dist-packages/colcon_core/task/python/colcon_distutils_commands:/home/aaphatak/ros2_ws/install/turtlebot3_teleop/lib/python3.12/site-packages:${PYTHONPATH} /usr/bin/python3 -W ignore:setup.py install is deprecated -W ignore:easy_install command is deprecated setup.py develop --editable --build-directory /home/aaphatak/ros2_ws/build/turtlebot3_teleop/build --no-deps symlink_data
[0.655s] running develop
[0.748s] running egg_info
[0.748s] creating turtlebot3_teleop.egg-info
[0.760s] writing turtlebot3_teleop.egg-info/PKG-INFO
[0.760s] writing dependency_links to turtlebot3_teleop.egg-info/dependency_links.txt
[0.760s] writing entry points to turtlebot3_teleop.egg-info/entry_points.txt
[0.760s] writing requirements to turtlebot3_teleop.egg-info/requires.txt
[0.760s] writing top-level names to turtlebot3_teleop.egg-info/top_level.txt
[0.760s] writing manifest file 'turtlebot3_teleop.egg-info/SOURCES.txt'
[0.786s] reading manifest file 'turtlebot3_teleop.egg-info/SOURCES.txt'
[0.786s] writing manifest file 'turtlebot3_teleop.egg-info/SOURCES.txt'
[0.808s] running build_ext
[0.808s] Creating /home/aaphatak/ros2_ws/install/turtlebot3_teleop/lib/python3.12/site-packages/turtlebot3-teleop.egg-link (link to .)
[0.808s] Installing teleop_keyboard script to /home/aaphatak/ros2_ws/install/turtlebot3_teleop/lib/turtlebot3_teleop
[0.808s] 
[0.808s] Installed /home/aaphatak/ros2_ws/build/turtlebot3_teleop
[0.808s] running symlink_data
[0.808s] creating /home/aaphatak/ros2_ws/install/turtlebot3_teleop/share/ament_index
[0.808s] creating /home/aaphatak/ros2_ws/install/turtlebot3_teleop/share/ament_index/resource_index
[0.808s] creating /home/aaphatak/ros2_ws/install/turtlebot3_teleop/share/ament_index/resource_index/packages
[0.809s] symbolically linking /home/aaphatak/ros2_ws/build/turtlebot3_teleop/resource/turtlebot3_teleop -> /home/aaphatak/ros2_ws/install/turtlebot3_teleop/share/ament_index/resource_index/packages
[0.809s] symbolically linking /home/aaphatak/ros2_ws/build/turtlebot3_teleop/package.xml -> /home/aaphatak/ros2_ws/install/turtlebot3_teleop/share/turtlebot3_teleop
[0.831s] Invoked command in '/home/aaphatak/ros2_ws/build/turtlebot3_teleop' returned '0': DEBUGINFOD_URLS=https://debuginfod.ubuntu.com PYTHONPATH=/home/aaphatak/ros2_ws/build/turtlebot3_teleop/prefix_override:/usr/lib/python3/dist-packages/colcon_core/task/python/colcon_distutils_commands:/home/aaphatak/ros2_ws/install/turtlebot3_teleop/lib/python3.12/site-packages:${PYTHONPATH} /usr/bin/python3 -W ignore:setup.py install is deprecated -W ignore:easy_install command is deprecated setup.py develop --editable --build-directory /home/aaphatak/ros2_ws/build/turtlebot3_teleop/build --no-deps symlink_data
