[0.017s] Invoking command in '/home/aaphatak/ros2_ws/build/turtlebot3_msgs': CMAKE_PREFIX_PATH=${CMAKE_PREFIX_PATH}:/home/aaphatak/ros2_ws/install/turtlebot3_teleop:/home/aaphatak/ros2_ws/install/turtlebot3_example:/home/aaphatak/turtlebot3_ws/install/turtlebot3_teleop:/home/aaphatak/turtlebot3_ws/install/turtlebot3_example:/opt/ros/jazzy DEBUGINFOD_URLS=https://debuginfod.ubuntu.com /usr/bin/cmake --build /home/aaphatak/ros2_ws/build/turtlebot3_msgs -- -j4 -l4
[0.105s] [  1%] Built target turtlebot3_msgs__rosidl_generator_type_description
[0.106s] [  1%] Built target ament_cmake_python_symlink_turtlebot3_msgs
[0.132s] [  2%] Built target turtlebot3_msgs__cpp
[0.143s] [ 26%] Built target turtlebot3_msgs__rosidl_generator_c
[0.203s] [ 36%] Built target turtlebot3_msgs__rosidl_typesupport_fastrtps_c
[0.206s] [ 54%] Built target turtlebot3_msgs__rosidl_typesupport_cpp
[0.206s] [ 55%] Built target turtlebot3_msgs__rosidl_typesupport_fastrtps_cpp
[0.236s] [ 64%] Built target turtlebot3_msgs__rosidl_typesupport_c
[0.240s] [ 74%] Built target turtlebot3_msgs__rosidl_typesupport_introspection_c
[0.246s] [ 84%] Built target turtlebot3_msgs__rosidl_typesupport_introspection_cpp
[0.262s] [ 84%] Built target turtlebot3_msgs
[0.291s] [ 85%] Built target turtlebot3_msgs__py
[0.330s] [ 93%] Built target turtlebot3_msgs__rosidl_generator_py
[0.336s] running egg_info
[0.347s] writing turtlebot3_msgs.egg-info/PKG-INFO
[0.348s] writing dependency_links to turtlebot3_msgs.egg-info/dependency_links.txt
[0.348s] writing top-level names to turtlebot3_msgs.egg-info/top_level.txt
[0.355s] [ 95%] Built target turtlebot3_msgs_s__rosidl_typesupport_fastrtps_c
[0.361s] [ 97%] Built target turtlebot3_msgs_s__rosidl_typesupport_introspection_c
[0.363s] [100%] Built target turtlebot3_msgs_s__rosidl_typesupport_c
[0.388s] reading manifest file 'turtlebot3_msgs.egg-info/SOURCES.txt'
[0.388s] writing manifest file 'turtlebot3_msgs.egg-info/SOURCES.txt'
[0.419s] [100%] Built target ament_cmake_python_build_turtlebot3_msgs_egg
[0.486s] Invoked command in '/home/aaphatak/ros2_ws/build/turtlebot3_msgs' returned '0': CMAKE_PREFIX_PATH=${CMAKE_PREFIX_PATH}:/home/aaphatak/ros2_ws/install/turtlebot3_teleop:/home/aaphatak/ros2_ws/install/turtlebot3_example:/home/aaphatak/turtlebot3_ws/install/turtlebot3_teleop:/home/aaphatak/turtlebot3_ws/install/turtlebot3_example:/opt/ros/jazzy DEBUGINFOD_URLS=https://debuginfod.ubuntu.com /usr/bin/cmake --build /home/aaphatak/ros2_ws/build/turtlebot3_msgs -- -j4 -l4
[0.488s] Invoking command in '/home/aaphatak/ros2_ws/build/turtlebot3_msgs': CMAKE_PREFIX_PATH=${CMAKE_PREFIX_PATH}:/home/aaphatak/ros2_ws/install/turtlebot3_teleop:/home/aaphatak/ros2_ws/install/turtlebot3_example:/home/aaphatak/turtlebot3_ws/install/turtlebot3_teleop:/home/aaphatak/turtlebot3_ws/install/turtlebot3_example:/opt/ros/jazzy DEBUGINFOD_URLS=https://debuginfod.ubuntu.com /usr/bin/cmake --install /home/aaphatak/ros2_ws/build/turtlebot3_msgs
[0.493s] -- Install configuration: ""
[0.496s] -- Execute custom install script
[0.496s] -- Up-to-date symlink: /home/aaphatak/ros2_ws/install/turtlebot3_msgs/share/ament_index/resource_index/rosidl_interfaces/turtlebot3_msgs
[0.496s] -- Up-to-date symlink: /home/aaphatak/ros2_ws/install/turtlebot3_msgs/share/turtlebot3_msgs/msg/SensorState.json
[0.496s] -- Up-to-date symlink: /home/aaphatak/ros2_ws/install/turtlebot3_msgs/share/turtlebot3_msgs/msg/Sound.json
[0.498s] -- Up-to-date symlink: /home/aaphatak/ros2_ws/install/turtlebot3_msgs/share/turtlebot3_msgs/msg/VersionInfo.json
[0.498s] -- Up-to-date symlink: /home/aaphatak/ros2_ws/install/turtlebot3_msgs/share/turtlebot3_msgs/srv/Sound.json
[0.499s] -- Up-to-date symlink: /home/aaphatak/ros2_ws/install/turtlebot3_msgs/share/turtlebot3_msgs/srv/Dqn.json
[0.499s] -- Up-to-date symlink: /home/aaphatak/ros2_ws/install/turtlebot3_msgs/share/turtlebot3_msgs/srv/Goal.json
[0.499s] -- Up-to-date symlink: /home/aaphatak/ros2_ws/install/turtlebot3_msgs/share/turtlebot3_msgs/action/Patrol.json
[0.501s] -- Up-to-date symlink: /home/aaphatak/ros2_ws/install/turtlebot3_msgs/include/turtlebot3_msgs/turtlebot3_msgs/action/detail/patrol__functions.h
[0.501s] -- Up-to-date symlink: /home/aaphatak/ros2_ws/install/turtlebot3_msgs/include/turtlebot3_msgs/turtlebot3_msgs/action/detail/patrol__struct.h
[0.501s] -- Up-to-date symlink: /home/aaphatak/ros2_ws/install/turtlebot3_msgs/include/turtlebot3_msgs/turtlebot3_msgs/action/detail/patrol__type_support.h
[0.502s] -- Up-to-date symlink: /home/aaphatak/ros2_ws/install/turtlebot3_msgs/include/turtlebot3_msgs/turtlebot3_msgs/action/patrol.h
[0.502s] -- Up-to-date symlink: /home/aaphatak/ros2_ws/install/turtlebot3_msgs/include/turtlebot3_msgs/turtlebot3_msgs/msg/detail/sensor_state__functions.h
[0.503s] -- Up-to-date symlink: /home/aaphatak/ros2_ws/install/turtlebot3_msgs/include/turtlebot3_msgs/turtlebot3_msgs/msg/detail/sensor_state__struct.h
[0.503s] -- Up-to-date symlink: /home/aaphatak/ros2_ws/install/turtlebot3_msgs/include/turtlebot3_msgs/turtlebot3_msgs/msg/detail/sensor_state__type_support.h
[0.503s] -- Up-to-date symlink: /home/aaphatak/ros2_ws/install/turtlebot3_msgs/include/turtlebot3_msgs/turtlebot3_msgs/msg/detail/sound__functions.h
[0.503s] -- Up-to-date symlink: /home/aaphatak/ros2_ws/install/turtlebot3_msgs/include/turtlebot3_msgs/turtlebot3_msgs/msg/detail/sound__struct.h
[0.503s] -- Up-to-date symlink: /home/aaphatak/ros2_ws/install/turtlebot3_msgs/include/turtlebot3_msgs/turtlebot3_msgs/msg/detail/sound__type_support.h
[0.504s] -- Up-to-date symlink: /home/aaphatak/ros2_ws/install/turtlebot3_msgs/include/turtlebot3_msgs/turtlebot3_msgs/msg/detail/version_info__functions.h
[0.504s] -- Up-to-date symlink: /home/aaphatak/ros2_ws/install/turtlebot3_msgs/include/turtlebot3_msgs/turtlebot3_msgs/msg/detail/version_info__struct.h
[0.504s] -- Up-to-date symlink: /home/aaphatak/ros2_ws/install/turtlebot3_msgs/include/turtlebot3_msgs/turtlebot3_msgs/msg/detail/version_info__type_support.h
[0.504s] -- Up-to-date symlink: /home/aaphatak/ros2_ws/install/turtlebot3_msgs/include/turtlebot3_msgs/turtlebot3_msgs/msg/rosidl_generator_c__visibility_control.h
[0.505s] -- Up-to-date symlink: /home/aaphatak/ros2_ws/install/turtlebot3_msgs/include/turtlebot3_msgs/turtlebot3_msgs/msg/sensor_state.h
[0.505s] -- Up-to-date symlink: /home/aaphatak/ros2_ws/install/turtlebot3_msgs/include/turtlebot3_msgs/turtlebot3_msgs/msg/sound.h
[0.505s] -- Up-to-date symlink: /home/aaphatak/ros2_ws/install/turtlebot3_msgs/include/turtlebot3_msgs/turtlebot3_msgs/msg/version_info.h
[0.505s] -- Up-to-date symlink: /home/aaphatak/ros2_ws/install/turtlebot3_msgs/include/turtlebot3_msgs/turtlebot3_msgs/srv/detail/dqn__functions.h
[0.506s] -- Up-to-date symlink: /home/aaphatak/ros2_ws/install/turtlebot3_msgs/include/turtlebot3_msgs/turtlebot3_msgs/srv/detail/dqn__struct.h
[0.506s] -- Up-to-date symlink: /home/aaphatak/ros2_ws/install/turtlebot3_msgs/include/turtlebot3_msgs/turtlebot3_msgs/srv/detail/dqn__type_support.h
[0.506s] -- Up-to-date symlink: /home/aaphatak/ros2_ws/install/turtlebot3_msgs/include/turtlebot3_msgs/turtlebot3_msgs/srv/detail/goal__functions.h
[0.506s] -- Up-to-date symlink: /home/aaphatak/ros2_ws/install/turtlebot3_msgs/include/turtlebot3_msgs/turtlebot3_msgs/srv/detail/goal__struct.h
[0.506s] -- Up-to-date symlink: /home/aaphatak/ros2_ws/install/turtlebot3_msgs/include/turtlebot3_msgs/turtlebot3_msgs/srv/detail/goal__type_support.h
[0.507s] -- Up-to-date symlink: /home/aaphatak/ros2_ws/install/turtlebot3_msgs/include/turtlebot3_msgs/turtlebot3_msgs/srv/detail/sound__functions.h
[0.507s] -- Up-to-date symlink: /home/aaphatak/ros2_ws/install/turtlebot3_msgs/include/turtlebot3_msgs/turtlebot3_msgs/srv/detail/sound__struct.h
[0.507s] -- Up-to-date symlink: /home/aaphatak/ros2_ws/install/turtlebot3_msgs/include/turtlebot3_msgs/turtlebot3_msgs/srv/detail/sound__type_support.h
[0.507s] -- Up-to-date symlink: /home/aaphatak/ros2_ws/install/turtlebot3_msgs/include/turtlebot3_msgs/turtlebot3_msgs/srv/dqn.h
[0.507s] -- Up-to-date symlink: /home/aaphatak/ros2_ws/install/turtlebot3_msgs/include/turtlebot3_msgs/turtlebot3_msgs/srv/goal.h
[0.507s] -- Up-to-date symlink: /home/aaphatak/ros2_ws/install/turtlebot3_msgs/include/turtlebot3_msgs/turtlebot3_msgs/srv/sound.h
[0.508s] -- Up-to-date symlink: /home/aaphatak/ros2_ws/install/turtlebot3_msgs/share/turtlebot3_msgs/environment/library_path.sh
[0.508s] -- Up-to-date symlink: /home/aaphatak/ros2_ws/install/turtlebot3_msgs/share/turtlebot3_msgs/environment/library_path.dsv
[0.508s] -- Up-to-date symlink: /home/aaphatak/ros2_ws/install/turtlebot3_msgs/include/turtlebot3_msgs/turtlebot3_msgs/action/detail/patrol__rosidl_typesupport_fastrtps_c.h
[0.508s] -- Up-to-date symlink: /home/aaphatak/ros2_ws/install/turtlebot3_msgs/include/turtlebot3_msgs/turtlebot3_msgs/msg/detail/sensor_state__rosidl_typesupport_fastrtps_c.h
[0.509s] -- Up-to-date symlink: /home/aaphatak/ros2_ws/install/turtlebot3_msgs/include/turtlebot3_msgs/turtlebot3_msgs/msg/detail/sound__rosidl_typesupport_fastrtps_c.h
[0.509s] -- Up-to-date symlink: /home/aaphatak/ros2_ws/install/turtlebot3_msgs/include/turtlebot3_msgs/turtlebot3_msgs/msg/detail/version_info__rosidl_typesupport_fastrtps_c.h
[0.509s] -- Up-to-date symlink: /home/aaphatak/ros2_ws/install/turtlebot3_msgs/include/turtlebot3_msgs/turtlebot3_msgs/msg/rosidl_typesupport_fastrtps_c__visibility_control.h
[0.509s] -- Up-to-date symlink: /home/aaphatak/ros2_ws/install/turtlebot3_msgs/include/turtlebot3_msgs/turtlebot3_msgs/srv/detail/dqn__rosidl_typesupport_fastrtps_c.h
[0.509s] -- Up-to-date symlink: /home/aaphatak/ros2_ws/install/turtlebot3_msgs/include/turtlebot3_msgs/turtlebot3_msgs/srv/detail/goal__rosidl_typesupport_fastrtps_c.h
[0.510s] -- Up-to-date symlink: /home/aaphatak/ros2_ws/install/turtlebot3_msgs/include/turtlebot3_msgs/turtlebot3_msgs/srv/detail/sound__rosidl_typesupport_fastrtps_c.h
[0.510s] -- Up-to-date symlink: /home/aaphatak/ros2_ws/install/turtlebot3_msgs/include/turtlebot3_msgs/turtlebot3_msgs/action/detail/patrol__builder.hpp
[0.511s] -- Up-to-date symlink: /home/aaphatak/ros2_ws/install/turtlebot3_msgs/include/turtlebot3_msgs/turtlebot3_msgs/action/detail/patrol__struct.hpp
[0.511s] -- Up-to-date symlink: /home/aaphatak/ros2_ws/install/turtlebot3_msgs/include/turtlebot3_msgs/turtlebot3_msgs/action/detail/patrol__traits.hpp
[0.511s] -- Up-to-date symlink: /home/aaphatak/ros2_ws/install/turtlebot3_msgs/include/turtlebot3_msgs/turtlebot3_msgs/action/detail/patrol__type_support.hpp
[0.511s] -- Up-to-date symlink: /home/aaphatak/ros2_ws/install/turtlebot3_msgs/include/turtlebot3_msgs/turtlebot3_msgs/action/patrol.hpp
[0.515s] -- Up-to-date symlink: /home/aaphatak/ros2_ws/install/turtlebot3_msgs/include/turtlebot3_msgs/turtlebot3_msgs/msg/detail/sensor_state__builder.hpp
[0.515s] -- Up-to-date symlink: /home/aaphatak/ros2_ws/install/turtlebot3_msgs/include/turtlebot3_msgs/turtlebot3_msgs/msg/detail/sensor_state__struct.hpp
[0.515s] -- Up-to-date symlink: /home/aaphatak/ros2_ws/install/turtlebot3_msgs/include/turtlebot3_msgs/turtlebot3_msgs/msg/detail/sensor_state__traits.hpp
[0.515s] -- Up-to-date symlink: /home/aaphatak/ros2_ws/install/turtlebot3_msgs/include/turtlebot3_msgs/turtlebot3_msgs/msg/detail/sensor_state__type_support.hpp
[0.515s] -- Up-to-date symlink: /home/aaphatak/ros2_ws/install/turtlebot3_msgs/include/turtlebot3_msgs/turtlebot3_msgs/msg/detail/sound__builder.hpp
[0.515s] -- Up-to-date symlink: /home/aaphatak/ros2_ws/install/turtlebot3_msgs/include/turtlebot3_msgs/turtlebot3_msgs/msg/detail/sound__struct.hpp
[0.515s] -- Up-to-date symlink: /home/aaphatak/ros2_ws/install/turtlebot3_msgs/include/turtlebot3_msgs/turtlebot3_msgs/msg/detail/sound__traits.hpp
[0.515s] -- Up-to-date symlink: /home/aaphatak/ros2_ws/install/turtlebot3_msgs/include/turtlebot3_msgs/turtlebot3_msgs/msg/detail/sound__type_support.hpp
[0.515s] -- Up-to-date symlink: /home/aaphatak/ros2_ws/install/turtlebot3_msgs/include/turtlebot3_msgs/turtlebot3_msgs/msg/detail/version_info__builder.hpp
[0.515s] -- Up-to-date symlink: /home/aaphatak/ros2_ws/install/turtlebot3_msgs/include/turtlebot3_msgs/turtlebot3_msgs/msg/detail/version_info__struct.hpp
[0.515s] -- Up-to-date symlink: /home/aaphatak/ros2_ws/install/turtlebot3_msgs/include/turtlebot3_msgs/turtlebot3_msgs/msg/detail/version_info__traits.hpp
[0.515s] -- Up-to-date symlink: /home/aaphatak/ros2_ws/install/turtlebot3_msgs/include/turtlebot3_msgs/turtlebot3_msgs/msg/detail/version_info__type_support.hpp
[0.515s] -- Up-to-date symlink: /home/aaphatak/ros2_ws/install/turtlebot3_msgs/include/turtlebot3_msgs/turtlebot3_msgs/msg/rosidl_generator_cpp__visibility_control.hpp
[0.515s] -- Up-to-date symlink: /home/aaphatak/ros2_ws/install/turtlebot3_msgs/include/turtlebot3_msgs/turtlebot3_msgs/msg/sensor_state.hpp
[0.515s] -- Up-to-date symlink: /home/aaphatak/ros2_ws/install/turtlebot3_msgs/include/turtlebot3_msgs/turtlebot3_msgs/msg/sound.hpp
[0.515s] -- Up-to-date symlink: /home/aaphatak/ros2_ws/install/turtlebot3_msgs/include/turtlebot3_msgs/turtlebot3_msgs/msg/version_info.hpp
[0.516s] -- Up-to-date symlink: /home/aaphatak/ros2_ws/install/turtlebot3_msgs/include/turtlebot3_msgs/turtlebot3_msgs/srv/detail/dqn__builder.hpp
[0.516s] -- Up-to-date symlink: /home/aaphatak/ros2_ws/install/turtlebot3_msgs/include/turtlebot3_msgs/turtlebot3_msgs/srv/detail/dqn__struct.hpp
[0.516s] -- Up-to-date symlink: /home/aaphatak/ros2_ws/install/turtlebot3_msgs/include/turtlebot3_msgs/turtlebot3_msgs/srv/detail/dqn__traits.hpp
[0.516s] -- Up-to-date symlink: /home/aaphatak/ros2_ws/install/turtlebot3_msgs/include/turtlebot3_msgs/turtlebot3_msgs/srv/detail/dqn__type_support.hpp
[0.516s] -- Up-to-date symlink: /home/aaphatak/ros2_ws/install/turtlebot3_msgs/include/turtlebot3_msgs/turtlebot3_msgs/srv/detail/goal__builder.hpp
[0.516s] -- Up-to-date symlink: /home/aaphatak/ros2_ws/install/turtlebot3_msgs/include/turtlebot3_msgs/turtlebot3_msgs/srv/detail/goal__struct.hpp
[0.516s] -- Up-to-date symlink: /home/aaphatak/ros2_ws/install/turtlebot3_msgs/include/turtlebot3_msgs/turtlebot3_msgs/srv/detail/goal__traits.hpp
[0.516s] -- Up-to-date symlink: /home/aaphatak/ros2_ws/install/turtlebot3_msgs/include/turtlebot3_msgs/turtlebot3_msgs/srv/detail/goal__type_support.hpp
[0.516s] -- Up-to-date symlink: /home/aaphatak/ros2_ws/install/turtlebot3_msgs/include/turtlebot3_msgs/turtlebot3_msgs/srv/detail/sound__builder.hpp
[0.516s] -- Up-to-date symlink: /home/aaphatak/ros2_ws/install/turtlebot3_msgs/include/turtlebot3_msgs/turtlebot3_msgs/srv/detail/sound__struct.hpp
[0.517s] -- Up-to-date symlink: /home/aaphatak/ros2_ws/install/turtlebot3_msgs/include/turtlebot3_msgs/turtlebot3_msgs/srv/detail/sound__traits.hpp
[0.517s] -- Up-to-date symlink: /home/aaphatak/ros2_ws/install/turtlebot3_msgs/include/turtlebot3_msgs/turtlebot3_msgs/srv/detail/sound__type_support.hpp
[0.517s] -- Up-to-date symlink: /home/aaphatak/ros2_ws/install/turtlebot3_msgs/include/turtlebot3_msgs/turtlebot3_msgs/srv/dqn.hpp
[0.517s] -- Up-to-date symlink: /home/aaphatak/ros2_ws/install/turtlebot3_msgs/include/turtlebot3_msgs/turtlebot3_msgs/srv/goal.hpp
[0.517s] -- Up-to-date symlink: /home/aaphatak/ros2_ws/install/turtlebot3_msgs/include/turtlebot3_msgs/turtlebot3_msgs/srv/sound.hpp
[0.518s] -- Up-to-date symlink: /home/aaphatak/ros2_ws/install/turtlebot3_msgs/include/turtlebot3_msgs/turtlebot3_msgs/action/detail/patrol__rosidl_typesupport_fastrtps_cpp.hpp
[0.518s] -- Up-to-date symlink: /home/aaphatak/ros2_ws/install/turtlebot3_msgs/include/turtlebot3_msgs/turtlebot3_msgs/msg/detail/sensor_state__rosidl_typesupport_fastrtps_cpp.hpp
[0.518s] -- Up-to-date symlink: /home/aaphatak/ros2_ws/install/turtlebot3_msgs/include/turtlebot3_msgs/turtlebot3_msgs/msg/detail/sound__rosidl_typesupport_fastrtps_cpp.hpp
[0.518s] -- Up-to-date symlink: /home/aaphatak/ros2_ws/install/turtlebot3_msgs/include/turtlebot3_msgs/turtlebot3_msgs/msg/detail/version_info__rosidl_typesupport_fastrtps_cpp.hpp
[0.519s] -- Up-to-date symlink: /home/aaphatak/ros2_ws/install/turtlebot3_msgs/include/turtlebot3_msgs/turtlebot3_msgs/msg/rosidl_typesupport_fastrtps_cpp__visibility_control.h
[0.519s] -- Up-to-date symlink: /home/aaphatak/ros2_ws/install/turtlebot3_msgs/include/turtlebot3_msgs/turtlebot3_msgs/srv/detail/dqn__rosidl_typesupport_fastrtps_cpp.hpp
[0.519s] -- Up-to-date symlink: /home/aaphatak/ros2_ws/install/turtlebot3_msgs/include/turtlebot3_msgs/turtlebot3_msgs/srv/detail/goal__rosidl_typesupport_fastrtps_cpp.hpp
[0.519s] -- Up-to-date symlink: /home/aaphatak/ros2_ws/install/turtlebot3_msgs/include/turtlebot3_msgs/turtlebot3_msgs/srv/detail/sound__rosidl_typesupport_fastrtps_cpp.hpp
[0.519s] -- Up-to-date symlink: /home/aaphatak/ros2_ws/install/turtlebot3_msgs/include/turtlebot3_msgs/turtlebot3_msgs/action/detail/patrol__rosidl_typesupport_introspection_c.h
[0.519s] -- Up-to-date symlink: /home/aaphatak/ros2_ws/install/turtlebot3_msgs/include/turtlebot3_msgs/turtlebot3_msgs/msg/detail/sensor_state__rosidl_typesupport_introspection_c.h
[0.520s] -- Up-to-date symlink: /home/aaphatak/ros2_ws/install/turtlebot3_msgs/include/turtlebot3_msgs/turtlebot3_msgs/msg/detail/sound__rosidl_typesupport_introspection_c.h
[0.520s] -- Up-to-date symlink: /home/aaphatak/ros2_ws/install/turtlebot3_msgs/include/turtlebot3_msgs/turtlebot3_msgs/msg/detail/version_info__rosidl_typesupport_introspection_c.h
[0.521s] -- Up-to-date symlink: /home/aaphatak/ros2_ws/install/turtlebot3_msgs/include/turtlebot3_msgs/turtlebot3_msgs/msg/rosidl_typesupport_introspection_c__visibility_control.h
[0.521s] -- Up-to-date symlink: /home/aaphatak/ros2_ws/install/turtlebot3_msgs/include/turtlebot3_msgs/turtlebot3_msgs/srv/detail/dqn__rosidl_typesupport_introspection_c.h
[0.521s] -- Up-to-date symlink: /home/aaphatak/ros2_ws/install/turtlebot3_msgs/include/turtlebot3_msgs/turtlebot3_msgs/srv/detail/goal__rosidl_typesupport_introspection_c.h
[0.522s] -- Up-to-date symlink: /home/aaphatak/ros2_ws/install/turtlebot3_msgs/include/turtlebot3_msgs/turtlebot3_msgs/srv/detail/sound__rosidl_typesupport_introspection_c.h
[0.522s] -- Up-to-date symlink: /home/aaphatak/ros2_ws/install/turtlebot3_msgs/include/turtlebot3_msgs/turtlebot3_msgs/action/detail/patrol__rosidl_typesupport_introspection_cpp.hpp
[0.523s] -- Up-to-date symlink: /home/aaphatak/ros2_ws/install/turtlebot3_msgs/include/turtlebot3_msgs/turtlebot3_msgs/msg/detail/sensor_state__rosidl_typesupport_introspection_cpp.hpp
[0.523s] -- Up-to-date symlink: /home/aaphatak/ros2_ws/install/turtlebot3_msgs/include/turtlebot3_msgs/turtlebot3_msgs/msg/detail/sound__rosidl_typesupport_introspection_cpp.hpp
[0.523s] -- Up-to-date symlink: /home/aaphatak/ros2_ws/install/turtlebot3_msgs/include/turtlebot3_msgs/turtlebot3_msgs/msg/detail/version_info__rosidl_typesupport_introspection_cpp.hpp
[0.523s] -- Up-to-date symlink: /home/aaphatak/ros2_ws/install/turtlebot3_msgs/include/turtlebot3_msgs/turtlebot3_msgs/srv/detail/dqn__rosidl_typesupport_introspection_cpp.hpp
[0.524s] -- Up-to-date symlink: /home/aaphatak/ros2_ws/install/turtlebot3_msgs/include/turtlebot3_msgs/turtlebot3_msgs/srv/detail/goal__rosidl_typesupport_introspection_cpp.hpp
[0.524s] -- Up-to-date symlink: /home/aaphatak/ros2_ws/install/turtlebot3_msgs/include/turtlebot3_msgs/turtlebot3_msgs/srv/detail/sound__rosidl_typesupport_introspection_cpp.hpp
[0.524s] -- Up-to-date symlink: /home/aaphatak/ros2_ws/install/turtlebot3_msgs/share/turtlebot3_msgs/environment/pythonpath.sh
[0.524s] -- Up-to-date symlink: /home/aaphatak/ros2_ws/install/turtlebot3_msgs/share/turtlebot3_msgs/environment/pythonpath.dsv
[0.525s] -- Up-to-date symlink: /home/aaphatak/ros2_ws/install/turtlebot3_msgs/lib/python3.12/site-packages/turtlebot3_msgs-2.4.0-py3.12.egg-info/PKG-INFO
[0.525s] -- Up-to-date symlink: /home/aaphatak/ros2_ws/install/turtlebot3_msgs/lib/python3.12/site-packages/turtlebot3_msgs-2.4.0-py3.12.egg-info/SOURCES.txt
[0.525s] -- Up-to-date symlink: /home/aaphatak/ros2_ws/install/turtlebot3_msgs/lib/python3.12/site-packages/turtlebot3_msgs-2.4.0-py3.12.egg-info/dependency_links.txt
[0.526s] -- Up-to-date symlink: /home/aaphatak/ros2_ws/install/turtlebot3_msgs/lib/python3.12/site-packages/turtlebot3_msgs-2.4.0-py3.12.egg-info/top_level.txt
[0.526s] -- Up-to-date symlink: /home/aaphatak/ros2_ws/install/turtlebot3_msgs/lib/python3.12/site-packages/turtlebot3_msgs/__init__.py
[0.527s] -- Up-to-date symlink: /home/aaphatak/ros2_ws/install/turtlebot3_msgs/lib/python3.12/site-packages/turtlebot3_msgs/_turtlebot3_msgs_s.ep.rosidl_typesupport_c.c
[0.527s] -- Up-to-date symlink: /home/aaphatak/ros2_ws/install/turtlebot3_msgs/lib/python3.12/site-packages/turtlebot3_msgs/_turtlebot3_msgs_s.ep.rosidl_typesupport_fastrtps_c.c
[0.527s] -- Up-to-date symlink: /home/aaphatak/ros2_ws/install/turtlebot3_msgs/lib/python3.12/site-packages/turtlebot3_msgs/_turtlebot3_msgs_s.ep.rosidl_typesupport_introspection_c.c
[0.527s] -- Up-to-date symlink: /home/aaphatak/ros2_ws/install/turtlebot3_msgs/lib/python3.12/site-packages/turtlebot3_msgs/action/__init__.py
[0.527s] -- Up-to-date symlink: /home/aaphatak/ros2_ws/install/turtlebot3_msgs/lib/python3.12/site-packages/turtlebot3_msgs/action/_patrol.py
[0.527s] -- Up-to-date symlink: /home/aaphatak/ros2_ws/install/turtlebot3_msgs/lib/python3.12/site-packages/turtlebot3_msgs/action/_patrol_s.c
[0.528s] -- Up-to-date symlink: /home/aaphatak/ros2_ws/install/turtlebot3_msgs/lib/python3.12/site-packages/turtlebot3_msgs/msg/__init__.py
[0.528s] -- Up-to-date symlink: /home/aaphatak/ros2_ws/install/turtlebot3_msgs/lib/python3.12/site-packages/turtlebot3_msgs/msg/_sensor_state.py
[0.528s] -- Up-to-date symlink: /home/aaphatak/ros2_ws/install/turtlebot3_msgs/lib/python3.12/site-packages/turtlebot3_msgs/msg/_sensor_state_s.c
[0.528s] -- Up-to-date symlink: /home/aaphatak/ros2_ws/install/turtlebot3_msgs/lib/python3.12/site-packages/turtlebot3_msgs/msg/_sound.py
[0.528s] -- Up-to-date symlink: /home/aaphatak/ros2_ws/install/turtlebot3_msgs/lib/python3.12/site-packages/turtlebot3_msgs/msg/_sound_s.c
[0.528s] -- Up-to-date symlink: /home/aaphatak/ros2_ws/install/turtlebot3_msgs/lib/python3.12/site-packages/turtlebot3_msgs/msg/_version_info.py
[0.528s] -- Up-to-date symlink: /home/aaphatak/ros2_ws/install/turtlebot3_msgs/lib/python3.12/site-packages/turtlebot3_msgs/msg/_version_info_s.c
[0.529s] -- Up-to-date symlink: /home/aaphatak/ros2_ws/install/turtlebot3_msgs/lib/python3.12/site-packages/turtlebot3_msgs/srv/__init__.py
[0.529s] -- Up-to-date symlink: /home/aaphatak/ros2_ws/install/turtlebot3_msgs/lib/python3.12/site-packages/turtlebot3_msgs/srv/_dqn.py
[0.529s] -- Up-to-date symlink: /home/aaphatak/ros2_ws/install/turtlebot3_msgs/lib/python3.12/site-packages/turtlebot3_msgs/srv/_dqn_s.c
[0.529s] -- Up-to-date symlink: /home/aaphatak/ros2_ws/install/turtlebot3_msgs/lib/python3.12/site-packages/turtlebot3_msgs/srv/_goal.py
[0.529s] -- Up-to-date symlink: /home/aaphatak/ros2_ws/install/turtlebot3_msgs/lib/python3.12/site-packages/turtlebot3_msgs/srv/_goal_s.c
[0.530s] -- Up-to-date symlink: /home/aaphatak/ros2_ws/install/turtlebot3_msgs/lib/python3.12/site-packages/turtlebot3_msgs/srv/_sound.py
[0.530s] -- Up-to-date symlink: /home/aaphatak/ros2_ws/install/turtlebot3_msgs/lib/python3.12/site-packages/turtlebot3_msgs/srv/_sound_s.c
[0.530s] -- Up-to-date symlink: /home/aaphatak/ros2_ws/install/turtlebot3_msgs/lib/python3.12/site-packages/turtlebot3_msgs/turtlebot3_msgs_s__rosidl_typesupport_c.so
[0.530s] -- Up-to-date symlink: /home/aaphatak/ros2_ws/install/turtlebot3_msgs/lib/python3.12/site-packages/turtlebot3_msgs/turtlebot3_msgs_s__rosidl_typesupport_fastrtps_c.so
[0.530s] -- Up-to-date symlink: /home/aaphatak/ros2_ws/install/turtlebot3_msgs/lib/python3.12/site-packages/turtlebot3_msgs/turtlebot3_msgs_s__rosidl_typesupport_introspection_c.so
[0.531s] -- Up-to-date symlink: /home/aaphatak/ros2_ws/install/turtlebot3_msgs/lib/python3.12/site-packages/turtlebot3_msgs/turtlebot3_msgs_s__rosidl_typesupport_fastrtps_c.so
[0.531s] -- Up-to-date symlink: /home/aaphatak/ros2_ws/install/turtlebot3_msgs/lib/python3.12/site-packages/turtlebot3_msgs/turtlebot3_msgs_s__rosidl_typesupport_introspection_c.so
[0.531s] -- Up-to-date symlink: /home/aaphatak/ros2_ws/install/turtlebot3_msgs/lib/python3.12/site-packages/turtlebot3_msgs/turtlebot3_msgs_s__rosidl_typesupport_c.so
[0.531s] -- Up-to-date symlink: /home/aaphatak/ros2_ws/install/turtlebot3_msgs/share/turtlebot3_msgs/msg/SensorState.idl
[0.532s] -- Up-to-date symlink: /home/aaphatak/ros2_ws/install/turtlebot3_msgs/share/turtlebot3_msgs/msg/Sound.idl
[0.532s] -- Up-to-date symlink: /home/aaphatak/ros2_ws/install/turtlebot3_msgs/share/turtlebot3_msgs/msg/VersionInfo.idl
[0.532s] -- Up-to-date symlink: /home/aaphatak/ros2_ws/install/turtlebot3_msgs/share/turtlebot3_msgs/srv/Sound.idl
[0.532s] -- Up-to-date symlink: /home/aaphatak/ros2_ws/install/turtlebot3_msgs/share/turtlebot3_msgs/srv/Dqn.idl
[0.532s] -- Up-to-date symlink: /home/aaphatak/ros2_ws/install/turtlebot3_msgs/share/turtlebot3_msgs/srv/Goal.idl
[0.532s] -- Up-to-date symlink: /home/aaphatak/ros2_ws/install/turtlebot3_msgs/share/turtlebot3_msgs/action/Patrol.idl
[0.533s] -- Up-to-date symlink: /home/aaphatak/ros2_ws/install/turtlebot3_msgs/share/turtlebot3_msgs/msg/SensorState.msg
[0.533s] -- Up-to-date symlink: /home/aaphatak/ros2_ws/install/turtlebot3_msgs/share/turtlebot3_msgs/msg/Sound.msg
[0.533s] -- Up-to-date symlink: /home/aaphatak/ros2_ws/install/turtlebot3_msgs/share/turtlebot3_msgs/msg/VersionInfo.msg
[0.533s] -- Up-to-date symlink: /home/aaphatak/ros2_ws/install/turtlebot3_msgs/share/turtlebot3_msgs/srv/Sound.srv
[0.533s] -- Up-to-date symlink: /home/aaphatak/ros2_ws/install/turtlebot3_msgs/share/turtlebot3_msgs/srv/Dqn.srv
[0.533s] -- Up-to-date symlink: /home/aaphatak/ros2_ws/install/turtlebot3_msgs/share/turtlebot3_msgs/srv/Goal.srv
[0.533s] -- Up-to-date symlink: /home/aaphatak/ros2_ws/install/turtlebot3_msgs/share/turtlebot3_msgs/action/Patrol.action
[0.533s] -- Up-to-date symlink: /home/aaphatak/ros2_ws/install/turtlebot3_msgs/share/ament_index/resource_index/package_run_dependencies/turtlebot3_msgs
[0.533s] -- Up-to-date symlink: /home/aaphatak/ros2_ws/install/turtlebot3_msgs/share/ament_index/resource_index/parent_prefix_path/turtlebot3_msgs
[0.534s] -- Up-to-date symlink: /home/aaphatak/ros2_ws/install/turtlebot3_msgs/share/turtlebot3_msgs/environment/ament_prefix_path.sh
[0.534s] -- Up-to-date symlink: /home/aaphatak/ros2_ws/install/turtlebot3_msgs/share/turtlebot3_msgs/environment/ament_prefix_path.dsv
[0.537s] -- Up-to-date symlink: /home/aaphatak/ros2_ws/install/turtlebot3_msgs/share/turtlebot3_msgs/environment/path.sh
[0.537s] -- Up-to-date symlink: /home/aaphatak/ros2_ws/install/turtlebot3_msgs/share/turtlebot3_msgs/environment/path.dsv
[0.537s] -- Up-to-date symlink: /home/aaphatak/ros2_ws/install/turtlebot3_msgs/share/turtlebot3_msgs/local_setup.bash
[0.537s] -- Up-to-date symlink: /home/aaphatak/ros2_ws/install/turtlebot3_msgs/share/turtlebot3_msgs/local_setup.sh
[0.537s] -- Up-to-date symlink: /home/aaphatak/ros2_ws/install/turtlebot3_msgs/share/turtlebot3_msgs/local_setup.zsh
[0.537s] -- Up-to-date symlink: /home/aaphatak/ros2_ws/install/turtlebot3_msgs/share/turtlebot3_msgs/local_setup.dsv
[0.537s] -- Symlinking: /home/aaphatak/ros2_ws/install/turtlebot3_msgs/share/turtlebot3_msgs/package.dsv
[0.541s] -- Up-to-date symlink: /home/aaphatak/ros2_ws/install/turtlebot3_msgs/share/ament_index/resource_index/packages/turtlebot3_msgs
[0.542s] -- Up-to-date symlink: /home/aaphatak/ros2_ws/install/turtlebot3_msgs/share/turtlebot3_msgs/cmake/rosidl_cmake-extras.cmake
[0.542s] -- Up-to-date symlink: /home/aaphatak/ros2_ws/install/turtlebot3_msgs/share/turtlebot3_msgs/cmake/ament_cmake_export_dependencies-extras.cmake
[0.543s] -- Up-to-date symlink: /home/aaphatak/ros2_ws/install/turtlebot3_msgs/share/turtlebot3_msgs/cmake/ament_cmake_export_include_directories-extras.cmake
[0.543s] -- Up-to-date symlink: /home/aaphatak/ros2_ws/install/turtlebot3_msgs/share/turtlebot3_msgs/cmake/ament_cmake_export_libraries-extras.cmake
[0.543s] -- Up-to-date symlink: /home/aaphatak/ros2_ws/install/turtlebot3_msgs/share/turtlebot3_msgs/cmake/ament_cmake_export_targets-extras.cmake
[0.543s] -- Up-to-date symlink: /home/aaphatak/ros2_ws/install/turtlebot3_msgs/share/turtlebot3_msgs/cmake/rosidl_cmake_export_typesupport_targets-extras.cmake
[0.543s] -- Up-to-date symlink: /home/aaphatak/ros2_ws/install/turtlebot3_msgs/share/turtlebot3_msgs/cmake/rosidl_cmake_export_typesupport_libraries-extras.cmake
[0.544s] -- Up-to-date symlink: /home/aaphatak/ros2_ws/install/turtlebot3_msgs/share/turtlebot3_msgs/cmake/turtlebot3_msgsConfig.cmake
[0.544s] -- Up-to-date symlink: /home/aaphatak/ros2_ws/install/turtlebot3_msgs/share/turtlebot3_msgs/cmake/turtlebot3_msgsConfig-version.cmake
[0.544s] -- Up-to-date symlink: /home/aaphatak/ros2_ws/install/turtlebot3_msgs/share/turtlebot3_msgs/package.xml
[0.545s] -- Up-to-date: /home/aaphatak/ros2_ws/install/turtlebot3_msgs/lib/libturtlebot3_msgs__rosidl_generator_c.so
[0.547s] -- Up-to-date: /home/aaphatak/ros2_ws/install/turtlebot3_msgs/lib/libturtlebot3_msgs__rosidl_typesupport_fastrtps_c.so
[0.548s] -- Up-to-date: /home/aaphatak/ros2_ws/install/turtlebot3_msgs/lib/libturtlebot3_msgs__rosidl_typesupport_fastrtps_cpp.so
[0.551s] -- Up-to-date: /home/aaphatak/ros2_ws/install/turtlebot3_msgs/lib/libturtlebot3_msgs__rosidl_typesupport_introspection_c.so
[0.551s] -- Up-to-date: /home/aaphatak/ros2_ws/install/turtlebot3_msgs/lib/libturtlebot3_msgs__rosidl_typesupport_c.so
[0.552s] -- Up-to-date: /home/aaphatak/ros2_ws/install/turtlebot3_msgs/lib/libturtlebot3_msgs__rosidl_typesupport_introspection_cpp.so
[0.552s] -- Up-to-date: /home/aaphatak/ros2_ws/install/turtlebot3_msgs/lib/libturtlebot3_msgs__rosidl_typesupport_cpp.so
[0.581s] Listing '/home/aaphatak/ros2_ws/install/turtlebot3_msgs/lib/python3.12/site-packages/turtlebot3_msgs'...
[0.581s] Listing '/home/aaphatak/ros2_ws/install/turtlebot3_msgs/lib/python3.12/site-packages/turtlebot3_msgs/action'...
[0.581s] Listing '/home/aaphatak/ros2_ws/install/turtlebot3_msgs/lib/python3.12/site-packages/turtlebot3_msgs/msg'...
[0.581s] Listing '/home/aaphatak/ros2_ws/install/turtlebot3_msgs/lib/python3.12/site-packages/turtlebot3_msgs/srv'...
[0.585s] -- Up-to-date: /home/aaphatak/ros2_ws/install/turtlebot3_msgs/lib/libturtlebot3_msgs__rosidl_generator_py.so
[0.586s] -- Up-to-date: /home/aaphatak/ros2_ws/install/turtlebot3_msgs/share/turtlebot3_msgs/cmake/export_turtlebot3_msgs__rosidl_generator_cExport.cmake
[0.586s] -- Up-to-date: /home/aaphatak/ros2_ws/install/turtlebot3_msgs/share/turtlebot3_msgs/cmake/export_turtlebot3_msgs__rosidl_generator_cExport-noconfig.cmake
[0.588s] -- Up-to-date: /home/aaphatak/ros2_ws/install/turtlebot3_msgs/share/turtlebot3_msgs/cmake/export_turtlebot3_msgs__rosidl_typesupport_fastrtps_cExport.cmake
[0.588s] -- Up-to-date: /home/aaphatak/ros2_ws/install/turtlebot3_msgs/share/turtlebot3_msgs/cmake/export_turtlebot3_msgs__rosidl_typesupport_fastrtps_cExport-noconfig.cmake
[0.588s] -- Up-to-date: /home/aaphatak/ros2_ws/install/turtlebot3_msgs/share/turtlebot3_msgs/cmake/export_turtlebot3_msgs__rosidl_generator_cppExport.cmake
[0.588s] -- Up-to-date: /home/aaphatak/ros2_ws/install/turtlebot3_msgs/share/turtlebot3_msgs/cmake/export_turtlebot3_msgs__rosidl_typesupport_fastrtps_cppExport.cmake
[0.588s] -- Up-to-date: /home/aaphatak/ros2_ws/install/turtlebot3_msgs/share/turtlebot3_msgs/cmake/export_turtlebot3_msgs__rosidl_typesupport_fastrtps_cppExport-noconfig.cmake
[0.588s] -- Up-to-date: /home/aaphatak/ros2_ws/install/turtlebot3_msgs/share/turtlebot3_msgs/cmake/turtlebot3_msgs__rosidl_typesupport_introspection_cExport.cmake
[0.588s] -- Up-to-date: /home/aaphatak/ros2_ws/install/turtlebot3_msgs/share/turtlebot3_msgs/cmake/turtlebot3_msgs__rosidl_typesupport_introspection_cExport-noconfig.cmake
[0.588s] -- Up-to-date: /home/aaphatak/ros2_ws/install/turtlebot3_msgs/share/turtlebot3_msgs/cmake/turtlebot3_msgs__rosidl_typesupport_cExport.cmake
[0.589s] -- Up-to-date: /home/aaphatak/ros2_ws/install/turtlebot3_msgs/share/turtlebot3_msgs/cmake/turtlebot3_msgs__rosidl_typesupport_cExport-noconfig.cmake
[0.589s] -- Up-to-date: /home/aaphatak/ros2_ws/install/turtlebot3_msgs/share/turtlebot3_msgs/cmake/turtlebot3_msgs__rosidl_typesupport_introspection_cppExport.cmake
[0.589s] -- Up-to-date: /home/aaphatak/ros2_ws/install/turtlebot3_msgs/share/turtlebot3_msgs/cmake/turtlebot3_msgs__rosidl_typesupport_introspection_cppExport-noconfig.cmake
[0.591s] -- Up-to-date: /home/aaphatak/ros2_ws/install/turtlebot3_msgs/share/turtlebot3_msgs/cmake/turtlebot3_msgs__rosidl_typesupport_cppExport.cmake
[0.591s] -- Up-to-date: /home/aaphatak/ros2_ws/install/turtlebot3_msgs/share/turtlebot3_msgs/cmake/turtlebot3_msgs__rosidl_typesupport_cppExport-noconfig.cmake
[0.591s] -- Up-to-date: /home/aaphatak/ros2_ws/install/turtlebot3_msgs/share/turtlebot3_msgs/cmake/export_turtlebot3_msgs__rosidl_generator_pyExport.cmake
[0.591s] -- Up-to-date: /home/aaphatak/ros2_ws/install/turtlebot3_msgs/share/turtlebot3_msgs/cmake/export_turtlebot3_msgs__rosidl_generator_pyExport-noconfig.cmake
[0.596s] Invoked command in '/home/aaphatak/ros2_ws/build/turtlebot3_msgs' returned '0': CMAKE_PREFIX_PATH=${CMAKE_PREFIX_PATH}:/home/aaphatak/ros2_ws/install/turtlebot3_teleop:/home/aaphatak/ros2_ws/install/turtlebot3_example:/home/aaphatak/turtlebot3_ws/install/turtlebot3_teleop:/home/aaphatak/turtlebot3_ws/install/turtlebot3_example:/opt/ros/jazzy DEBUGINFOD_URLS=https://debuginfod.ubuntu.com /usr/bin/cmake --install /home/aaphatak/ros2_ws/build/turtlebot3_msgs
