[0.797s] Invoking command in '/home/aaphatak/ros2_ws/src/turtlebot3/turtlebot3_teleop': DEBUGINFOD_URLS=https://debuginfod.ubuntu.com PYTHONPATH=/home/aaphatak/ros2_ws/build/turtlebot3_teleop/prefix_override:/usr/lib/python3/dist-packages/colcon_core/task/python/colcon_distutils_commands:/home/aaphatak/ros2_ws/install/turtlebot3_teleop/lib/python3.12/site-packages:${PYTHONPATH} /usr/bin/python3 -W ignore:setup.py install is deprecated -W ignore:easy_install command is deprecated setup.py egg_info --egg-base ../../../build/turtlebot3_teleop build --build-base /home/aaphatak/ros2_ws/build/turtlebot3_teleop/build install --record /home/aaphatak/ros2_ws/build/turtlebot3_teleop/install.log --single-version-externally-managed install_data
[0.934s] running egg_info
[0.943s] writing ../../../build/turtlebot3_teleop/turtlebot3_teleop.egg-info/PKG-INFO
[0.943s] writing dependency_links to ../../../build/turtlebot3_teleop/turtlebot3_teleop.egg-info/dependency_links.txt
[0.943s] writing entry points to ../../../build/turtlebot3_teleop/turtlebot3_teleop.egg-info/entry_points.txt
[0.943s] writing requirements to ../../../build/turtlebot3_teleop/turtlebot3_teleop.egg-info/requires.txt
[0.943s] writing top-level names to ../../../build/turtlebot3_teleop/turtlebot3_teleop.egg-info/top_level.txt
[0.961s] reading manifest file '../../../build/turtlebot3_teleop/turtlebot3_teleop.egg-info/SOURCES.txt'
[0.962s] writing manifest file '../../../build/turtlebot3_teleop/turtlebot3_teleop.egg-info/SOURCES.txt'
[0.962s] running build
[0.962s] running build_py
[0.962s] running install
[0.965s] running install_lib
[0.975s] running install_data
[0.975s] running install_egg_info
[0.984s] removing '/home/aaphatak/ros2_ws/install/turtlebot3_teleop/lib/python3.12/site-packages/turtlebot3_teleop-2.3.3-py3.12.egg-info' (and everything under it)
[0.985s] Copying ../../../build/turtlebot3_teleop/turtlebot3_teleop.egg-info to /home/aaphatak/ros2_ws/install/turtlebot3_teleop/lib/python3.12/site-packages/turtlebot3_teleop-2.3.3-py3.12.egg-info
[0.985s] running install_scripts
[1.056s] Installing teleop_keyboard script to /home/aaphatak/ros2_ws/install/turtlebot3_teleop/lib/turtlebot3_teleop
[1.056s] writing list of installed files to '/home/aaphatak/ros2_ws/build/turtlebot3_teleop/install.log'
[1.072s] Invoked command in '/home/aaphatak/ros2_ws/src/turtlebot3/turtlebot3_teleop' returned '0': DEBUGINFOD_URLS=https://debuginfod.ubuntu.com PYTHONPATH=/home/aaphatak/ros2_ws/build/turtlebot3_teleop/prefix_override:/usr/lib/python3/dist-packages/colcon_core/task/python/colcon_distutils_commands:/home/aaphatak/ros2_ws/install/turtlebot3_teleop/lib/python3.12/site-packages:${PYTHONPATH} /usr/bin/python3 -W ignore:setup.py install is deprecated -W ignore:easy_install command is deprecated setup.py egg_info --egg-base ../../../build/turtlebot3_teleop build --build-base /home/aaphatak/ros2_ws/build/turtlebot3_teleop/build install --record /home/aaphatak/ros2_ws/build/turtlebot3_teleop/install.log --single-version-externally-managed install_data
