[0.018s] Invoking command in '/home/aaphatak/ros2_ws/build/dynamixel_sdk': CMAKE_PREFIX_PATH=${CMAKE_PREFIX_PATH}:/home/aaphatak/ros2_ws/install/turtlebot3_teleop:/home/aaphatak/ros2_ws/install/turtlebot3_example:/home/aaphatak/ros2_ws/src/turtlebot3_ws/install/turtlebot3_teleop:/home/aaphatak/ros2_ws/src/turtlebot3_ws/install/turtlebot3_example:/home/aaphatak/turtlebot3_ws/install/turtlebot3_teleop:/home/aaphatak/turtlebot3_ws/install/turtlebot3_example:/opt/ros/jazzy DEBUGINFOD_URLS=https://debuginfod.ubuntu.com /usr/bin/cmake --build /home/aaphatak/ros2_ws/build/dynamixel_sdk -- -j4 -l4
[0.069s] [100%] Built target dynamixel_sdk
[0.075s] [100%] Built target ament_cmake_python_symlink_dynamixel_sdk
[0.276s] running egg_info
[0.288s] writing dynamixel_sdk.egg-info/PKG-INFO
[0.288s] writing dependency_links to dynamixel_sdk.egg-info/dependency_links.txt
[0.288s] writing top-level names to dynamixel_sdk.egg-info/top_level.txt
[0.336s] reading manifest file 'dynamixel_sdk.egg-info/SOURCES.txt'
[0.336s] writing manifest file 'dynamixel_sdk.egg-info/SOURCES.txt'
[0.359s] [100%] Built target ament_cmake_python_build_dynamixel_sdk_egg
[0.385s] Invoked command in '/home/aaphatak/ros2_ws/build/dynamixel_sdk' returned '0': CMAKE_PREFIX_PATH=${CMAKE_PREFIX_PATH}:/home/aaphatak/ros2_ws/install/turtlebot3_teleop:/home/aaphatak/ros2_ws/install/turtlebot3_example:/home/aaphatak/ros2_ws/src/turtlebot3_ws/install/turtlebot3_teleop:/home/aaphatak/ros2_ws/src/turtlebot3_ws/install/turtlebot3_example:/home/aaphatak/turtlebot3_ws/install/turtlebot3_teleop:/home/aaphatak/turtlebot3_ws/install/turtlebot3_example:/opt/ros/jazzy DEBUGINFOD_URLS=https://debuginfod.ubuntu.com /usr/bin/cmake --build /home/aaphatak/ros2_ws/build/dynamixel_sdk -- -j4 -l4
[0.385s] Invoking command in '/home/aaphatak/ros2_ws/build/dynamixel_sdk': CMAKE_PREFIX_PATH=${CMAKE_PREFIX_PATH}:/home/aaphatak/ros2_ws/install/turtlebot3_teleop:/home/aaphatak/ros2_ws/install/turtlebot3_example:/home/aaphatak/ros2_ws/src/turtlebot3_ws/install/turtlebot3_teleop:/home/aaphatak/ros2_ws/src/turtlebot3_ws/install/turtlebot3_example:/home/aaphatak/turtlebot3_ws/install/turtlebot3_teleop:/home/aaphatak/turtlebot3_ws/install/turtlebot3_example:/opt/ros/jazzy DEBUGINFOD_URLS=https://debuginfod.ubuntu.com /usr/bin/cmake --install /home/aaphatak/ros2_ws/build/dynamixel_sdk
[0.390s] -- Install configuration: ""
[0.390s] -- Execute custom install script
[0.390s] -- Up-to-date symlink: /home/aaphatak/ros2_ws/install/dynamixel_sdk/include//dynamixel_sdk/dynamixel_sdk.h
[0.391s] -- Up-to-date symlink: /home/aaphatak/ros2_ws/install/dynamixel_sdk/include//dynamixel_sdk/group_bulk_read.h
[0.391s] -- Up-to-date symlink: /home/aaphatak/ros2_ws/install/dynamixel_sdk/include//dynamixel_sdk/group_bulk_write.h
[0.391s] -- Up-to-date symlink: /home/aaphatak/ros2_ws/install/dynamixel_sdk/include//dynamixel_sdk/group_fast_bulk_read.h
[0.391s] -- Up-to-date symlink: /home/aaphatak/ros2_ws/install/dynamixel_sdk/include//dynamixel_sdk/group_fast_sync_read.h
[0.391s] -- Up-to-date symlink: /home/aaphatak/ros2_ws/install/dynamixel_sdk/include//dynamixel_sdk/group_handler.h
[0.391s] -- Up-to-date symlink: /home/aaphatak/ros2_ws/install/dynamixel_sdk/include//dynamixel_sdk/group_sync_read.h
[0.391s] -- Up-to-date symlink: /home/aaphatak/ros2_ws/install/dynamixel_sdk/include//dynamixel_sdk/group_sync_write.h
[0.391s] -- Up-to-date symlink: /home/aaphatak/ros2_ws/install/dynamixel_sdk/include//dynamixel_sdk/packet_handler.h
[0.391s] -- Up-to-date symlink: /home/aaphatak/ros2_ws/install/dynamixel_sdk/include//dynamixel_sdk/port_handler.h
[0.391s] -- Up-to-date symlink: /home/aaphatak/ros2_ws/install/dynamixel_sdk/include//dynamixel_sdk/port_handler_arduino.h
[0.391s] -- Up-to-date symlink: /home/aaphatak/ros2_ws/install/dynamixel_sdk/include//dynamixel_sdk/port_handler_linux.h
[0.392s] -- Up-to-date symlink: /home/aaphatak/ros2_ws/install/dynamixel_sdk/include//dynamixel_sdk/port_handler_mac.h
[0.392s] -- Up-to-date symlink: /home/aaphatak/ros2_ws/install/dynamixel_sdk/include//dynamixel_sdk/port_handler_windows.h
[0.392s] -- Up-to-date symlink: /home/aaphatak/ros2_ws/install/dynamixel_sdk/include//dynamixel_sdk/protocol1_packet_handler.h
[0.392s] -- Up-to-date symlink: /home/aaphatak/ros2_ws/install/dynamixel_sdk/include//dynamixel_sdk/protocol2_packet_handler.h
[0.392s] -- Up-to-date symlink: /home/aaphatak/ros2_ws/install/dynamixel_sdk/share/dynamixel_sdk/environment/pythonpath.sh
[0.392s] -- Up-to-date symlink: /home/aaphatak/ros2_ws/install/dynamixel_sdk/share/dynamixel_sdk/environment/pythonpath.dsv
[0.392s] -- Up-to-date symlink: /home/aaphatak/ros2_ws/install/dynamixel_sdk/lib/python3.12/site-packages/dynamixel_sdk-3.8.4-py3.12.egg-info/PKG-INFO
[0.392s] -- Up-to-date symlink: /home/aaphatak/ros2_ws/install/dynamixel_sdk/lib/python3.12/site-packages/dynamixel_sdk-3.8.4-py3.12.egg-info/SOURCES.txt
[0.392s] -- Up-to-date symlink: /home/aaphatak/ros2_ws/install/dynamixel_sdk/lib/python3.12/site-packages/dynamixel_sdk-3.8.4-py3.12.egg-info/dependency_links.txt
[0.393s] -- Up-to-date symlink: /home/aaphatak/ros2_ws/install/dynamixel_sdk/lib/python3.12/site-packages/dynamixel_sdk-3.8.4-py3.12.egg-info/top_level.txt
[0.393s] -- Up-to-date symlink: /home/aaphatak/ros2_ws/install/dynamixel_sdk/lib/python3.12/site-packages/dynamixel_sdk/__init__.py
[0.393s] -- Up-to-date symlink: /home/aaphatak/ros2_ws/install/dynamixel_sdk/lib/python3.12/site-packages/dynamixel_sdk/group_bulk_read.cpp
[0.393s] -- Up-to-date symlink: /home/aaphatak/ros2_ws/install/dynamixel_sdk/lib/python3.12/site-packages/dynamixel_sdk/group_bulk_read.py
[0.393s] -- Up-to-date symlink: /home/aaphatak/ros2_ws/install/dynamixel_sdk/lib/python3.12/site-packages/dynamixel_sdk/group_bulk_write.cpp
[0.393s] -- Up-to-date symlink: /home/aaphatak/ros2_ws/install/dynamixel_sdk/lib/python3.12/site-packages/dynamixel_sdk/group_bulk_write.py
[0.393s] -- Up-to-date symlink: /home/aaphatak/ros2_ws/install/dynamixel_sdk/lib/python3.12/site-packages/dynamixel_sdk/group_fast_bulk_read.cpp
[0.393s] -- Up-to-date symlink: /home/aaphatak/ros2_ws/install/dynamixel_sdk/lib/python3.12/site-packages/dynamixel_sdk/group_fast_sync_read.cpp
[0.393s] -- Up-to-date symlink: /home/aaphatak/ros2_ws/install/dynamixel_sdk/lib/python3.12/site-packages/dynamixel_sdk/group_handler.cpp
[0.394s] -- Up-to-date symlink: /home/aaphatak/ros2_ws/install/dynamixel_sdk/lib/python3.12/site-packages/dynamixel_sdk/group_sync_read.cpp
[0.394s] -- Up-to-date symlink: /home/aaphatak/ros2_ws/install/dynamixel_sdk/lib/python3.12/site-packages/dynamixel_sdk/group_sync_read.py
[0.394s] -- Up-to-date symlink: /home/aaphatak/ros2_ws/install/dynamixel_sdk/lib/python3.12/site-packages/dynamixel_sdk/group_sync_write.cpp
[0.394s] -- Up-to-date symlink: /home/aaphatak/ros2_ws/install/dynamixel_sdk/lib/python3.12/site-packages/dynamixel_sdk/group_sync_write.py
[0.394s] -- Up-to-date symlink: /home/aaphatak/ros2_ws/install/dynamixel_sdk/lib/python3.12/site-packages/dynamixel_sdk/packet_handler.cpp
[0.394s] -- Up-to-date symlink: /home/aaphatak/ros2_ws/install/dynamixel_sdk/lib/python3.12/site-packages/dynamixel_sdk/packet_handler.py
[0.394s] -- Up-to-date symlink: /home/aaphatak/ros2_ws/install/dynamixel_sdk/lib/python3.12/site-packages/dynamixel_sdk/port_handler.cpp
[0.394s] -- Up-to-date symlink: /home/aaphatak/ros2_ws/install/dynamixel_sdk/lib/python3.12/site-packages/dynamixel_sdk/port_handler.py
[0.394s] -- Up-to-date symlink: /home/aaphatak/ros2_ws/install/dynamixel_sdk/lib/python3.12/site-packages/dynamixel_sdk/port_handler_arduino.cpp
[0.394s] -- Up-to-date symlink: /home/aaphatak/ros2_ws/install/dynamixel_sdk/lib/python3.12/site-packages/dynamixel_sdk/port_handler_linux.cpp
[0.394s] -- Up-to-date symlink: /home/aaphatak/ros2_ws/install/dynamixel_sdk/lib/python3.12/site-packages/dynamixel_sdk/port_handler_mac.cpp
[0.394s] -- Up-to-date symlink: /home/aaphatak/ros2_ws/install/dynamixel_sdk/lib/python3.12/site-packages/dynamixel_sdk/port_handler_windows.cpp
[0.395s] -- Up-to-date symlink: /home/aaphatak/ros2_ws/install/dynamixel_sdk/lib/python3.12/site-packages/dynamixel_sdk/protocol1_packet_handler.cpp
[0.395s] -- Up-to-date symlink: /home/aaphatak/ros2_ws/install/dynamixel_sdk/lib/python3.12/site-packages/dynamixel_sdk/protocol1_packet_handler.py
[0.395s] -- Up-to-date symlink: /home/aaphatak/ros2_ws/install/dynamixel_sdk/lib/python3.12/site-packages/dynamixel_sdk/protocol2_packet_handler.cpp
[0.395s] -- Up-to-date symlink: /home/aaphatak/ros2_ws/install/dynamixel_sdk/lib/python3.12/site-packages/dynamixel_sdk/protocol2_packet_handler.py
[0.395s] -- Up-to-date symlink: /home/aaphatak/ros2_ws/install/dynamixel_sdk/lib/python3.12/site-packages/dynamixel_sdk/robotis_def.py
[0.395s] -- Up-to-date symlink: /home/aaphatak/ros2_ws/install/dynamixel_sdk/share/dynamixel_sdk/environment/library_path.sh
[0.395s] -- Up-to-date symlink: /home/aaphatak/ros2_ws/install/dynamixel_sdk/share/dynamixel_sdk/environment/library_path.dsv
[0.395s] -- Up-to-date symlink: /home/aaphatak/ros2_ws/install/dynamixel_sdk/share/ament_index/resource_index/package_run_dependencies/dynamixel_sdk
[0.395s] -- Up-to-date symlink: /home/aaphatak/ros2_ws/install/dynamixel_sdk/share/ament_index/resource_index/parent_prefix_path/dynamixel_sdk
[0.395s] -- Up-to-date symlink: /home/aaphatak/ros2_ws/install/dynamixel_sdk/share/dynamixel_sdk/environment/ament_prefix_path.sh
[0.396s] -- Up-to-date symlink: /home/aaphatak/ros2_ws/install/dynamixel_sdk/share/dynamixel_sdk/environment/ament_prefix_path.dsv
[0.396s] -- Up-to-date symlink: /home/aaphatak/ros2_ws/install/dynamixel_sdk/share/dynamixel_sdk/environment/path.sh
[0.396s] -- Up-to-date symlink: /home/aaphatak/ros2_ws/install/dynamixel_sdk/share/dynamixel_sdk/environment/path.dsv
[0.396s] -- Up-to-date symlink: /home/aaphatak/ros2_ws/install/dynamixel_sdk/share/dynamixel_sdk/local_setup.bash
[0.396s] -- Up-to-date symlink: /home/aaphatak/ros2_ws/install/dynamixel_sdk/share/dynamixel_sdk/local_setup.sh
[0.396s] -- Up-to-date symlink: /home/aaphatak/ros2_ws/install/dynamixel_sdk/share/dynamixel_sdk/local_setup.zsh
[0.396s] -- Up-to-date symlink: /home/aaphatak/ros2_ws/install/dynamixel_sdk/share/dynamixel_sdk/local_setup.dsv
[0.396s] -- Symlinking: /home/aaphatak/ros2_ws/install/dynamixel_sdk/share/dynamixel_sdk/package.dsv
[0.403s] -- Up-to-date symlink: /home/aaphatak/ros2_ws/install/dynamixel_sdk/share/ament_index/resource_index/packages/dynamixel_sdk
[0.403s] -- Up-to-date symlink: /home/aaphatak/ros2_ws/install/dynamixel_sdk/share/dynamixel_sdk/cmake/ament_cmake_export_targets-extras.cmake
[0.403s] -- Up-to-date symlink: /home/aaphatak/ros2_ws/install/dynamixel_sdk/share/dynamixel_sdk/cmake/ament_cmake_export_include_directories-extras.cmake
[0.403s] -- Up-to-date symlink: /home/aaphatak/ros2_ws/install/dynamixel_sdk/share/dynamixel_sdk/cmake/ament_cmake_export_libraries-extras.cmake
[0.403s] -- Up-to-date symlink: /home/aaphatak/ros2_ws/install/dynamixel_sdk/share/dynamixel_sdk/cmake/dynamixel_sdkConfig.cmake
[0.403s] -- Up-to-date symlink: /home/aaphatak/ros2_ws/install/dynamixel_sdk/share/dynamixel_sdk/cmake/dynamixel_sdkConfig-version.cmake
[0.403s] -- Up-to-date symlink: /home/aaphatak/ros2_ws/install/dynamixel_sdk/share/dynamixel_sdk/package.xml
[0.403s] -- Up-to-date: /home/aaphatak/ros2_ws/install/dynamixel_sdk/lib/libdynamixel_sdk.so
[0.423s] Listing '/home/aaphatak/ros2_ws/install/dynamixel_sdk/lib/python3.12/site-packages/dynamixel_sdk'...
[0.427s] -- Up-to-date: /home/aaphatak/ros2_ws/install/dynamixel_sdk/share/dynamixel_sdk/cmake/dynamixel_sdkExport.cmake
[0.427s] -- Up-to-date: /home/aaphatak/ros2_ws/install/dynamixel_sdk/share/dynamixel_sdk/cmake/dynamixel_sdkExport-noconfig.cmake
[0.428s] Invoked command in '/home/aaphatak/ros2_ws/build/dynamixel_sdk' returned '0': CMAKE_PREFIX_PATH=${CMAKE_PREFIX_PATH}:/home/aaphatak/ros2_ws/install/turtlebot3_teleop:/home/aaphatak/ros2_ws/install/turtlebot3_example:/home/aaphatak/ros2_ws/src/turtlebot3_ws/install/turtlebot3_teleop:/home/aaphatak/ros2_ws/src/turtlebot3_ws/install/turtlebot3_example:/home/aaphatak/turtlebot3_ws/install/turtlebot3_teleop:/home/aaphatak/turtlebot3_ws/install/turtlebot3_example:/opt/ros/jazzy DEBUGINFOD_URLS=https://debuginfod.ubuntu.com /usr/bin/cmake --install /home/aaphatak/ros2_ws/build/dynamixel_sdk
