[0.011s] Invoking command in '/home/aaphatak/ros2_ws/build/dynamixel_sdk': CMAKE_PREFIX_PATH=${CMAKE_PREFIX_PATH}:/home/aaphatak/ros2_ws/src/turtlebot3_ws/install/turtlebot3_teleop:/home/aaphatak/ros2_ws/src/turtlebot3_ws/install/turtlebot3_example:/home/aaphatak/turtlebot3_ws/install/turtlebot3_teleop:/home/aaphatak/turtlebot3_ws/install/turtlebot3_example:/opt/ros/jazzy DEBUGINFOD_URLS=https://debuginfod.ubuntu.com /usr/bin/cmake /home/aaphatak/ros2_ws/src/DynamixelSDK/ros/dynamixel_sdk -DAMENT_CMAKE_SYMLINK_INSTALL=1 -DCMAKE_INSTALL_PREFIX=/home/aaphatak/ros2_ws/install/dynamixel_sdk
[0.068s] -- The C compiler identification is GNU 13.3.0
[0.098s] -- The CXX compiler identification is GNU 13.3.0
[0.107s] -- Detecting C compiler ABI info
[0.153s] -- Detecting C compiler ABI info - done
[0.156s] -- Check for working C compiler: /usr/bin/cc - skipped
[0.157s] -- Detecting C compile features
[0.157s] -- Detecting C compile features - done
[0.161s] -- Detecting CXX compiler ABI info
[0.211s] -- Detecting CXX compiler ABI info - done
[0.217s] -- Check for working CXX compiler: /usr/bin/c++ - skipped
[0.217s] -- Detecting CXX compile features
[0.217s] -- Detecting CXX compile features - done
[0.220s] -- Found ament_cmake: 2.5.4 (/opt/ros/jazzy/share/ament_cmake/cmake)
[0.303s] -- Found Python3: /usr/bin/python3 (found version "3.12.3") found components: Interpreter 
[0.344s] -- Override CMake install command with custom implementation using symlinks instead of copying resources
[0.478s] -- Configuring done (0.5s)
[0.480s] -- Generating done (0.0s)
[0.481s] -- Build files have been written to: /home/aaphatak/ros2_ws/build/dynamixel_sdk
[0.486s] Invoked command in '/home/aaphatak/ros2_ws/build/dynamixel_sdk' returned '0': CMAKE_PREFIX_PATH=${CMAKE_PREFIX_PATH}:/home/aaphatak/ros2_ws/src/turtlebot3_ws/install/turtlebot3_teleop:/home/aaphatak/ros2_ws/src/turtlebot3_ws/install/turtlebot3_example:/home/aaphatak/turtlebot3_ws/install/turtlebot3_teleop:/home/aaphatak/turtlebot3_ws/install/turtlebot3_example:/opt/ros/jazzy DEBUGINFOD_URLS=https://debuginfod.ubuntu.com /usr/bin/cmake /home/aaphatak/ros2_ws/src/DynamixelSDK/ros/dynamixel_sdk -DAMENT_CMAKE_SYMLINK_INSTALL=1 -DCMAKE_INSTALL_PREFIX=/home/aaphatak/ros2_ws/install/dynamixel_sdk
[0.487s] Invoking command in '/home/aaphatak/ros2_ws/build/dynamixel_sdk': CMAKE_PREFIX_PATH=${CMAKE_PREFIX_PATH}:/home/aaphatak/ros2_ws/src/turtlebot3_ws/install/turtlebot3_teleop:/home/aaphatak/ros2_ws/src/turtlebot3_ws/install/turtlebot3_example:/home/aaphatak/turtlebot3_ws/install/turtlebot3_teleop:/home/aaphatak/turtlebot3_ws/install/turtlebot3_example:/opt/ros/jazzy DEBUGINFOD_URLS=https://debuginfod.ubuntu.com /usr/bin/cmake --build /home/aaphatak/ros2_ws/build/dynamixel_sdk -- -j4 -l4
[0.515s] [  7%] [32mBuilding CXX object CMakeFiles/dynamixel_sdk.dir/src/dynamixel_sdk/packet_handler.cpp.o[0m
[0.518s] [ 15%] [32mBuilding CXX object CMakeFiles/dynamixel_sdk.dir/src/dynamixel_sdk/protocol1_packet_handler.cpp.o[0m
[0.522s] [ 23%] [32mBuilding CXX object CMakeFiles/dynamixel_sdk.dir/src/dynamixel_sdk/protocol2_packet_handler.cpp.o[0m
[0.538s] [ 23%] Built target ament_cmake_python_symlink_dynamixel_sdk
[0.638s] [ 30%] [32mBuilding CXX object CMakeFiles/dynamixel_sdk.dir/src/dynamixel_sdk/group_sync_read.cpp.o[0m
[0.652s] [ 38%] [32mBuilding CXX object CMakeFiles/dynamixel_sdk.dir/src/dynamixel_sdk/group_sync_write.cpp.o[0m
[0.653s] [ 46%] [32mBuilding CXX object CMakeFiles/dynamixel_sdk.dir/src/dynamixel_sdk/group_bulk_read.cpp.o[0m
[0.773s] running egg_info
[0.774s] creating dynamixel_sdk.egg-info
[0.796s] writing dynamixel_sdk.egg-info/PKG-INFO
[0.796s] writing dependency_links to dynamixel_sdk.egg-info/dependency_links.txt
[0.796s] writing top-level names to dynamixel_sdk.egg-info/top_level.txt
[0.796s] writing manifest file 'dynamixel_sdk.egg-info/SOURCES.txt'
[0.854s] [ 53%] [32mBuilding CXX object CMakeFiles/dynamixel_sdk.dir/src/dynamixel_sdk/group_bulk_write.cpp.o[0m
[0.868s] reading manifest file 'dynamixel_sdk.egg-info/SOURCES.txt'
[0.872s] writing manifest file 'dynamixel_sdk.egg-info/SOURCES.txt'
[0.904s] [ 61%] [32mBuilding CXX object CMakeFiles/dynamixel_sdk.dir/src/dynamixel_sdk/group_fast_bulk_read.cpp.o[0m
[0.916s] [ 61%] Built target ament_cmake_python_build_dynamixel_sdk_egg
[0.924s] [ 69%] [32mBuilding CXX object CMakeFiles/dynamixel_sdk.dir/src/dynamixel_sdk/group_fast_sync_read.cpp.o[0m
[0.962s] [ 76%] [32mBuilding CXX object CMakeFiles/dynamixel_sdk.dir/src/dynamixel_sdk/group_handler.cpp.o[0m
[1.065s] [ 84%] [32mBuilding CXX object CMakeFiles/dynamixel_sdk.dir/src/dynamixel_sdk/port_handler.cpp.o[0m
[1.081s] [ 92%] [32mBuilding CXX object CMakeFiles/dynamixel_sdk.dir/src/dynamixel_sdk/port_handler_linux.cpp.o[0m
[1.127s] [100%] [32m[1mLinking CXX shared library libdynamixel_sdk.so[0m
[1.164s] [100%] Built target dynamixel_sdk
[1.170s] Invoked command in '/home/aaphatak/ros2_ws/build/dynamixel_sdk' returned '0': CMAKE_PREFIX_PATH=${CMAKE_PREFIX_PATH}:/home/aaphatak/ros2_ws/src/turtlebot3_ws/install/turtlebot3_teleop:/home/aaphatak/ros2_ws/src/turtlebot3_ws/install/turtlebot3_example:/home/aaphatak/turtlebot3_ws/install/turtlebot3_teleop:/home/aaphatak/turtlebot3_ws/install/turtlebot3_example:/opt/ros/jazzy DEBUGINFOD_URLS=https://debuginfod.ubuntu.com /usr/bin/cmake --build /home/aaphatak/ros2_ws/build/dynamixel_sdk -- -j4 -l4
[1.170s] Invoking command in '/home/aaphatak/ros2_ws/build/dynamixel_sdk': CMAKE_PREFIX_PATH=${CMAKE_PREFIX_PATH}:/home/aaphatak/ros2_ws/src/turtlebot3_ws/install/turtlebot3_teleop:/home/aaphatak/ros2_ws/src/turtlebot3_ws/install/turtlebot3_example:/home/aaphatak/turtlebot3_ws/install/turtlebot3_teleop:/home/aaphatak/turtlebot3_ws/install/turtlebot3_example:/opt/ros/jazzy DEBUGINFOD_URLS=https://debuginfod.ubuntu.com /usr/bin/cmake --install /home/aaphatak/ros2_ws/build/dynamixel_sdk
[1.175s] -- Install configuration: ""
[1.175s] -- Execute custom install script
[1.176s] -- Symlinking: /home/aaphatak/ros2_ws/install/dynamixel_sdk/include//dynamixel_sdk/dynamixel_sdk.h
[1.180s] -- Symlinking: /home/aaphatak/ros2_ws/install/dynamixel_sdk/include//dynamixel_sdk/group_bulk_read.h
[1.189s] -- Symlinking: /home/aaphatak/ros2_ws/install/dynamixel_sdk/include//dynamixel_sdk/group_bulk_write.h
[1.189s] -- Symlinking: /home/aaphatak/ros2_ws/install/dynamixel_sdk/include//dynamixel_sdk/group_fast_bulk_read.h
[1.192s] -- Symlinking: /home/aaphatak/ros2_ws/install/dynamixel_sdk/include//dynamixel_sdk/group_fast_sync_read.h
[1.197s] -- Symlinking: /home/aaphatak/ros2_ws/install/dynamixel_sdk/include//dynamixel_sdk/group_handler.h
[1.201s] -- Symlinking: /home/aaphatak/ros2_ws/install/dynamixel_sdk/include//dynamixel_sdk/group_sync_read.h
[1.207s] -- Symlinking: /home/aaphatak/ros2_ws/install/dynamixel_sdk/include//dynamixel_sdk/group_sync_write.h
[1.210s] -- Symlinking: /home/aaphatak/ros2_ws/install/dynamixel_sdk/include//dynamixel_sdk/packet_handler.h
[1.214s] -- Symlinking: /home/aaphatak/ros2_ws/install/dynamixel_sdk/include//dynamixel_sdk/port_handler.h
[1.217s] -- Symlinking: /home/aaphatak/ros2_ws/install/dynamixel_sdk/include//dynamixel_sdk/port_handler_arduino.h
[1.221s] -- Symlinking: /home/aaphatak/ros2_ws/install/dynamixel_sdk/include//dynamixel_sdk/port_handler_linux.h
[1.225s] -- Symlinking: /home/aaphatak/ros2_ws/install/dynamixel_sdk/include//dynamixel_sdk/port_handler_mac.h
[1.230s] -- Symlinking: /home/aaphatak/ros2_ws/install/dynamixel_sdk/include//dynamixel_sdk/port_handler_windows.h
[1.233s] -- Symlinking: /home/aaphatak/ros2_ws/install/dynamixel_sdk/include//dynamixel_sdk/protocol1_packet_handler.h
[1.238s] -- Symlinking: /home/aaphatak/ros2_ws/install/dynamixel_sdk/include//dynamixel_sdk/protocol2_packet_handler.h
[1.242s] -- Symlinking: /home/aaphatak/ros2_ws/install/dynamixel_sdk/share/dynamixel_sdk/environment/pythonpath.sh
[1.247s] -- Symlinking: /home/aaphatak/ros2_ws/install/dynamixel_sdk/share/dynamixel_sdk/environment/pythonpath.dsv
[1.252s] -- Symlinking: /home/aaphatak/ros2_ws/install/dynamixel_sdk/lib/python3.12/site-packages/dynamixel_sdk-3.8.4-py3.12.egg-info/PKG-INFO
[1.256s] -- Symlinking: /home/aaphatak/ros2_ws/install/dynamixel_sdk/lib/python3.12/site-packages/dynamixel_sdk-3.8.4-py3.12.egg-info/SOURCES.txt
[1.261s] -- Symlinking: /home/aaphatak/ros2_ws/install/dynamixel_sdk/lib/python3.12/site-packages/dynamixel_sdk-3.8.4-py3.12.egg-info/dependency_links.txt
[1.265s] -- Symlinking: /home/aaphatak/ros2_ws/install/dynamixel_sdk/lib/python3.12/site-packages/dynamixel_sdk-3.8.4-py3.12.egg-info/top_level.txt
[1.271s] -- Symlinking: /home/aaphatak/ros2_ws/install/dynamixel_sdk/lib/python3.12/site-packages/dynamixel_sdk/__init__.py
[1.274s] -- Symlinking: /home/aaphatak/ros2_ws/install/dynamixel_sdk/lib/python3.12/site-packages/dynamixel_sdk/group_bulk_read.cpp
[1.278s] -- Symlinking: /home/aaphatak/ros2_ws/install/dynamixel_sdk/lib/python3.12/site-packages/dynamixel_sdk/group_bulk_read.py
[1.283s] -- Symlinking: /home/aaphatak/ros2_ws/install/dynamixel_sdk/lib/python3.12/site-packages/dynamixel_sdk/group_bulk_write.cpp
[1.287s] -- Symlinking: /home/aaphatak/ros2_ws/install/dynamixel_sdk/lib/python3.12/site-packages/dynamixel_sdk/group_bulk_write.py
[1.292s] -- Symlinking: /home/aaphatak/ros2_ws/install/dynamixel_sdk/lib/python3.12/site-packages/dynamixel_sdk/group_fast_bulk_read.cpp
[1.296s] -- Symlinking: /home/aaphatak/ros2_ws/install/dynamixel_sdk/lib/python3.12/site-packages/dynamixel_sdk/group_fast_sync_read.cpp
[1.300s] -- Symlinking: /home/aaphatak/ros2_ws/install/dynamixel_sdk/lib/python3.12/site-packages/dynamixel_sdk/group_handler.cpp
[1.304s] -- Symlinking: /home/aaphatak/ros2_ws/install/dynamixel_sdk/lib/python3.12/site-packages/dynamixel_sdk/group_sync_read.cpp
[1.309s] -- Symlinking: /home/aaphatak/ros2_ws/install/dynamixel_sdk/lib/python3.12/site-packages/dynamixel_sdk/group_sync_read.py
[1.313s] -- Symlinking: /home/aaphatak/ros2_ws/install/dynamixel_sdk/lib/python3.12/site-packages/dynamixel_sdk/group_sync_write.cpp
[1.318s] -- Symlinking: /home/aaphatak/ros2_ws/install/dynamixel_sdk/lib/python3.12/site-packages/dynamixel_sdk/group_sync_write.py
[1.322s] -- Symlinking: /home/aaphatak/ros2_ws/install/dynamixel_sdk/lib/python3.12/site-packages/dynamixel_sdk/packet_handler.cpp
[1.326s] -- Symlinking: /home/aaphatak/ros2_ws/install/dynamixel_sdk/lib/python3.12/site-packages/dynamixel_sdk/packet_handler.py
[1.330s] -- Symlinking: /home/aaphatak/ros2_ws/install/dynamixel_sdk/lib/python3.12/site-packages/dynamixel_sdk/port_handler.cpp
[1.337s] -- Symlinking: /home/aaphatak/ros2_ws/install/dynamixel_sdk/lib/python3.12/site-packages/dynamixel_sdk/port_handler.py
[1.340s] -- Symlinking: /home/aaphatak/ros2_ws/install/dynamixel_sdk/lib/python3.12/site-packages/dynamixel_sdk/port_handler_arduino.cpp
[1.344s] -- Symlinking: /home/aaphatak/ros2_ws/install/dynamixel_sdk/lib/python3.12/site-packages/dynamixel_sdk/port_handler_linux.cpp
[1.349s] -- Symlinking: /home/aaphatak/ros2_ws/install/dynamixel_sdk/lib/python3.12/site-packages/dynamixel_sdk/port_handler_mac.cpp
[1.353s] -- Symlinking: /home/aaphatak/ros2_ws/install/dynamixel_sdk/lib/python3.12/site-packages/dynamixel_sdk/port_handler_windows.cpp
[1.357s] -- Symlinking: /home/aaphatak/ros2_ws/install/dynamixel_sdk/lib/python3.12/site-packages/dynamixel_sdk/protocol1_packet_handler.cpp
[1.361s] -- Symlinking: /home/aaphatak/ros2_ws/install/dynamixel_sdk/lib/python3.12/site-packages/dynamixel_sdk/protocol1_packet_handler.py
[1.366s] -- Symlinking: /home/aaphatak/ros2_ws/install/dynamixel_sdk/lib/python3.12/site-packages/dynamixel_sdk/protocol2_packet_handler.cpp
[1.370s] -- Symlinking: /home/aaphatak/ros2_ws/install/dynamixel_sdk/lib/python3.12/site-packages/dynamixel_sdk/protocol2_packet_handler.py
[1.374s] -- Symlinking: /home/aaphatak/ros2_ws/install/dynamixel_sdk/lib/python3.12/site-packages/dynamixel_sdk/robotis_def.py
[1.378s] -- Symlinking: /home/aaphatak/ros2_ws/install/dynamixel_sdk/share/dynamixel_sdk/environment/library_path.sh
[1.383s] -- Symlinking: /home/aaphatak/ros2_ws/install/dynamixel_sdk/share/dynamixel_sdk/environment/library_path.dsv
[1.387s] -- Symlinking: /home/aaphatak/ros2_ws/install/dynamixel_sdk/share/ament_index/resource_index/package_run_dependencies/dynamixel_sdk
[1.394s] -- Symlinking: /home/aaphatak/ros2_ws/install/dynamixel_sdk/share/ament_index/resource_index/parent_prefix_path/dynamixel_sdk
[1.401s] -- Symlinking: /home/aaphatak/ros2_ws/install/dynamixel_sdk/share/dynamixel_sdk/environment/ament_prefix_path.sh
[1.404s] -- Symlinking: /home/aaphatak/ros2_ws/install/dynamixel_sdk/share/dynamixel_sdk/environment/ament_prefix_path.dsv
[1.410s] -- Symlinking: /home/aaphatak/ros2_ws/install/dynamixel_sdk/share/dynamixel_sdk/environment/path.sh
[1.415s] -- Symlinking: /home/aaphatak/ros2_ws/install/dynamixel_sdk/share/dynamixel_sdk/environment/path.dsv
[1.420s] -- Symlinking: /home/aaphatak/ros2_ws/install/dynamixel_sdk/share/dynamixel_sdk/local_setup.bash
[1.425s] -- Symlinking: /home/aaphatak/ros2_ws/install/dynamixel_sdk/share/dynamixel_sdk/local_setup.sh
[1.429s] -- Symlinking: /home/aaphatak/ros2_ws/install/dynamixel_sdk/share/dynamixel_sdk/local_setup.zsh
[1.433s] -- Symlinking: /home/aaphatak/ros2_ws/install/dynamixel_sdk/share/dynamixel_sdk/local_setup.dsv
[1.438s] -- Symlinking: /home/aaphatak/ros2_ws/install/dynamixel_sdk/share/dynamixel_sdk/package.dsv
[1.442s] -- Symlinking: /home/aaphatak/ros2_ws/install/dynamixel_sdk/share/ament_index/resource_index/packages/dynamixel_sdk
[1.447s] -- Symlinking: /home/aaphatak/ros2_ws/install/dynamixel_sdk/share/dynamixel_sdk/cmake/ament_cmake_export_targets-extras.cmake
[1.454s] -- Symlinking: /home/aaphatak/ros2_ws/install/dynamixel_sdk/share/dynamixel_sdk/cmake/ament_cmake_export_include_directories-extras.cmake
[1.459s] -- Symlinking: /home/aaphatak/ros2_ws/install/dynamixel_sdk/share/dynamixel_sdk/cmake/ament_cmake_export_libraries-extras.cmake
[1.462s] -- Symlinking: /home/aaphatak/ros2_ws/install/dynamixel_sdk/share/dynamixel_sdk/cmake/dynamixel_sdkConfig.cmake
[1.466s] -- Symlinking: /home/aaphatak/ros2_ws/install/dynamixel_sdk/share/dynamixel_sdk/cmake/dynamixel_sdkConfig-version.cmake
[1.470s] -- Symlinking: /home/aaphatak/ros2_ws/install/dynamixel_sdk/share/dynamixel_sdk/package.xml
[1.474s] -- Installing: /home/aaphatak/ros2_ws/install/dynamixel_sdk/lib/libdynamixel_sdk.so
[1.503s] Listing '/home/aaphatak/ros2_ws/install/dynamixel_sdk/lib/python3.12/site-packages/dynamixel_sdk'...
[1.503s] Compiling '/home/aaphatak/ros2_ws/install/dynamixel_sdk/lib/python3.12/site-packages/dynamixel_sdk/__init__.py'...
[1.503s] Compiling '/home/aaphatak/ros2_ws/install/dynamixel_sdk/lib/python3.12/site-packages/dynamixel_sdk/group_bulk_read.py'...
[1.503s] Compiling '/home/aaphatak/ros2_ws/install/dynamixel_sdk/lib/python3.12/site-packages/dynamixel_sdk/group_bulk_write.py'...
[1.503s] Compiling '/home/aaphatak/ros2_ws/install/dynamixel_sdk/lib/python3.12/site-packages/dynamixel_sdk/group_sync_read.py'...
[1.503s] Compiling '/home/aaphatak/ros2_ws/install/dynamixel_sdk/lib/python3.12/site-packages/dynamixel_sdk/group_sync_write.py'...
[1.503s] Compiling '/home/aaphatak/ros2_ws/install/dynamixel_sdk/lib/python3.12/site-packages/dynamixel_sdk/packet_handler.py'...
[1.503s] Compiling '/home/aaphatak/ros2_ws/install/dynamixel_sdk/lib/python3.12/site-packages/dynamixel_sdk/port_handler.py'...
[1.503s] Compiling '/home/aaphatak/ros2_ws/install/dynamixel_sdk/lib/python3.12/site-packages/dynamixel_sdk/protocol1_packet_handler.py'...
[1.503s] Compiling '/home/aaphatak/ros2_ws/install/dynamixel_sdk/lib/python3.12/site-packages/dynamixel_sdk/protocol2_packet_handler.py'...
[1.503s] Compiling '/home/aaphatak/ros2_ws/install/dynamixel_sdk/lib/python3.12/site-packages/dynamixel_sdk/robotis_def.py'...
[1.507s] -- Installing: /home/aaphatak/ros2_ws/install/dynamixel_sdk/share/dynamixel_sdk/cmake/dynamixel_sdkExport.cmake
[1.507s] -- Installing: /home/aaphatak/ros2_ws/install/dynamixel_sdk/share/dynamixel_sdk/cmake/dynamixel_sdkExport-noconfig.cmake
[1.508s] Invoked command in '/home/aaphatak/ros2_ws/build/dynamixel_sdk' returned '0': CMAKE_PREFIX_PATH=${CMAKE_PREFIX_PATH}:/home/aaphatak/ros2_ws/src/turtlebot3_ws/install/turtlebot3_teleop:/home/aaphatak/ros2_ws/src/turtlebot3_ws/install/turtlebot3_example:/home/aaphatak/turtlebot3_ws/install/turtlebot3_teleop:/home/aaphatak/turtlebot3_ws/install/turtlebot3_example:/opt/ros/jazzy DEBUGINFOD_URLS=https://debuginfod.ubuntu.com /usr/bin/cmake --install /home/aaphatak/ros2_ws/build/dynamixel_sdk
