[0.006s] Invoking command in '/home/aaphatak/ros2_ws/build/turtlesim': CMAKE_PREFIX_PATH=${CMAKE_PREFIX_PATH}:/home/aaphatak/ros2_ws/src/turtlebot3_ws/install/turtlebot3_teleop:/home/aaphatak/ros2_ws/src/turtlebot3_ws/install/turtlebot3_example:/home/aaphatak/turtlebot3_ws/install/turtlebot3_teleop:/home/aaphatak/turtlebot3_ws/install/turtlebot3_example:/opt/ros/jazzy DEBUGINFOD_URLS=https://debuginfod.ubuntu.com /usr/bin/cmake /home/aaphatak/ros2_ws/src/ros_tutorials/turtlesim -DAMENT_CMAKE_SYMLINK_INSTALL=1 -DCMAKE_INSTALL_PREFIX=/home/aaphatak/ros2_ws/install/turtlesim
[0.057s] -- The C compiler identification is GNU 13.3.0
[0.122s] -- The CXX compiler identification is GNU 13.3.0
[0.141s] -- Detecting C compiler ABI info
[0.226s] -- Detecting C compiler ABI info - done
[0.231s] -- Check for working C compiler: /usr/bin/cc - skipped
[0.231s] -- Detecting C compile features
[0.231s] -- Detecting C compile features - done
[0.248s] -- Detecting CXX compiler ABI info
[0.342s] -- Detecting CXX compiler ABI info - done
[0.351s] -- Check for working CXX compiler: /usr/bin/c++ - skipped
[0.351s] -- Detecting CXX compile features
[0.351s] -- Detecting CXX compile features - done
[0.359s] -- Found ament_cmake: 2.5.4 (/opt/ros/jazzy/share/ament_cmake/cmake)
[0.524s] -- Found Python3: /usr/bin/python3 (found version "3.12.3") found components: Interpreter 
[0.565s] -- Override CMake install command with custom implementation using symlinks instead of copying resources
[0.639s] -- Found ament_index_cpp: 1.8.1 (/opt/ros/jazzy/share/ament_index_cpp/cmake)
[0.640s] -- Found geometry_msgs: 5.3.6 (/opt/ros/jazzy/share/geometry_msgs/cmake)
[0.710s] -- Found rosidl_generator_c: 4.6.6 (/opt/ros/jazzy/share/rosidl_generator_c/cmake)
[0.735s] -- Found rosidl_generator_cpp: 4.6.6 (/opt/ros/jazzy/share/rosidl_generator_cpp/cmake)
[0.757s] -- Using all available rosidl_typesupport_c: rosidl_typesupport_fastrtps_c;rosidl_typesupport_introspection_c
[0.784s] -- Using all available rosidl_typesupport_cpp: rosidl_typesupport_fastrtps_cpp;rosidl_typesupport_introspection_cpp
[0.841s] -- Found rcl_interfaces: 2.0.3 (/opt/ros/jazzy/share/rcl_interfaces/cmake)
[0.861s] -- Found rclcpp: 28.1.12 (/opt/ros/jazzy/share/rclcpp/cmake)
[0.881s] -- Found rmw_implementation_cmake: 7.3.2 (/opt/ros/jazzy/share/rmw_implementation_cmake/cmake)
[0.885s] -- Found rmw_fastrtps_cpp: 8.4.3 (/opt/ros/jazzy/share/rmw_fastrtps_cpp/cmake)
[0.991s] -- Found OpenSSL: /usr/lib/aarch64-linux-gnu/libcrypto.so (found version "3.0.13")  
[1.025s] -- Found FastRTPS: /opt/ros/jazzy/include (Required is at least version "2.13") 
[1.051s] -- Using RMW implementation 'rmw_fastrtps_cpp' as default
[1.142s] -- Found rclcpp_action: 28.1.12 (/opt/ros/jazzy/share/rclcpp_action/cmake)
[1.200s] -- Found rosidl_default_generators: 1.6.0 (/opt/ros/jazzy/share/rosidl_default_generators/cmake)
[1.225s] -- Found rosidl_adapter: 4.6.6 (/opt/ros/jazzy/share/rosidl_adapter/cmake)
[1.231s] -- Found std_srvs: 5.3.6 (/opt/ros/jazzy/share/std_srvs/cmake)
[1.961s] -- Found ament_cmake_ros: 0.12.0 (/opt/ros/jazzy/share/ament_cmake_ros/cmake)
[2.709s] -- Using all available rosidl_typesupport_c: rosidl_typesupport_fastrtps_c;rosidl_typesupport_introspection_c
[3.058s] -- Using all available rosidl_typesupport_cpp: rosidl_typesupport_fastrtps_cpp;rosidl_typesupport_introspection_cpp
[3.064s] -- Found python_cmake_module: 0.11.1 (/opt/ros/jazzy/share/python_cmake_module/cmake)
[3.196s] -- Found PythonExtra: /usr/bin/python3  
[3.643s] -- Found Python3: /usr/bin/python3 (found version "3.12.3") found components: Interpreter Development NumPy Development.Module Development.Embed 
[3.694s] -- Found ament_lint_auto: 0.17.3 (/opt/ros/jazzy/share/ament_lint_auto/cmake)
[3.741s] -- Added test 'copyright' to check source files copyright and LICENSE
[3.742s] -- Added test 'cppcheck' to perform static code analysis on C / C++ code
[3.743s] -- Configured cppcheck include dirs: /home/aaphatak/ros2_ws/src/ros_tutorials/turtlesim/include
[3.743s] -- Configured cppcheck exclude dirs and/or files: 
[3.748s] -- Added test 'cpplint' to check C / C++ code against the Google style
[3.748s] -- Configured cpplint exclude dirs and/or files: 
[3.748s] -- Added test 'flake8' to check Python code syntax and style conventions
[3.748s] -- Configured 'flake8' exclude dirs and/or files: 
[3.752s] -- Added test 'lint_cmake' to check CMake code style
[3.753s] -- Added test 'pep257' to check Python code against some of the docstring style conventions in PEP 257
[3.754s] -- Added test 'uncrustify' to check C / C++ code style
[3.754s] -- Configured uncrustify additional arguments: 
[3.757s] -- Added test 'xmllint' to check XML markup files
[3.764s] -- Configuring done (3.8s)
[3.815s] -- Generating done (0.0s)
[3.827s] -- Build files have been written to: /home/aaphatak/ros2_ws/build/turtlesim
[3.844s] Invoked command in '/home/aaphatak/ros2_ws/build/turtlesim' returned '0': CMAKE_PREFIX_PATH=${CMAKE_PREFIX_PATH}:/home/aaphatak/ros2_ws/src/turtlebot3_ws/install/turtlebot3_teleop:/home/aaphatak/ros2_ws/src/turtlebot3_ws/install/turtlebot3_example:/home/aaphatak/turtlebot3_ws/install/turtlebot3_teleop:/home/aaphatak/turtlebot3_ws/install/turtlebot3_example:/opt/ros/jazzy DEBUGINFOD_URLS=https://debuginfod.ubuntu.com /usr/bin/cmake /home/aaphatak/ros2_ws/src/ros_tutorials/turtlesim -DAMENT_CMAKE_SYMLINK_INSTALL=1 -DCMAKE_INSTALL_PREFIX=/home/aaphatak/ros2_ws/install/turtlesim
[3.845s] Invoking command in '/home/aaphatak/ros2_ws/build/turtlesim': CMAKE_PREFIX_PATH=${CMAKE_PREFIX_PATH}:/home/aaphatak/ros2_ws/src/turtlebot3_ws/install/turtlebot3_teleop:/home/aaphatak/ros2_ws/src/turtlebot3_ws/install/turtlebot3_example:/home/aaphatak/turtlebot3_ws/install/turtlebot3_teleop:/home/aaphatak/turtlebot3_ws/install/turtlebot3_example:/opt/ros/jazzy DEBUGINFOD_URLS=https://debuginfod.ubuntu.com /usr/bin/cmake --build /home/aaphatak/ros2_ws/build/turtlesim -- -j4 -l4
[3.925s] [  0%] [34m[1mGenerating type hashes for ROS interfaces[0m
[3.942s] [  0%] Built target ament_cmake_python_symlink_turtlesim
[4.139s] running egg_info
[4.139s] creating turtlesim.egg-info
[4.155s] writing turtlesim.egg-info/PKG-INFO
[4.155s] writing dependency_links to turtlesim.egg-info/dependency_links.txt
[4.157s] writing top-level names to turtlesim.egg-info/top_level.txt
[4.157s] writing manifest file 'turtlesim.egg-info/SOURCES.txt'
[4.214s] reading manifest file 'turtlesim.egg-info/SOURCES.txt'
[4.218s] writing manifest file 'turtlesim.egg-info/SOURCES.txt'
[4.255s] [  0%] Built target turtlesim__rosidl_generator_type_description
[4.255s] [  0%] Built target ament_cmake_python_build_turtlesim_egg
[4.266s] [  1%] [34m[1mGenerating C code for ROS interfaces[0m
[4.286s] [  2%] [34m[1mGenerating C++ code for ROS interfaces[0m
[5.064s] [  2%] Built target turtlesim__cpp
[5.347s] [  3%] [32mBuilding C object CMakeFiles/turtlesim__rosidl_generator_c.dir/rosidl_generator_c/turtlesim/action/detail/rotate_absolute__description.c.o[0m
[5.350s] [  4%] [32mBuilding C object CMakeFiles/turtlesim__rosidl_generator_c.dir/rosidl_generator_c/turtlesim/action/detail/rotate_absolute__functions.c.o[0m
[5.353s] [  5%] [32mBuilding C object CMakeFiles/turtlesim__rosidl_generator_c.dir/rosidl_generator_c/turtlesim/msg/detail/color__description.c.o[0m
[5.358s] [  6%] [32mBuilding C object CMakeFiles/turtlesim__rosidl_generator_c.dir/rosidl_generator_c/turtlesim/action/detail/rotate_absolute__type_support.c.o[0m
[5.403s] [  7%] [32mBuilding C object CMakeFiles/turtlesim__rosidl_generator_c.dir/rosidl_generator_c/turtlesim/msg/detail/color__functions.c.o[0m
[5.414s] [  7%] [32mBuilding C object CMakeFiles/turtlesim__rosidl_generator_c.dir/rosidl_generator_c/turtlesim/msg/detail/color__type_support.c.o[0m
[5.435s] [  8%] [32mBuilding C object CMakeFiles/turtlesim__rosidl_generator_c.dir/rosidl_generator_c/turtlesim/msg/detail/pose__description.c.o[0m
[5.456s] [  9%] [32mBuilding C object CMakeFiles/turtlesim__rosidl_generator_c.dir/rosidl_generator_c/turtlesim/msg/detail/pose__type_support.c.o[0m
[5.456s] [ 10%] [32mBuilding C object CMakeFiles/turtlesim__rosidl_generator_c.dir/rosidl_generator_c/turtlesim/msg/detail/pose__functions.c.o[0m
[5.478s] [ 11%] [32mBuilding C object CMakeFiles/turtlesim__rosidl_generator_c.dir/rosidl_generator_c/turtlesim/srv/detail/kill__description.c.o[0m
[5.493s] [ 12%] [32mBuilding C object CMakeFiles/turtlesim__rosidl_generator_c.dir/rosidl_generator_c/turtlesim/srv/detail/kill__functions.c.o[0m
[5.495s] [ 13%] [32mBuilding C object CMakeFiles/turtlesim__rosidl_generator_c.dir/rosidl_generator_c/turtlesim/srv/detail/kill__type_support.c.o[0m
[5.503s] [ 13%] [32mBuilding C object CMakeFiles/turtlesim__rosidl_generator_c.dir/rosidl_generator_c/turtlesim/srv/detail/set_pen__description.c.o[0m
[5.520s] [ 14%] [32mBuilding C object CMakeFiles/turtlesim__rosidl_generator_c.dir/rosidl_generator_c/turtlesim/srv/detail/set_pen__functions.c.o[0m
[5.544s] [ 15%] [32mBuilding C object CMakeFiles/turtlesim__rosidl_generator_c.dir/rosidl_generator_c/turtlesim/srv/detail/set_pen__type_support.c.o[0m
[5.549s] [ 16%] [32mBuilding C object CMakeFiles/turtlesim__rosidl_generator_c.dir/rosidl_generator_c/turtlesim/srv/detail/spawn__description.c.o[0m
[5.575s] [ 17%] [32mBuilding C object CMakeFiles/turtlesim__rosidl_generator_c.dir/rosidl_generator_c/turtlesim/srv/detail/spawn__functions.c.o[0m
[5.577s] [ 18%] [32mBuilding C object CMakeFiles/turtlesim__rosidl_generator_c.dir/rosidl_generator_c/turtlesim/srv/detail/spawn__type_support.c.o[0m
[5.594s] [ 19%] [32mBuilding C object CMakeFiles/turtlesim__rosidl_generator_c.dir/rosidl_generator_c/turtlesim/srv/detail/teleport_absolute__description.c.o[0m
[5.600s] [ 20%] [32mBuilding C object CMakeFiles/turtlesim__rosidl_generator_c.dir/rosidl_generator_c/turtlesim/srv/detail/teleport_absolute__functions.c.o[0m
[5.623s] [ 20%] [32mBuilding C object CMakeFiles/turtlesim__rosidl_generator_c.dir/rosidl_generator_c/turtlesim/srv/detail/teleport_absolute__type_support.c.o[0m
[5.644s] [ 21%] [32mBuilding C object CMakeFiles/turtlesim__rosidl_generator_c.dir/rosidl_generator_c/turtlesim/srv/detail/teleport_relative__functions.c.o[0m
[5.645s] [ 22%] [32mBuilding C object CMakeFiles/turtlesim__rosidl_generator_c.dir/rosidl_generator_c/turtlesim/srv/detail/teleport_relative__description.c.o[0m
[5.653s] [ 23%] [32mBuilding C object CMakeFiles/turtlesim__rosidl_generator_c.dir/rosidl_generator_c/turtlesim/srv/detail/teleport_relative__type_support.c.o[0m
[5.685s] [ 24%] [32m[1mLinking C shared library libturtlesim__rosidl_generator_c.so[0m
[5.707s] [ 24%] Built target turtlesim__rosidl_generator_c
[5.712s] [ 25%] [34m[1mGenerating C++ type support dispatch for ROS interfaces[0m
[5.715s] [ 26%] [34m[1mGenerating C type support for eProsima Fast-RTPS[0m
[5.717s] [ 27%] [34m[1mGenerating C introspection for ROS interfaces[0m
[5.718s] [ 28%] [34m[1mGenerating C++ type support for eProsima Fast-RTPS[0m
[6.185s] [ 29%] [32mBuilding CXX object CMakeFiles/turtlesim__rosidl_typesupport_cpp.dir/rosidl_typesupport_cpp/turtlesim/action/rotate_absolute__type_support.cpp.o[0m
[6.804s] [ 30%] [32mBuilding CXX object CMakeFiles/turtlesim__rosidl_typesupport_cpp.dir/rosidl_typesupport_cpp/turtlesim/msg/color__type_support.cpp.o[0m
[6.847s] [ 31%] [32mBuilding C object CMakeFiles/turtlesim__rosidl_typesupport_introspection_c.dir/rosidl_typesupport_introspection_c/turtlesim/action/detail/rotate_absolute__type_support.c.o[0m
[6.919s] [ 32%] [32mBuilding C object CMakeFiles/turtlesim__rosidl_typesupport_introspection_c.dir/rosidl_typesupport_introspection_c/turtlesim/msg/detail/color__type_support.c.o[0m
[6.966s] [ 32%] [32mBuilding C object CMakeFiles/turtlesim__rosidl_typesupport_introspection_c.dir/rosidl_typesupport_introspection_c/turtlesim/msg/detail/pose__type_support.c.o[0m
[6.966s] [ 33%] [32mBuilding CXX object CMakeFiles/turtlesim__rosidl_typesupport_fastrtps_cpp.dir/rosidl_typesupport_fastrtps_cpp/turtlesim/action/detail/dds_fastrtps/rotate_absolute__type_support.cpp.o[0m
[6.993s] [ 34%] [32mBuilding C object CMakeFiles/turtlesim__rosidl_typesupport_introspection_c.dir/rosidl_typesupport_introspection_c/turtlesim/srv/detail/kill__type_support.c.o[0m
[7.019s] [ 35%] [32mBuilding CXX object CMakeFiles/turtlesim__rosidl_typesupport_cpp.dir/rosidl_typesupport_cpp/turtlesim/msg/pose__type_support.cpp.o[0m
[7.028s] [ 36%] [32mBuilding C object CMakeFiles/turtlesim__rosidl_typesupport_introspection_c.dir/rosidl_typesupport_introspection_c/turtlesim/srv/detail/set_pen__type_support.c.o[0m
[7.064s] [ 37%] [32mBuilding C object CMakeFiles/turtlesim__rosidl_typesupport_introspection_c.dir/rosidl_typesupport_introspection_c/turtlesim/srv/detail/spawn__type_support.c.o[0m
[7.121s] [ 38%] [32mBuilding C object CMakeFiles/turtlesim__rosidl_typesupport_introspection_c.dir/rosidl_typesupport_introspection_c/turtlesim/srv/detail/teleport_absolute__type_support.c.o[0m
[7.204s] [ 39%] [32mBuilding C object CMakeFiles/turtlesim__rosidl_typesupport_introspection_c.dir/rosidl_typesupport_introspection_c/turtlesim/srv/detail/teleport_relative__type_support.c.o[0m
[7.224s] [ 39%] [32mBuilding CXX object CMakeFiles/turtlesim__rosidl_typesupport_fastrtps_c.dir/rosidl_typesupport_fastrtps_c/turtlesim/action/detail/rotate_absolute__type_support_c.cpp.o[0m
[7.263s] [ 39%] [32mBuilding CXX object CMakeFiles/turtlesim__rosidl_typesupport_cpp.dir/rosidl_typesupport_cpp/turtlesim/srv/kill__type_support.cpp.o[0m
[7.271s] [ 40%] [32m[1mLinking C shared library libturtlesim__rosidl_typesupport_introspection_c.so[0m
[7.318s] [ 40%] Built target turtlesim__rosidl_typesupport_introspection_c
[7.329s] [ 41%] [34m[1mGenerating C type support dispatch for ROS interfaces[0m
[7.620s] [ 42%] [32mBuilding CXX object CMakeFiles/turtlesim__rosidl_typesupport_cpp.dir/rosidl_typesupport_cpp/turtlesim/srv/set_pen__type_support.cpp.o[0m
[7.774s] [ 43%] [32mBuilding CXX object CMakeFiles/turtlesim__rosidl_typesupport_fastrtps_c.dir/rosidl_typesupport_fastrtps_c/turtlesim/msg/detail/color__type_support_c.cpp.o[0m
[7.911s] [ 44%] [32mBuilding CXX object CMakeFiles/turtlesim__rosidl_typesupport_cpp.dir/rosidl_typesupport_cpp/turtlesim/srv/spawn__type_support.cpp.o[0m
[7.954s] [ 45%] [32mBuilding CXX object CMakeFiles/turtlesim__rosidl_typesupport_c.dir/rosidl_typesupport_c/turtlesim/action/rotate_absolute__type_support.cpp.o[0m
[8.033s] [ 46%] [32mBuilding CXX object CMakeFiles/turtlesim__rosidl_typesupport_c.dir/rosidl_typesupport_c/turtlesim/msg/color__type_support.cpp.o[0m
[8.033s] [ 47%] [32mBuilding CXX object CMakeFiles/turtlesim__rosidl_typesupport_fastrtps_cpp.dir/rosidl_typesupport_fastrtps_cpp/turtlesim/msg/detail/dds_fastrtps/color__type_support.cpp.o[0m
[8.076s] [ 48%] [32mBuilding CXX object CMakeFiles/turtlesim__rosidl_typesupport_c.dir/rosidl_typesupport_c/turtlesim/msg/pose__type_support.cpp.o[0m
[8.120s] [ 49%] [32mBuilding CXX object CMakeFiles/turtlesim__rosidl_typesupport_c.dir/rosidl_typesupport_c/turtlesim/srv/kill__type_support.cpp.o[0m
[8.177s] [ 50%] [32mBuilding CXX object CMakeFiles/turtlesim__rosidl_typesupport_c.dir/rosidl_typesupport_c/turtlesim/srv/set_pen__type_support.cpp.o[0m
[8.183s] [ 51%] [32mBuilding CXX object CMakeFiles/turtlesim__rosidl_typesupport_fastrtps_c.dir/rosidl_typesupport_fastrtps_c/turtlesim/msg/detail/pose__type_support_c.cpp.o[0m
[8.189s] [ 52%] [32mBuilding CXX object CMakeFiles/turtlesim__rosidl_typesupport_cpp.dir/rosidl_typesupport_cpp/turtlesim/srv/teleport_absolute__type_support.cpp.o[0m
[8.224s] [ 52%] [32mBuilding CXX object CMakeFiles/turtlesim__rosidl_typesupport_c.dir/rosidl_typesupport_c/turtlesim/srv/spawn__type_support.cpp.o[0m
[8.261s] [ 53%] [32mBuilding CXX object CMakeFiles/turtlesim__rosidl_typesupport_fastrtps_cpp.dir/rosidl_typesupport_fastrtps_cpp/turtlesim/msg/detail/dds_fastrtps/pose__type_support.cpp.o[0m
[8.268s] [ 54%] [32mBuilding CXX object CMakeFiles/turtlesim__rosidl_typesupport_c.dir/rosidl_typesupport_c/turtlesim/srv/teleport_absolute__type_support.cpp.o[0m
[8.317s] [ 55%] [32mBuilding CXX object CMakeFiles/turtlesim__rosidl_typesupport_c.dir/rosidl_typesupport_c/turtlesim/srv/teleport_relative__type_support.cpp.o[0m
[8.366s] [ 56%] [32m[1mLinking CXX shared library libturtlesim__rosidl_typesupport_c.so[0m
[8.412s] [ 56%] Built target turtlesim__rosidl_typesupport_c
[8.425s] [ 57%] [32mBuilding CXX object CMakeFiles/turtlesim__rosidl_typesupport_cpp.dir/rosidl_typesupport_cpp/turtlesim/srv/teleport_relative__type_support.cpp.o[0m
[8.468s] [ 58%] [32mBuilding CXX object CMakeFiles/turtlesim__rosidl_typesupport_fastrtps_c.dir/rosidl_typesupport_fastrtps_c/turtlesim/srv/detail/kill__type_support_c.cpp.o[0m
[8.504s] [ 58%] [34m[1mGenerating C++ introspection for ROS interfaces[0m
[8.546s] [ 59%] [32mBuilding CXX object CMakeFiles/turtlesim__rosidl_typesupport_fastrtps_cpp.dir/rosidl_typesupport_fastrtps_cpp/turtlesim/srv/detail/dds_fastrtps/kill__type_support.cpp.o[0m
[8.734s] [ 60%] [32m[1mLinking CXX shared library libturtlesim__rosidl_typesupport_cpp.so[0m
[8.832s] [ 60%] Built target turtlesim__rosidl_typesupport_cpp
[8.847s] [ 60%] [32mBuilding CXX object CMakeFiles/turtlesim__rosidl_typesupport_fastrtps_cpp.dir/rosidl_typesupport_fastrtps_cpp/turtlesim/srv/detail/dds_fastrtps/set_pen__type_support.cpp.o[0m
[8.854s] [ 61%] [32mBuilding CXX object CMakeFiles/turtlesim__rosidl_typesupport_fastrtps_c.dir/rosidl_typesupport_fastrtps_c/turtlesim/srv/detail/set_pen__type_support_c.cpp.o[0m
[8.877s] [ 62%] [32mBuilding CXX object CMakeFiles/turtlesim__rosidl_typesupport_fastrtps_c.dir/rosidl_typesupport_fastrtps_c/turtlesim/srv/detail/spawn__type_support_c.cpp.o[0m
[9.137s] [ 63%] [32mBuilding CXX object CMakeFiles/turtlesim__rosidl_typesupport_introspection_cpp.dir/rosidl_typesupport_introspection_cpp/turtlesim/action/detail/rotate_absolute__type_support.cpp.o[0m
[9.212s] [ 64%] [32mBuilding CXX object CMakeFiles/turtlesim__rosidl_typesupport_fastrtps_c.dir/rosidl_typesupport_fastrtps_c/turtlesim/srv/detail/teleport_absolute__type_support_c.cpp.o[0m
[9.356s] [ 64%] [32mBuilding CXX object CMakeFiles/turtlesim__rosidl_typesupport_fastrtps_c.dir/rosidl_typesupport_fastrtps_c/turtlesim/srv/detail/teleport_relative__type_support_c.cpp.o[0m
[9.386s] [ 65%] [32mBuilding CXX object CMakeFiles/turtlesim__rosidl_typesupport_fastrtps_cpp.dir/rosidl_typesupport_fastrtps_cpp/turtlesim/srv/detail/dds_fastrtps/spawn__type_support.cpp.o[0m
[9.632s] [ 66%] [32mBuilding CXX object CMakeFiles/turtlesim__rosidl_typesupport_introspection_cpp.dir/rosidl_typesupport_introspection_cpp/turtlesim/msg/detail/color__type_support.cpp.o[0m
[9.656s] [ 67%] [32mBuilding CXX object CMakeFiles/turtlesim__rosidl_typesupport_fastrtps_cpp.dir/rosidl_typesupport_fastrtps_cpp/turtlesim/srv/detail/dds_fastrtps/teleport_absolute__type_support.cpp.o[0m
[9.671s] [ 68%] [32m[1mLinking CXX shared library libturtlesim__rosidl_typesupport_fastrtps_c.so[0m
[9.739s] [ 68%] Built target turtlesim__rosidl_typesupport_fastrtps_c
[9.749s] [ 69%] [34m[1mGenerating include/turtlesim/moc_turtle_frame.cpp[0m
[9.802s] [ 70%] [32mBuilding CXX object CMakeFiles/turtlesim__rosidl_typesupport_introspection_cpp.dir/rosidl_typesupport_introspection_cpp/turtlesim/msg/detail/pose__type_support.cpp.o[0m
[9.817s] [ 71%] [32mBuilding CXX object CMakeFiles/turtlesim_node.dir/src/turtlesim.cpp.o[0m
[9.882s] [ 72%] [32mBuilding CXX object CMakeFiles/turtlesim__rosidl_typesupport_fastrtps_cpp.dir/rosidl_typesupport_fastrtps_cpp/turtlesim/srv/detail/dds_fastrtps/teleport_relative__type_support.cpp.o[0m
[10.099s] [ 73%] [32mBuilding CXX object CMakeFiles/turtlesim__rosidl_typesupport_introspection_cpp.dir/rosidl_typesupport_introspection_cpp/turtlesim/srv/detail/kill__type_support.cpp.o[0m
[10.240s] [ 74%] [32mBuilding CXX object CMakeFiles/turtlesim__rosidl_typesupport_introspection_cpp.dir/rosidl_typesupport_introspection_cpp/turtlesim/srv/detail/set_pen__type_support.cpp.o[0m
[10.460s] [ 75%] [32m[1mLinking CXX shared library libturtlesim__rosidl_typesupport_fastrtps_cpp.so[0m
[10.546s] [ 75%] Built target turtlesim__rosidl_typesupport_fastrtps_cpp
[10.588s] [ 76%] [32mBuilding CXX object CMakeFiles/turtle_teleop_key.dir/tutorials/teleop_turtle_key.cpp.o[0m
[10.609s] [ 77%] [32mBuilding CXX object CMakeFiles/turtlesim__rosidl_typesupport_introspection_cpp.dir/rosidl_typesupport_introspection_cpp/turtlesim/srv/detail/spawn__type_support.cpp.o[0m
[10.622s] [ 78%] [32mBuilding CXX object CMakeFiles/turtlesim_node.dir/src/turtle.cpp.o[0m
[11.020s] [ 78%] [32mBuilding CXX object CMakeFiles/turtlesim__rosidl_typesupport_introspection_cpp.dir/rosidl_typesupport_introspection_cpp/turtlesim/srv/detail/teleport_absolute__type_support.cpp.o[0m
[11.606s] [ 79%] [32mBuilding CXX object CMakeFiles/turtlesim__rosidl_typesupport_introspection_cpp.dir/rosidl_typesupport_introspection_cpp/turtlesim/srv/detail/teleport_relative__type_support.cpp.o[0m
[11.947s] [ 80%] [32m[1mLinking CXX shared library libturtlesim__rosidl_typesupport_introspection_cpp.so[0m
[12.058s] [ 80%] Built target turtlesim__rosidl_typesupport_introspection_cpp
[12.087s] [ 80%] [32mBuilding CXX object CMakeFiles/draw_square.dir/tutorials/draw_square.cpp.o[0m
[17.681s] [ 81%] [32mBuilding CXX object CMakeFiles/turtlesim_node.dir/src/turtle_frame.cpp.o[0m
[22.077s] [ 82%] [32m[1mLinking CXX executable turtle_teleop_key[0m
[22.405s] [ 82%] Built target turtle_teleop_key
[22.446s] [ 83%] [32mBuilding CXX object CMakeFiles/mimic.dir/tutorials/mimic.cpp.o[0m
[36.710s] [ 84%] [32m[1mLinking CXX executable draw_square[0m
[37.605s] [ 84%] Built target draw_square
[41.863s] [ 85%] [32m[1mLinking CXX executable mimic[0m
[42.191s] [ 85%] Built target mimic
[43.288s] [ 85%] [32mBuilding CXX object CMakeFiles/turtlesim_node.dir/include/turtlesim/moc_turtle_frame.cpp.o[0m
[46.155s] [ 86%] [32m[1mLinking CXX executable turtlesim_node[0m
[47.467s] [ 86%] Built target turtlesim_node
[47.478s] [ 86%] Built target turtlesim
[47.489s] [ 86%] [34m[1mGenerating Python code for ROS interfaces[0m
[48.319s] [ 86%] Built target turtlesim__py
[48.332s] [ 87%] [32mBuilding C object CMakeFiles/turtlesim__rosidl_generator_py.dir/rosidl_generator_py/turtlesim/action/_rotate_absolute_s.c.o[0m
[48.467s] [ 88%] [32mBuilding C object CMakeFiles/turtlesim__rosidl_generator_py.dir/rosidl_generator_py/turtlesim/srv/_kill_s.c.o[0m
[48.535s] [ 89%] [32mBuilding C object CMakeFiles/turtlesim__rosidl_generator_py.dir/rosidl_generator_py/turtlesim/srv/_set_pen_s.c.o[0m
[48.602s] [ 90%] [32mBuilding C object CMakeFiles/turtlesim__rosidl_generator_py.dir/rosidl_generator_py/turtlesim/srv/_spawn_s.c.o[0m
[48.669s] [ 91%] [32mBuilding C object CMakeFiles/turtlesim__rosidl_generator_py.dir/rosidl_generator_py/turtlesim/srv/_teleport_absolute_s.c.o[0m
[48.734s] [ 92%] [32mBuilding C object CMakeFiles/turtlesim__rosidl_generator_py.dir/rosidl_generator_py/turtlesim/srv/_teleport_relative_s.c.o[0m
[48.800s] [ 92%] [32mBuilding C object CMakeFiles/turtlesim__rosidl_generator_py.dir/rosidl_generator_py/turtlesim/msg/_pose_s.c.o[0m
[48.859s] [ 93%] [32mBuilding C object CMakeFiles/turtlesim__rosidl_generator_py.dir/rosidl_generator_py/turtlesim/msg/_color_s.c.o[0m
[48.916s] [ 94%] [32m[1mLinking C shared library libturtlesim__rosidl_generator_py.so[0m
[48.942s] [ 94%] Built target turtlesim__rosidl_generator_py
[48.952s] [ 95%] [32mBuilding C object CMakeFiles/turtlesim_s__rosidl_typesupport_fastrtps_c.dir/rosidl_generator_py/turtlesim/_turtlesim_s.ep.rosidl_typesupport_fastrtps_c.c.o[0m
[49.035s] [ 96%] [32m[1mLinking C shared module rosidl_generator_py/turtlesim/turtlesim_s__rosidl_typesupport_fastrtps_c.so[0m
[49.053s] [ 96%] Built target turtlesim_s__rosidl_typesupport_fastrtps_c
[49.063s] [ 97%] [32mBuilding C object CMakeFiles/turtlesim_s__rosidl_typesupport_c.dir/rosidl_generator_py/turtlesim/_turtlesim_s.ep.rosidl_typesupport_c.c.o[0m
[49.153s] [ 98%] [32m[1mLinking C shared module rosidl_generator_py/turtlesim/turtlesim_s__rosidl_typesupport_c.so[0m
[49.170s] [ 98%] Built target turtlesim_s__rosidl_typesupport_c
[49.182s] [ 99%] [32mBuilding C object CMakeFiles/turtlesim_s__rosidl_typesupport_introspection_c.dir/rosidl_generator_py/turtlesim/_turtlesim_s.ep.rosidl_typesupport_introspection_c.c.o[0m
[49.259s] [100%] [32m[1mLinking C shared module rosidl_generator_py/turtlesim/turtlesim_s__rosidl_typesupport_introspection_c.so[0m
[49.276s] [100%] Built target turtlesim_s__rosidl_typesupport_introspection_c
[49.294s] Invoked command in '/home/aaphatak/ros2_ws/build/turtlesim' returned '0': CMAKE_PREFIX_PATH=${CMAKE_PREFIX_PATH}:/home/aaphatak/ros2_ws/src/turtlebot3_ws/install/turtlebot3_teleop:/home/aaphatak/ros2_ws/src/turtlebot3_ws/install/turtlebot3_example:/home/aaphatak/turtlebot3_ws/install/turtlebot3_teleop:/home/aaphatak/turtlebot3_ws/install/turtlebot3_example:/opt/ros/jazzy DEBUGINFOD_URLS=https://debuginfod.ubuntu.com /usr/bin/cmake --build /home/aaphatak/ros2_ws/build/turtlesim -- -j4 -l4
[49.297s] Invoking command in '/home/aaphatak/ros2_ws/build/turtlesim': CMAKE_PREFIX_PATH=${CMAKE_PREFIX_PATH}:/home/aaphatak/ros2_ws/src/turtlebot3_ws/install/turtlebot3_teleop:/home/aaphatak/ros2_ws/src/turtlebot3_ws/install/turtlebot3_example:/home/aaphatak/turtlebot3_ws/install/turtlebot3_teleop:/home/aaphatak/turtlebot3_ws/install/turtlebot3_example:/opt/ros/jazzy DEBUGINFOD_URLS=https://debuginfod.ubuntu.com /usr/bin/cmake --install /home/aaphatak/ros2_ws/build/turtlesim
[49.301s] -- Install configuration: ""
[49.302s] -- Execute custom install script
[49.302s] -- Symlinking: /home/aaphatak/ros2_ws/install/turtlesim/share/ament_index/resource_index/rosidl_interfaces/turtlesim
[49.308s] -- Symlinking: /home/aaphatak/ros2_ws/install/turtlesim/share/turtlesim/action/RotateAbsolute.json
[49.312s] -- Symlinking: /home/aaphatak/ros2_ws/install/turtlesim/share/turtlesim/msg/Color.json
[49.317s] -- Symlinking: /home/aaphatak/ros2_ws/install/turtlesim/share/turtlesim/msg/Pose.json
[49.323s] -- Symlinking: /home/aaphatak/ros2_ws/install/turtlesim/share/turtlesim/srv/Kill.json
[49.329s] -- Symlinking: /home/aaphatak/ros2_ws/install/turtlesim/share/turtlesim/srv/SetPen.json
[49.335s] -- Symlinking: /home/aaphatak/ros2_ws/install/turtlesim/share/turtlesim/srv/Spawn.json
[49.341s] -- Symlinking: /home/aaphatak/ros2_ws/install/turtlesim/share/turtlesim/srv/TeleportAbsolute.json
[49.347s] -- Symlinking: /home/aaphatak/ros2_ws/install/turtlesim/share/turtlesim/srv/TeleportRelative.json
[49.352s] -- Symlinking: /home/aaphatak/ros2_ws/install/turtlesim/include/turtlesim/turtlesim/action/detail/rotate_absolute__functions.h
[49.356s] -- Symlinking: /home/aaphatak/ros2_ws/install/turtlesim/include/turtlesim/turtlesim/action/detail/rotate_absolute__struct.h
[49.361s] -- Symlinking: /home/aaphatak/ros2_ws/install/turtlesim/include/turtlesim/turtlesim/action/detail/rotate_absolute__type_support.h
[49.365s] -- Symlinking: /home/aaphatak/ros2_ws/install/turtlesim/include/turtlesim/turtlesim/action/rotate_absolute.h
[49.369s] -- Symlinking: /home/aaphatak/ros2_ws/install/turtlesim/include/turtlesim/turtlesim/msg/color.h
[49.373s] -- Symlinking: /home/aaphatak/ros2_ws/install/turtlesim/include/turtlesim/turtlesim/msg/detail/color__functions.h
[49.378s] -- Symlinking: /home/aaphatak/ros2_ws/install/turtlesim/include/turtlesim/turtlesim/msg/detail/color__struct.h
[49.382s] -- Symlinking: /home/aaphatak/ros2_ws/install/turtlesim/include/turtlesim/turtlesim/msg/detail/color__type_support.h
[49.386s] -- Symlinking: /home/aaphatak/ros2_ws/install/turtlesim/include/turtlesim/turtlesim/msg/detail/pose__functions.h
[49.390s] -- Symlinking: /home/aaphatak/ros2_ws/install/turtlesim/include/turtlesim/turtlesim/msg/detail/pose__struct.h
[49.395s] -- Symlinking: /home/aaphatak/ros2_ws/install/turtlesim/include/turtlesim/turtlesim/msg/detail/pose__type_support.h
[49.399s] -- Symlinking: /home/aaphatak/ros2_ws/install/turtlesim/include/turtlesim/turtlesim/msg/pose.h
[49.403s] -- Symlinking: /home/aaphatak/ros2_ws/install/turtlesim/include/turtlesim/turtlesim/msg/rosidl_generator_c__visibility_control.h
[49.408s] -- Symlinking: /home/aaphatak/ros2_ws/install/turtlesim/include/turtlesim/turtlesim/srv/detail/kill__functions.h
[49.412s] -- Symlinking: /home/aaphatak/ros2_ws/install/turtlesim/include/turtlesim/turtlesim/srv/detail/kill__struct.h
[49.416s] -- Symlinking: /home/aaphatak/ros2_ws/install/turtlesim/include/turtlesim/turtlesim/srv/detail/kill__type_support.h
[49.419s] -- Symlinking: /home/aaphatak/ros2_ws/install/turtlesim/include/turtlesim/turtlesim/srv/detail/set_pen__functions.h
[49.423s] -- Symlinking: /home/aaphatak/ros2_ws/install/turtlesim/include/turtlesim/turtlesim/srv/detail/set_pen__struct.h
[49.427s] -- Symlinking: /home/aaphatak/ros2_ws/install/turtlesim/include/turtlesim/turtlesim/srv/detail/set_pen__type_support.h
[49.431s] -- Symlinking: /home/aaphatak/ros2_ws/install/turtlesim/include/turtlesim/turtlesim/srv/detail/spawn__functions.h
[49.435s] -- Symlinking: /home/aaphatak/ros2_ws/install/turtlesim/include/turtlesim/turtlesim/srv/detail/spawn__struct.h
[49.440s] -- Symlinking: /home/aaphatak/ros2_ws/install/turtlesim/include/turtlesim/turtlesim/srv/detail/spawn__type_support.h
[49.444s] -- Symlinking: /home/aaphatak/ros2_ws/install/turtlesim/include/turtlesim/turtlesim/srv/detail/teleport_absolute__functions.h
[49.448s] -- Symlinking: /home/aaphatak/ros2_ws/install/turtlesim/include/turtlesim/turtlesim/srv/detail/teleport_absolute__struct.h
[49.453s] -- Symlinking: /home/aaphatak/ros2_ws/install/turtlesim/include/turtlesim/turtlesim/srv/detail/teleport_absolute__type_support.h
[49.457s] -- Symlinking: /home/aaphatak/ros2_ws/install/turtlesim/include/turtlesim/turtlesim/srv/detail/teleport_relative__functions.h
[49.462s] -- Symlinking: /home/aaphatak/ros2_ws/install/turtlesim/include/turtlesim/turtlesim/srv/detail/teleport_relative__struct.h
[49.466s] -- Symlinking: /home/aaphatak/ros2_ws/install/turtlesim/include/turtlesim/turtlesim/srv/detail/teleport_relative__type_support.h
[49.470s] -- Symlinking: /home/aaphatak/ros2_ws/install/turtlesim/include/turtlesim/turtlesim/srv/kill.h
[49.479s] -- Symlinking: /home/aaphatak/ros2_ws/install/turtlesim/include/turtlesim/turtlesim/srv/set_pen.h
[49.485s] -- Symlinking: /home/aaphatak/ros2_ws/install/turtlesim/include/turtlesim/turtlesim/srv/spawn.h
[49.489s] -- Symlinking: /home/aaphatak/ros2_ws/install/turtlesim/include/turtlesim/turtlesim/srv/teleport_absolute.h
[49.494s] -- Symlinking: /home/aaphatak/ros2_ws/install/turtlesim/include/turtlesim/turtlesim/srv/teleport_relative.h
[49.498s] -- Symlinking: /home/aaphatak/ros2_ws/install/turtlesim/share/turtlesim/environment/library_path.sh
[49.503s] -- Symlinking: /home/aaphatak/ros2_ws/install/turtlesim/share/turtlesim/environment/library_path.dsv
[49.509s] -- Symlinking: /home/aaphatak/ros2_ws/install/turtlesim/include/turtlesim/turtlesim/action/detail/rotate_absolute__rosidl_typesupport_fastrtps_c.h
[49.514s] -- Symlinking: /home/aaphatak/ros2_ws/install/turtlesim/include/turtlesim/turtlesim/msg/detail/color__rosidl_typesupport_fastrtps_c.h
[49.519s] -- Symlinking: /home/aaphatak/ros2_ws/install/turtlesim/include/turtlesim/turtlesim/msg/detail/pose__rosidl_typesupport_fastrtps_c.h
[49.524s] -- Symlinking: /home/aaphatak/ros2_ws/install/turtlesim/include/turtlesim/turtlesim/msg/rosidl_typesupport_fastrtps_c__visibility_control.h
[49.528s] -- Symlinking: /home/aaphatak/ros2_ws/install/turtlesim/include/turtlesim/turtlesim/srv/detail/kill__rosidl_typesupport_fastrtps_c.h
[49.533s] -- Symlinking: /home/aaphatak/ros2_ws/install/turtlesim/include/turtlesim/turtlesim/srv/detail/set_pen__rosidl_typesupport_fastrtps_c.h
[49.537s] -- Symlinking: /home/aaphatak/ros2_ws/install/turtlesim/include/turtlesim/turtlesim/srv/detail/spawn__rosidl_typesupport_fastrtps_c.h
[49.541s] -- Symlinking: /home/aaphatak/ros2_ws/install/turtlesim/include/turtlesim/turtlesim/srv/detail/teleport_absolute__rosidl_typesupport_fastrtps_c.h
[49.545s] -- Symlinking: /home/aaphatak/ros2_ws/install/turtlesim/include/turtlesim/turtlesim/srv/detail/teleport_relative__rosidl_typesupport_fastrtps_c.h
[49.550s] -- Symlinking: /home/aaphatak/ros2_ws/install/turtlesim/include/turtlesim/turtlesim/action/detail/rotate_absolute__builder.hpp
[49.554s] -- Symlinking: /home/aaphatak/ros2_ws/install/turtlesim/include/turtlesim/turtlesim/action/detail/rotate_absolute__struct.hpp
[49.559s] -- Symlinking: /home/aaphatak/ros2_ws/install/turtlesim/include/turtlesim/turtlesim/action/detail/rotate_absolute__traits.hpp
[49.563s] -- Symlinking: /home/aaphatak/ros2_ws/install/turtlesim/include/turtlesim/turtlesim/action/detail/rotate_absolute__type_support.hpp
[49.568s] -- Symlinking: /home/aaphatak/ros2_ws/install/turtlesim/include/turtlesim/turtlesim/action/rotate_absolute.hpp
[49.572s] -- Symlinking: /home/aaphatak/ros2_ws/install/turtlesim/include/turtlesim/turtlesim/msg/color.hpp
[49.578s] -- Symlinking: /home/aaphatak/ros2_ws/install/turtlesim/include/turtlesim/turtlesim/msg/detail/color__builder.hpp
[49.584s] -- Symlinking: /home/aaphatak/ros2_ws/install/turtlesim/include/turtlesim/turtlesim/msg/detail/color__struct.hpp
[49.588s] -- Symlinking: /home/aaphatak/ros2_ws/install/turtlesim/include/turtlesim/turtlesim/msg/detail/color__traits.hpp
[49.593s] -- Symlinking: /home/aaphatak/ros2_ws/install/turtlesim/include/turtlesim/turtlesim/msg/detail/color__type_support.hpp
[49.597s] -- Symlinking: /home/aaphatak/ros2_ws/install/turtlesim/include/turtlesim/turtlesim/msg/detail/pose__builder.hpp
[49.602s] -- Symlinking: /home/aaphatak/ros2_ws/install/turtlesim/include/turtlesim/turtlesim/msg/detail/pose__struct.hpp
[49.607s] -- Symlinking: /home/aaphatak/ros2_ws/install/turtlesim/include/turtlesim/turtlesim/msg/detail/pose__traits.hpp
[49.612s] -- Symlinking: /home/aaphatak/ros2_ws/install/turtlesim/include/turtlesim/turtlesim/msg/detail/pose__type_support.hpp
[49.616s] -- Symlinking: /home/aaphatak/ros2_ws/install/turtlesim/include/turtlesim/turtlesim/msg/pose.hpp
[49.620s] -- Symlinking: /home/aaphatak/ros2_ws/install/turtlesim/include/turtlesim/turtlesim/msg/rosidl_generator_cpp__visibility_control.hpp
[49.626s] -- Symlinking: /home/aaphatak/ros2_ws/install/turtlesim/include/turtlesim/turtlesim/srv/detail/kill__builder.hpp
[49.632s] -- Symlinking: /home/aaphatak/ros2_ws/install/turtlesim/include/turtlesim/turtlesim/srv/detail/kill__struct.hpp
[49.637s] -- Symlinking: /home/aaphatak/ros2_ws/install/turtlesim/include/turtlesim/turtlesim/srv/detail/kill__traits.hpp
[49.643s] -- Symlinking: /home/aaphatak/ros2_ws/install/turtlesim/include/turtlesim/turtlesim/srv/detail/kill__type_support.hpp
[49.649s] -- Symlinking: /home/aaphatak/ros2_ws/install/turtlesim/include/turtlesim/turtlesim/srv/detail/set_pen__builder.hpp
[49.654s] -- Symlinking: /home/aaphatak/ros2_ws/install/turtlesim/include/turtlesim/turtlesim/srv/detail/set_pen__struct.hpp
[49.659s] -- Symlinking: /home/aaphatak/ros2_ws/install/turtlesim/include/turtlesim/turtlesim/srv/detail/set_pen__traits.hpp
[49.664s] -- Symlinking: /home/aaphatak/ros2_ws/install/turtlesim/include/turtlesim/turtlesim/srv/detail/set_pen__type_support.hpp
[49.676s] -- Symlinking: /home/aaphatak/ros2_ws/install/turtlesim/include/turtlesim/turtlesim/srv/detail/spawn__builder.hpp
[49.687s] -- Symlinking: /home/aaphatak/ros2_ws/install/turtlesim/include/turtlesim/turtlesim/srv/detail/spawn__struct.hpp
[49.694s] -- Symlinking: /home/aaphatak/ros2_ws/install/turtlesim/include/turtlesim/turtlesim/srv/detail/spawn__traits.hpp
[49.700s] -- Symlinking: /home/aaphatak/ros2_ws/install/turtlesim/include/turtlesim/turtlesim/srv/detail/spawn__type_support.hpp
[49.707s] -- Symlinking: /home/aaphatak/ros2_ws/install/turtlesim/include/turtlesim/turtlesim/srv/detail/teleport_absolute__builder.hpp
[49.713s] -- Symlinking: /home/aaphatak/ros2_ws/install/turtlesim/include/turtlesim/turtlesim/srv/detail/teleport_absolute__struct.hpp
[49.718s] -- Symlinking: /home/aaphatak/ros2_ws/install/turtlesim/include/turtlesim/turtlesim/srv/detail/teleport_absolute__traits.hpp
[49.724s] -- Symlinking: /home/aaphatak/ros2_ws/install/turtlesim/include/turtlesim/turtlesim/srv/detail/teleport_absolute__type_support.hpp
[49.731s] -- Symlinking: /home/aaphatak/ros2_ws/install/turtlesim/include/turtlesim/turtlesim/srv/detail/teleport_relative__builder.hpp
[49.737s] -- Symlinking: /home/aaphatak/ros2_ws/install/turtlesim/include/turtlesim/turtlesim/srv/detail/teleport_relative__struct.hpp
[49.742s] -- Symlinking: /home/aaphatak/ros2_ws/install/turtlesim/include/turtlesim/turtlesim/srv/detail/teleport_relative__traits.hpp
[49.748s] -- Symlinking: /home/aaphatak/ros2_ws/install/turtlesim/include/turtlesim/turtlesim/srv/detail/teleport_relative__type_support.hpp
[49.755s] -- Symlinking: /home/aaphatak/ros2_ws/install/turtlesim/include/turtlesim/turtlesim/srv/kill.hpp
[49.760s] -- Symlinking: /home/aaphatak/ros2_ws/install/turtlesim/include/turtlesim/turtlesim/srv/set_pen.hpp
[49.767s] -- Symlinking: /home/aaphatak/ros2_ws/install/turtlesim/include/turtlesim/turtlesim/srv/spawn.hpp
[49.773s] -- Symlinking: /home/aaphatak/ros2_ws/install/turtlesim/include/turtlesim/turtlesim/srv/teleport_absolute.hpp
[49.778s] -- Symlinking: /home/aaphatak/ros2_ws/install/turtlesim/include/turtlesim/turtlesim/srv/teleport_relative.hpp
[49.785s] -- Symlinking: /home/aaphatak/ros2_ws/install/turtlesim/include/turtlesim/turtlesim/action/detail/rotate_absolute__rosidl_typesupport_fastrtps_cpp.hpp
[49.790s] -- Symlinking: /home/aaphatak/ros2_ws/install/turtlesim/include/turtlesim/turtlesim/msg/detail/color__rosidl_typesupport_fastrtps_cpp.hpp
[49.797s] -- Symlinking: /home/aaphatak/ros2_ws/install/turtlesim/include/turtlesim/turtlesim/msg/detail/pose__rosidl_typesupport_fastrtps_cpp.hpp
[49.802s] -- Symlinking: /home/aaphatak/ros2_ws/install/turtlesim/include/turtlesim/turtlesim/msg/rosidl_typesupport_fastrtps_cpp__visibility_control.h
[49.808s] -- Symlinking: /home/aaphatak/ros2_ws/install/turtlesim/include/turtlesim/turtlesim/srv/detail/kill__rosidl_typesupport_fastrtps_cpp.hpp
[49.813s] -- Symlinking: /home/aaphatak/ros2_ws/install/turtlesim/include/turtlesim/turtlesim/srv/detail/set_pen__rosidl_typesupport_fastrtps_cpp.hpp
[49.818s] -- Symlinking: /home/aaphatak/ros2_ws/install/turtlesim/include/turtlesim/turtlesim/srv/detail/spawn__rosidl_typesupport_fastrtps_cpp.hpp
[49.824s] -- Symlinking: /home/aaphatak/ros2_ws/install/turtlesim/include/turtlesim/turtlesim/srv/detail/teleport_absolute__rosidl_typesupport_fastrtps_cpp.hpp
[49.830s] -- Symlinking: /home/aaphatak/ros2_ws/install/turtlesim/include/turtlesim/turtlesim/srv/detail/teleport_relative__rosidl_typesupport_fastrtps_cpp.hpp
[49.836s] -- Symlinking: /home/aaphatak/ros2_ws/install/turtlesim/include/turtlesim/turtlesim/action/detail/rotate_absolute__rosidl_typesupport_introspection_c.h
[49.841s] -- Symlinking: /home/aaphatak/ros2_ws/install/turtlesim/include/turtlesim/turtlesim/msg/detail/color__rosidl_typesupport_introspection_c.h
[49.846s] -- Symlinking: /home/aaphatak/ros2_ws/install/turtlesim/include/turtlesim/turtlesim/msg/detail/pose__rosidl_typesupport_introspection_c.h
[49.852s] -- Symlinking: /home/aaphatak/ros2_ws/install/turtlesim/include/turtlesim/turtlesim/msg/rosidl_typesupport_introspection_c__visibility_control.h
[49.858s] -- Symlinking: /home/aaphatak/ros2_ws/install/turtlesim/include/turtlesim/turtlesim/srv/detail/kill__rosidl_typesupport_introspection_c.h
[49.864s] -- Symlinking: /home/aaphatak/ros2_ws/install/turtlesim/include/turtlesim/turtlesim/srv/detail/set_pen__rosidl_typesupport_introspection_c.h
[49.869s] -- Symlinking: /home/aaphatak/ros2_ws/install/turtlesim/include/turtlesim/turtlesim/srv/detail/spawn__rosidl_typesupport_introspection_c.h
[49.874s] -- Symlinking: /home/aaphatak/ros2_ws/install/turtlesim/include/turtlesim/turtlesim/srv/detail/teleport_absolute__rosidl_typesupport_introspection_c.h
[49.880s] -- Symlinking: /home/aaphatak/ros2_ws/install/turtlesim/include/turtlesim/turtlesim/srv/detail/teleport_relative__rosidl_typesupport_introspection_c.h
[49.885s] -- Symlinking: /home/aaphatak/ros2_ws/install/turtlesim/include/turtlesim/turtlesim/action/detail/rotate_absolute__rosidl_typesupport_introspection_cpp.hpp
[49.890s] -- Symlinking: /home/aaphatak/ros2_ws/install/turtlesim/include/turtlesim/turtlesim/msg/detail/color__rosidl_typesupport_introspection_cpp.hpp
[49.895s] -- Symlinking: /home/aaphatak/ros2_ws/install/turtlesim/include/turtlesim/turtlesim/msg/detail/pose__rosidl_typesupport_introspection_cpp.hpp
[49.900s] -- Symlinking: /home/aaphatak/ros2_ws/install/turtlesim/include/turtlesim/turtlesim/srv/detail/kill__rosidl_typesupport_introspection_cpp.hpp
[49.904s] -- Symlinking: /home/aaphatak/ros2_ws/install/turtlesim/include/turtlesim/turtlesim/srv/detail/set_pen__rosidl_typesupport_introspection_cpp.hpp
[49.908s] -- Symlinking: /home/aaphatak/ros2_ws/install/turtlesim/include/turtlesim/turtlesim/srv/detail/spawn__rosidl_typesupport_introspection_cpp.hpp
[49.913s] -- Symlinking: /home/aaphatak/ros2_ws/install/turtlesim/include/turtlesim/turtlesim/srv/detail/teleport_absolute__rosidl_typesupport_introspection_cpp.hpp
[49.916s] -- Symlinking: /home/aaphatak/ros2_ws/install/turtlesim/include/turtlesim/turtlesim/srv/detail/teleport_relative__rosidl_typesupport_introspection_cpp.hpp
[49.920s] -- Symlinking: /home/aaphatak/ros2_ws/install/turtlesim/share/turtlesim/environment/pythonpath.sh
[49.924s] -- Symlinking: /home/aaphatak/ros2_ws/install/turtlesim/share/turtlesim/environment/pythonpath.dsv
[49.928s] -- Symlinking: /home/aaphatak/ros2_ws/install/turtlesim/lib/python3.12/site-packages/turtlesim-1.8.3-py3.12.egg-info/PKG-INFO
[49.932s] -- Symlinking: /home/aaphatak/ros2_ws/install/turtlesim/lib/python3.12/site-packages/turtlesim-1.8.3-py3.12.egg-info/SOURCES.txt
[49.936s] -- Symlinking: /home/aaphatak/ros2_ws/install/turtlesim/lib/python3.12/site-packages/turtlesim-1.8.3-py3.12.egg-info/dependency_links.txt
[49.940s] -- Symlinking: /home/aaphatak/ros2_ws/install/turtlesim/lib/python3.12/site-packages/turtlesim-1.8.3-py3.12.egg-info/top_level.txt
[49.944s] -- Symlinking: /home/aaphatak/ros2_ws/install/turtlesim/lib/python3.12/site-packages/turtlesim/__init__.py
[49.948s] -- Symlinking: /home/aaphatak/ros2_ws/install/turtlesim/lib/python3.12/site-packages/turtlesim/_turtlesim_s.ep.rosidl_typesupport_c.c
[49.952s] -- Symlinking: /home/aaphatak/ros2_ws/install/turtlesim/lib/python3.12/site-packages/turtlesim/_turtlesim_s.ep.rosidl_typesupport_fastrtps_c.c
[49.956s] -- Symlinking: /home/aaphatak/ros2_ws/install/turtlesim/lib/python3.12/site-packages/turtlesim/_turtlesim_s.ep.rosidl_typesupport_introspection_c.c
[49.960s] -- Symlinking: /home/aaphatak/ros2_ws/install/turtlesim/lib/python3.12/site-packages/turtlesim/action/__init__.py
[49.964s] -- Symlinking: /home/aaphatak/ros2_ws/install/turtlesim/lib/python3.12/site-packages/turtlesim/action/_rotate_absolute.py
[49.968s] -- Symlinking: /home/aaphatak/ros2_ws/install/turtlesim/lib/python3.12/site-packages/turtlesim/action/_rotate_absolute_s.c
[49.972s] -- Symlinking: /home/aaphatak/ros2_ws/install/turtlesim/lib/python3.12/site-packages/turtlesim/msg/__init__.py
[49.976s] -- Symlinking: /home/aaphatak/ros2_ws/install/turtlesim/lib/python3.12/site-packages/turtlesim/msg/_color.py
[49.981s] -- Symlinking: /home/aaphatak/ros2_ws/install/turtlesim/lib/python3.12/site-packages/turtlesim/msg/_color_s.c
[49.986s] -- Symlinking: /home/aaphatak/ros2_ws/install/turtlesim/lib/python3.12/site-packages/turtlesim/msg/_pose.py
[49.990s] -- Symlinking: /home/aaphatak/ros2_ws/install/turtlesim/lib/python3.12/site-packages/turtlesim/msg/_pose_s.c
[49.994s] -- Symlinking: /home/aaphatak/ros2_ws/install/turtlesim/lib/python3.12/site-packages/turtlesim/srv/__init__.py
[49.998s] -- Symlinking: /home/aaphatak/ros2_ws/install/turtlesim/lib/python3.12/site-packages/turtlesim/srv/_kill.py
[50.001s] -- Symlinking: /home/aaphatak/ros2_ws/install/turtlesim/lib/python3.12/site-packages/turtlesim/srv/_kill_s.c
[50.005s] -- Symlinking: /home/aaphatak/ros2_ws/install/turtlesim/lib/python3.12/site-packages/turtlesim/srv/_set_pen.py
[50.009s] -- Symlinking: /home/aaphatak/ros2_ws/install/turtlesim/lib/python3.12/site-packages/turtlesim/srv/_set_pen_s.c
[50.013s] -- Symlinking: /home/aaphatak/ros2_ws/install/turtlesim/lib/python3.12/site-packages/turtlesim/srv/_spawn.py
[50.017s] -- Symlinking: /home/aaphatak/ros2_ws/install/turtlesim/lib/python3.12/site-packages/turtlesim/srv/_spawn_s.c
[50.021s] -- Symlinking: /home/aaphatak/ros2_ws/install/turtlesim/lib/python3.12/site-packages/turtlesim/srv/_teleport_absolute.py
[50.025s] -- Symlinking: /home/aaphatak/ros2_ws/install/turtlesim/lib/python3.12/site-packages/turtlesim/srv/_teleport_absolute_s.c
[50.029s] -- Symlinking: /home/aaphatak/ros2_ws/install/turtlesim/lib/python3.12/site-packages/turtlesim/srv/_teleport_relative.py
[50.033s] -- Symlinking: /home/aaphatak/ros2_ws/install/turtlesim/lib/python3.12/site-packages/turtlesim/srv/_teleport_relative_s.c
[50.038s] -- Symlinking: /home/aaphatak/ros2_ws/install/turtlesim/lib/python3.12/site-packages/turtlesim/turtlesim_s__rosidl_typesupport_c.so
[50.043s] -- Symlinking: /home/aaphatak/ros2_ws/install/turtlesim/lib/python3.12/site-packages/turtlesim/turtlesim_s__rosidl_typesupport_fastrtps_c.so
[50.047s] -- Symlinking: /home/aaphatak/ros2_ws/install/turtlesim/lib/python3.12/site-packages/turtlesim/turtlesim_s__rosidl_typesupport_introspection_c.so
[50.052s] -- Up-to-date symlink: /home/aaphatak/ros2_ws/install/turtlesim/lib/python3.12/site-packages/turtlesim/turtlesim_s__rosidl_typesupport_fastrtps_c.so
[50.052s] -- Up-to-date symlink: /home/aaphatak/ros2_ws/install/turtlesim/lib/python3.12/site-packages/turtlesim/turtlesim_s__rosidl_typesupport_introspection_c.so
[50.052s] -- Up-to-date symlink: /home/aaphatak/ros2_ws/install/turtlesim/lib/python3.12/site-packages/turtlesim/turtlesim_s__rosidl_typesupport_c.so
[50.052s] -- Symlinking: /home/aaphatak/ros2_ws/install/turtlesim/share/turtlesim/action/RotateAbsolute.idl
[50.057s] -- Symlinking: /home/aaphatak/ros2_ws/install/turtlesim/share/turtlesim/msg/Color.idl
[50.061s] -- Symlinking: /home/aaphatak/ros2_ws/install/turtlesim/share/turtlesim/msg/Pose.idl
[50.066s] -- Symlinking: /home/aaphatak/ros2_ws/install/turtlesim/share/turtlesim/srv/Kill.idl
[50.070s] -- Symlinking: /home/aaphatak/ros2_ws/install/turtlesim/share/turtlesim/srv/SetPen.idl
[50.074s] -- Symlinking: /home/aaphatak/ros2_ws/install/turtlesim/share/turtlesim/srv/Spawn.idl
[50.079s] -- Symlinking: /home/aaphatak/ros2_ws/install/turtlesim/share/turtlesim/srv/TeleportAbsolute.idl
[50.085s] -- Symlinking: /home/aaphatak/ros2_ws/install/turtlesim/share/turtlesim/srv/TeleportRelative.idl
[50.089s] -- Symlinking: /home/aaphatak/ros2_ws/install/turtlesim/share/turtlesim/action/RotateAbsolute.action
[50.093s] -- Symlinking: /home/aaphatak/ros2_ws/install/turtlesim/share/turtlesim/msg/Color.msg
[50.098s] -- Symlinking: /home/aaphatak/ros2_ws/install/turtlesim/share/turtlesim/msg/Pose.msg
[50.102s] -- Symlinking: /home/aaphatak/ros2_ws/install/turtlesim/share/turtlesim/srv/Kill.srv
[50.107s] -- Symlinking: /home/aaphatak/ros2_ws/install/turtlesim/share/turtlesim/srv/SetPen.srv
[50.111s] -- Symlinking: /home/aaphatak/ros2_ws/install/turtlesim/share/turtlesim/srv/Spawn.srv
[50.115s] -- Symlinking: /home/aaphatak/ros2_ws/install/turtlesim/share/turtlesim/srv/TeleportAbsolute.srv
[50.120s] -- Symlinking: /home/aaphatak/ros2_ws/install/turtlesim/share/turtlesim/srv/TeleportRelative.srv
[50.124s] -- Symlinking: /home/aaphatak/ros2_ws/install/turtlesim/lib/turtlesim/turtlesim_node
[50.128s] -- Symlinking: /home/aaphatak/ros2_ws/install/turtlesim/lib/turtlesim/turtle_teleop_key
[50.133s] -- Symlinking: /home/aaphatak/ros2_ws/install/turtlesim/lib/turtlesim/draw_square
[50.139s] -- Symlinking: /home/aaphatak/ros2_ws/install/turtlesim/lib/turtlesim/mimic
[50.146s] -- Symlinking: /home/aaphatak/ros2_ws/install/turtlesim/share/turtlesim/launch/multisim.launch.py
[50.153s] -- Symlinking: /home/aaphatak/ros2_ws/install/turtlesim/share/ament_index/resource_index/package_run_dependencies/turtlesim
[50.159s] -- Symlinking: /home/aaphatak/ros2_ws/install/turtlesim/share/ament_index/resource_index/parent_prefix_path/turtlesim
[50.165s] -- Symlinking: /home/aaphatak/ros2_ws/install/turtlesim/share/turtlesim/environment/ament_prefix_path.sh
[50.171s] -- Symlinking: /home/aaphatak/ros2_ws/install/turtlesim/share/turtlesim/environment/ament_prefix_path.dsv
[50.178s] -- Symlinking: /home/aaphatak/ros2_ws/install/turtlesim/share/turtlesim/environment/path.sh
[50.186s] -- Symlinking: /home/aaphatak/ros2_ws/install/turtlesim/share/turtlesim/environment/path.dsv
[50.192s] -- Symlinking: /home/aaphatak/ros2_ws/install/turtlesim/share/turtlesim/local_setup.bash
[50.200s] -- Symlinking: /home/aaphatak/ros2_ws/install/turtlesim/share/turtlesim/local_setup.sh
[50.206s] -- Symlinking: /home/aaphatak/ros2_ws/install/turtlesim/share/turtlesim/local_setup.zsh
[50.213s] -- Symlinking: /home/aaphatak/ros2_ws/install/turtlesim/share/turtlesim/local_setup.dsv
[50.221s] -- Symlinking: /home/aaphatak/ros2_ws/install/turtlesim/share/turtlesim/package.dsv
[50.227s] -- Symlinking: /home/aaphatak/ros2_ws/install/turtlesim/share/ament_index/resource_index/packages/turtlesim
[50.233s] -- Symlinking: /home/aaphatak/ros2_ws/install/turtlesim/share/turtlesim/cmake/rosidl_cmake-extras.cmake
[50.240s] -- Symlinking: /home/aaphatak/ros2_ws/install/turtlesim/share/turtlesim/cmake/ament_cmake_export_dependencies-extras.cmake
[50.247s] -- Symlinking: /home/aaphatak/ros2_ws/install/turtlesim/share/turtlesim/cmake/ament_cmake_export_include_directories-extras.cmake
[50.255s] -- Symlinking: /home/aaphatak/ros2_ws/install/turtlesim/share/turtlesim/cmake/ament_cmake_export_libraries-extras.cmake
[50.262s] -- Symlinking: /home/aaphatak/ros2_ws/install/turtlesim/share/turtlesim/cmake/ament_cmake_export_targets-extras.cmake
[50.268s] -- Symlinking: /home/aaphatak/ros2_ws/install/turtlesim/share/turtlesim/cmake/rosidl_cmake_export_typesupport_targets-extras.cmake
[50.274s] -- Symlinking: /home/aaphatak/ros2_ws/install/turtlesim/share/turtlesim/cmake/rosidl_cmake_export_typesupport_libraries-extras.cmake
[50.282s] -- Symlinking: /home/aaphatak/ros2_ws/install/turtlesim/share/turtlesim/cmake/turtlesimConfig.cmake
[50.287s] -- Symlinking: /home/aaphatak/ros2_ws/install/turtlesim/share/turtlesim/cmake/turtlesimConfig-version.cmake
[50.294s] -- Symlinking: /home/aaphatak/ros2_ws/install/turtlesim/share/turtlesim/package.xml
[50.301s] -- Installing: /home/aaphatak/ros2_ws/install/turtlesim/lib/libturtlesim__rosidl_generator_c.so
[50.301s] -- Set non-toolchain portion of runtime path of "/home/aaphatak/ros2_ws/install/turtlesim/lib/libturtlesim__rosidl_generator_c.so" to ""
[50.301s] -- Installing: /home/aaphatak/ros2_ws/install/turtlesim/lib/libturtlesim__rosidl_typesupport_fastrtps_c.so
[50.301s] -- Set non-toolchain portion of runtime path of "/home/aaphatak/ros2_ws/install/turtlesim/lib/libturtlesim__rosidl_typesupport_fastrtps_c.so" to ""
[50.302s] -- Installing: /home/aaphatak/ros2_ws/install/turtlesim/lib/libturtlesim__rosidl_typesupport_fastrtps_cpp.so
[50.302s] -- Set non-toolchain portion of runtime path of "/home/aaphatak/ros2_ws/install/turtlesim/lib/libturtlesim__rosidl_typesupport_fastrtps_cpp.so" to ""
[50.302s] -- Installing: /home/aaphatak/ros2_ws/install/turtlesim/lib/libturtlesim__rosidl_typesupport_introspection_c.so
[50.303s] -- Set non-toolchain portion of runtime path of "/home/aaphatak/ros2_ws/install/turtlesim/lib/libturtlesim__rosidl_typesupport_introspection_c.so" to ""
[50.303s] -- Installing: /home/aaphatak/ros2_ws/install/turtlesim/lib/libturtlesim__rosidl_typesupport_c.so
[50.303s] -- Set non-toolchain portion of runtime path of "/home/aaphatak/ros2_ws/install/turtlesim/lib/libturtlesim__rosidl_typesupport_c.so" to ""
[50.303s] -- Installing: /home/aaphatak/ros2_ws/install/turtlesim/lib/libturtlesim__rosidl_typesupport_introspection_cpp.so
[50.304s] -- Set non-toolchain portion of runtime path of "/home/aaphatak/ros2_ws/install/turtlesim/lib/libturtlesim__rosidl_typesupport_introspection_cpp.so" to ""
[50.304s] -- Installing: /home/aaphatak/ros2_ws/install/turtlesim/lib/libturtlesim__rosidl_typesupport_cpp.so
[50.304s] -- Set non-toolchain portion of runtime path of "/home/aaphatak/ros2_ws/install/turtlesim/lib/libturtlesim__rosidl_typesupport_cpp.so" to ""
[50.343s] Listing '/home/aaphatak/ros2_ws/install/turtlesim/lib/python3.12/site-packages/turtlesim'...
[50.343s] Compiling '/home/aaphatak/ros2_ws/install/turtlesim/lib/python3.12/site-packages/turtlesim/__init__.py'...
[50.343s] Listing '/home/aaphatak/ros2_ws/install/turtlesim/lib/python3.12/site-packages/turtlesim/action'...
[50.343s] Compiling '/home/aaphatak/ros2_ws/install/turtlesim/lib/python3.12/site-packages/turtlesim/action/__init__.py'...
[50.343s] Compiling '/home/aaphatak/ros2_ws/install/turtlesim/lib/python3.12/site-packages/turtlesim/action/_rotate_absolute.py'...
[50.343s] Listing '/home/aaphatak/ros2_ws/install/turtlesim/lib/python3.12/site-packages/turtlesim/msg'...
[50.343s] Compiling '/home/aaphatak/ros2_ws/install/turtlesim/lib/python3.12/site-packages/turtlesim/msg/__init__.py'...
[50.343s] Compiling '/home/aaphatak/ros2_ws/install/turtlesim/lib/python3.12/site-packages/turtlesim/msg/_color.py'...
[50.343s] Compiling '/home/aaphatak/ros2_ws/install/turtlesim/lib/python3.12/site-packages/turtlesim/msg/_pose.py'...
[50.343s] Listing '/home/aaphatak/ros2_ws/install/turtlesim/lib/python3.12/site-packages/turtlesim/srv'...
[50.343s] Compiling '/home/aaphatak/ros2_ws/install/turtlesim/lib/python3.12/site-packages/turtlesim/srv/__init__.py'...
[50.343s] Compiling '/home/aaphatak/ros2_ws/install/turtlesim/lib/python3.12/site-packages/turtlesim/srv/_kill.py'...
[50.343s] Compiling '/home/aaphatak/ros2_ws/install/turtlesim/lib/python3.12/site-packages/turtlesim/srv/_set_pen.py'...
[50.343s] Compiling '/home/aaphatak/ros2_ws/install/turtlesim/lib/python3.12/site-packages/turtlesim/srv/_spawn.py'...
[50.343s] Compiling '/home/aaphatak/ros2_ws/install/turtlesim/lib/python3.12/site-packages/turtlesim/srv/_teleport_absolute.py'...
[50.343s] Compiling '/home/aaphatak/ros2_ws/install/turtlesim/lib/python3.12/site-packages/turtlesim/srv/_teleport_relative.py'...
[50.347s] -- Installing: /home/aaphatak/ros2_ws/install/turtlesim/lib/libturtlesim__rosidl_generator_py.so
[50.347s] -- Set non-toolchain portion of runtime path of "/home/aaphatak/ros2_ws/install/turtlesim/lib/libturtlesim__rosidl_generator_py.so" to ""
[50.347s] -- Installing: /home/aaphatak/ros2_ws/install/turtlesim/share/turtlesim/images
[50.347s] -- Installing: /home/aaphatak/ros2_ws/install/turtlesim/share/turtlesim/images/iron.png
[50.348s] -- Installing: /home/aaphatak/ros2_ws/install/turtlesim/share/turtlesim/images/eloquent.png
[50.348s] -- Installing: /home/aaphatak/ros2_ws/install/turtlesim/share/turtlesim/images/jazzy.png
[50.348s] -- Installing: /home/aaphatak/ros2_ws/install/turtlesim/share/turtlesim/images/bouncy.png
[50.348s] -- Installing: /home/aaphatak/ros2_ws/install/turtlesim/share/turtlesim/images/galactic.png
[50.349s] -- Installing: /home/aaphatak/ros2_ws/install/turtlesim/share/turtlesim/images/dashing.png
[50.349s] -- Installing: /home/aaphatak/ros2_ws/install/turtlesim/share/turtlesim/images/humble.png
[50.349s] -- Installing: /home/aaphatak/ros2_ws/install/turtlesim/share/turtlesim/images/crystal.png
[50.349s] -- Installing: /home/aaphatak/ros2_ws/install/turtlesim/share/turtlesim/images/ardent.png
[50.349s] -- Installing: /home/aaphatak/ros2_ws/install/turtlesim/share/turtlesim/images/foxy.png
[50.349s] -- Installing: /home/aaphatak/ros2_ws/install/turtlesim/share/turtlesim/images/rolling.png
[50.350s] -- Installing: /home/aaphatak/ros2_ws/install/turtlesim/share/turtlesim/cmake/export_turtlesim__rosidl_generator_cExport.cmake
[50.350s] -- Installing: /home/aaphatak/ros2_ws/install/turtlesim/share/turtlesim/cmake/export_turtlesim__rosidl_generator_cExport-noconfig.cmake
[50.350s] -- Installing: /home/aaphatak/ros2_ws/install/turtlesim/share/turtlesim/cmake/export_turtlesim__rosidl_typesupport_fastrtps_cExport.cmake
[50.350s] -- Installing: /home/aaphatak/ros2_ws/install/turtlesim/share/turtlesim/cmake/export_turtlesim__rosidl_typesupport_fastrtps_cExport-noconfig.cmake
[50.350s] -- Installing: /home/aaphatak/ros2_ws/install/turtlesim/share/turtlesim/cmake/export_turtlesim__rosidl_generator_cppExport.cmake
[50.350s] -- Installing: /home/aaphatak/ros2_ws/install/turtlesim/share/turtlesim/cmake/export_turtlesim__rosidl_typesupport_fastrtps_cppExport.cmake
[50.350s] -- Installing: /home/aaphatak/ros2_ws/install/turtlesim/share/turtlesim/cmake/export_turtlesim__rosidl_typesupport_fastrtps_cppExport-noconfig.cmake
[50.350s] -- Installing: /home/aaphatak/ros2_ws/install/turtlesim/share/turtlesim/cmake/turtlesim__rosidl_typesupport_introspection_cExport.cmake
[50.350s] -- Installing: /home/aaphatak/ros2_ws/install/turtlesim/share/turtlesim/cmake/turtlesim__rosidl_typesupport_introspection_cExport-noconfig.cmake
[50.350s] -- Installing: /home/aaphatak/ros2_ws/install/turtlesim/share/turtlesim/cmake/turtlesim__rosidl_typesupport_cExport.cmake
[50.350s] -- Installing: /home/aaphatak/ros2_ws/install/turtlesim/share/turtlesim/cmake/turtlesim__rosidl_typesupport_cExport-noconfig.cmake
[50.350s] -- Installing: /home/aaphatak/ros2_ws/install/turtlesim/share/turtlesim/cmake/turtlesim__rosidl_typesupport_introspection_cppExport.cmake
[50.350s] -- Installing: /home/aaphatak/ros2_ws/install/turtlesim/share/turtlesim/cmake/turtlesim__rosidl_typesupport_introspection_cppExport-noconfig.cmake
[50.350s] -- Installing: /home/aaphatak/ros2_ws/install/turtlesim/share/turtlesim/cmake/turtlesim__rosidl_typesupport_cppExport.cmake
[50.350s] -- Installing: /home/aaphatak/ros2_ws/install/turtlesim/share/turtlesim/cmake/turtlesim__rosidl_typesupport_cppExport-noconfig.cmake
[50.351s] -- Installing: /home/aaphatak/ros2_ws/install/turtlesim/share/turtlesim/cmake/export_turtlesim__rosidl_generator_pyExport.cmake
[50.351s] -- Installing: /home/aaphatak/ros2_ws/install/turtlesim/share/turtlesim/cmake/export_turtlesim__rosidl_generator_pyExport-noconfig.cmake
[50.352s] Invoked command in '/home/aaphatak/ros2_ws/build/turtlesim' returned '0': CMAKE_PREFIX_PATH=${CMAKE_PREFIX_PATH}:/home/aaphatak/ros2_ws/src/turtlebot3_ws/install/turtlebot3_teleop:/home/aaphatak/ros2_ws/src/turtlebot3_ws/install/turtlebot3_example:/home/aaphatak/turtlebot3_ws/install/turtlebot3_teleop:/home/aaphatak/turtlebot3_ws/install/turtlebot3_example:/opt/ros/jazzy DEBUGINFOD_URLS=https://debuginfod.ubuntu.com /usr/bin/cmake --install /home/aaphatak/ros2_ws/build/turtlesim
