[0.015s] Invoking command in '/home/aaphatak/ros2_ws/build/turtlebot3_cartographer': CMAKE_PREFIX_PATH=${CMAKE_PREFIX_PATH}:/home/aaphatak/ros2_ws/install/turtlebot3_teleop:/home/aaphatak/ros2_ws/install/turtlebot3_example:/home/aaphatak/turtlebot3_ws/install/turtlebot3_teleop:/home/aaphatak/turtlebot3_ws/install/turtlebot3_example:/opt/ros/jazzy DEBUGINFOD_URLS=https://debuginfod.ubuntu.com /usr/bin/cmake --build /home/aaphatak/ros2_ws/build/turtlebot3_cartographer -- -j4 -l4
[0.085s] Invoked command in '/home/aaphatak/ros2_ws/build/turtlebot3_cartographer' returned '0': CMAKE_PREFIX_PATH=${CMAKE_PREFIX_PATH}:/home/aaphatak/ros2_ws/install/turtlebot3_teleop:/home/aaphatak/ros2_ws/install/turtlebot3_example:/home/aaphatak/turtlebot3_ws/install/turtlebot3_teleop:/home/aaphatak/turtlebot3_ws/install/turtlebot3_example:/opt/ros/jazzy DEBUGINFOD_URLS=https://debuginfod.ubuntu.com /usr/bin/cmake --build /home/aaphatak/ros2_ws/build/turtlebot3_cartographer -- -j4 -l4
[0.085s] Invoking command in '/home/aaphatak/ros2_ws/build/turtlebot3_cartographer': CMAKE_PREFIX_PATH=${CMAKE_PREFIX_PATH}:/home/aaphatak/ros2_ws/install/turtlebot3_teleop:/home/aaphatak/ros2_ws/install/turtlebot3_example:/home/aaphatak/turtlebot3_ws/install/turtlebot3_teleop:/home/aaphatak/turtlebot3_ws/install/turtlebot3_example:/opt/ros/jazzy DEBUGINFOD_URLS=https://debuginfod.ubuntu.com /usr/bin/cmake --install /home/aaphatak/ros2_ws/build/turtlebot3_cartographer
[0.100s] -- Install configuration: ""
[0.100s] -- Execute custom install script
[0.101s] -- Up-to-date symlink: /home/aaphatak/ros2_ws/install/turtlebot3_cartographer/share/turtlebot3_cartographer/config/turtlebot3_lds_2d.lua
[0.101s] -- Up-to-date symlink: /home/aaphatak/ros2_ws/install/turtlebot3_cartographer/share/turtlebot3_cartographer/launch/cartographer.launch.py
[0.104s] -- Up-to-date symlink: /home/aaphatak/ros2_ws/install/turtlebot3_cartographer/share/turtlebot3_cartographer/launch/occupancy_grid.launch.py
[0.104s] -- Up-to-date symlink: /home/aaphatak/ros2_ws/install/turtlebot3_cartographer/share/turtlebot3_cartographer/rviz/tb3_cartographer.rviz
[0.104s] -- Up-to-date symlink: /home/aaphatak/ros2_ws/install/turtlebot3_cartographer/share/ament_index/resource_index/package_run_dependencies/turtlebot3_cartographer
[0.104s] -- Up-to-date symlink: /home/aaphatak/ros2_ws/install/turtlebot3_cartographer/share/ament_index/resource_index/parent_prefix_path/turtlebot3_cartographer
[0.104s] -- Up-to-date symlink: /home/aaphatak/ros2_ws/install/turtlebot3_cartographer/share/turtlebot3_cartographer/environment/ament_prefix_path.sh
[0.104s] -- Up-to-date symlink: /home/aaphatak/ros2_ws/install/turtlebot3_cartographer/share/turtlebot3_cartographer/environment/ament_prefix_path.dsv
[0.104s] -- Up-to-date symlink: /home/aaphatak/ros2_ws/install/turtlebot3_cartographer/share/turtlebot3_cartographer/environment/path.sh
[0.104s] -- Up-to-date symlink: /home/aaphatak/ros2_ws/install/turtlebot3_cartographer/share/turtlebot3_cartographer/environment/path.dsv
[0.104s] -- Up-to-date symlink: /home/aaphatak/ros2_ws/install/turtlebot3_cartographer/share/turtlebot3_cartographer/local_setup.bash
[0.104s] -- Up-to-date symlink: /home/aaphatak/ros2_ws/install/turtlebot3_cartographer/share/turtlebot3_cartographer/local_setup.sh
[0.104s] -- Up-to-date symlink: /home/aaphatak/ros2_ws/install/turtlebot3_cartographer/share/turtlebot3_cartographer/local_setup.zsh
[0.104s] -- Up-to-date symlink: /home/aaphatak/ros2_ws/install/turtlebot3_cartographer/share/turtlebot3_cartographer/local_setup.dsv
[0.104s] -- Symlinking: /home/aaphatak/ros2_ws/install/turtlebot3_cartographer/share/turtlebot3_cartographer/package.dsv
[0.114s] -- Up-to-date symlink: /home/aaphatak/ros2_ws/install/turtlebot3_cartographer/share/ament_index/resource_index/packages/turtlebot3_cartographer
[0.114s] -- Up-to-date symlink: /home/aaphatak/ros2_ws/install/turtlebot3_cartographer/share/turtlebot3_cartographer/cmake/turtlebot3_cartographerConfig.cmake
[0.115s] -- Up-to-date symlink: /home/aaphatak/ros2_ws/install/turtlebot3_cartographer/share/turtlebot3_cartographer/cmake/turtlebot3_cartographerConfig-version.cmake
[0.115s] -- Up-to-date symlink: /home/aaphatak/ros2_ws/install/turtlebot3_cartographer/share/turtlebot3_cartographer/package.xml
[0.117s] Invoked command in '/home/aaphatak/ros2_ws/build/turtlebot3_cartographer' returned '0': CMAKE_PREFIX_PATH=${CMAKE_PREFIX_PATH}:/home/aaphatak/ros2_ws/install/turtlebot3_teleop:/home/aaphatak/ros2_ws/install/turtlebot3_example:/home/aaphatak/turtlebot3_ws/install/turtlebot3_teleop:/home/aaphatak/turtlebot3_ws/install/turtlebot3_example:/opt/ros/jazzy DEBUGINFOD_URLS=https://debuginfod.ubuntu.com /usr/bin/cmake --install /home/aaphatak/ros2_ws/build/turtlebot3_cartographer
