-- Install configuration: ""
-- Up-to-date: /home/aaphatak/ros2_ws/install/wall_following_ros2/share/wall_following_ros2//launch
-- Installing: /home/aaphatak/ros2_ws/install/wall_following_ros2/share/wall_following_ros2//launch/wall_following.launch.py
-- Up-to-date: /home/aaphatak/ros2_ws/install/wall_following_ros2/share/wall_following_ros2//worlds
-- Up-to-date: /home/aaphatak/ros2_ws/install/wall_following_ros2/share/wall_following_ros2//worlds/largemaze.world
-- Up-to-date: /home/aaphatak/ros2_ws/install/wall_following_ros2/lib/wall_following_ros2/src
-- Installing: /home/aaphatak/ros2_ws/install/wall_following_ros2/lib/wall_following_ros2/src/q_td_run.py
-- Up-to-date: /home/aaphatak/ros2_ws/install/wall_following_ros2/share/wall_following_ros2/launch
-- Up-to-date: /home/aaphatak/ros2_ws/install/wall_following_ros2/share/wall_following_ros2/launch/wall_following.launch.py
-- Up-to-date: /home/aaphatak/ros2_ws/install/wall_following_ros2/share/ament_index/resource_index/package_run_dependencies/wall_following_ros2
-- Up-to-date: /home/aaphatak/ros2_ws/install/wall_following_ros2/share/ament_index/resource_index/parent_prefix_path/wall_following_ros2
-- Up-to-date: /home/aaphatak/ros2_ws/install/wall_following_ros2/share/wall_following_ros2/environment/ament_prefix_path.sh
-- Up-to-date: /home/aaphatak/ros2_ws/install/wall_following_ros2/share/wall_following_ros2/environment/ament_prefix_path.dsv
-- Up-to-date: /home/aaphatak/ros2_ws/install/wall_following_ros2/share/wall_following_ros2/environment/path.sh
-- Up-to-date: /home/aaphatak/ros2_ws/install/wall_following_ros2/share/wall_following_ros2/environment/path.dsv
-- Up-to-date: /home/aaphatak/ros2_ws/install/wall_following_ros2/share/wall_following_ros2/local_setup.bash
-- Up-to-date: /home/aaphatak/ros2_ws/install/wall_following_ros2/share/wall_following_ros2/local_setup.sh
-- Up-to-date: /home/aaphatak/ros2_ws/install/wall_following_ros2/share/wall_following_ros2/local_setup.zsh
-- Up-to-date: /home/aaphatak/ros2_ws/install/wall_following_ros2/share/wall_following_ros2/local_setup.dsv
-- Installing: /home/aaphatak/ros2_ws/install/wall_following_ros2/share/wall_following_ros2/package.dsv
-- Up-to-date: /home/aaphatak/ros2_ws/install/wall_following_ros2/share/ament_index/resource_index/packages/wall_following_ros2
-- Up-to-date: /home/aaphatak/ros2_ws/install/wall_following_ros2/share/wall_following_ros2/cmake/wall_following_ros2Config.cmake
-- Up-to-date: /home/aaphatak/ros2_ws/install/wall_following_ros2/share/wall_following_ros2/cmake/wall_following_ros2Config-version.cmake
-- Up-to-date: /home/aaphatak/ros2_ws/install/wall_following_ros2/share/wall_following_ros2/package.xml
