[0.015s] Invoking command in '/home/aaphatak/ros2_ws/build/turtlebot3_description': CMAKE_PREFIX_PATH=${CMAKE_PREFIX_PATH}:/home/aaphatak/ros2_ws/install/turtlebot3_teleop:/home/aaphatak/ros2_ws/install/turtlebot3_example:/home/aaphatak/turtlebot3_ws/install/turtlebot3_teleop:/home/aaphatak/turtlebot3_ws/install/turtlebot3_example:/opt/ros/jazzy DEBUGINFOD_URLS=https://debuginfod.ubuntu.com /usr/bin/cmake --build /home/aaphatak/ros2_ws/build/turtlebot3_description -- -j4 -l4
[0.056s] Invoked command in '/home/aaphatak/ros2_ws/build/turtlebot3_description' returned '0': CMAKE_PREFIX_PATH=${CMAKE_PREFIX_PATH}:/home/aaphatak/ros2_ws/install/turtlebot3_teleop:/home/aaphatak/ros2_ws/install/turtlebot3_example:/home/aaphatak/turtlebot3_ws/install/turtlebot3_teleop:/home/aaphatak/turtlebot3_ws/install/turtlebot3_example:/opt/ros/jazzy DEBUGINFOD_URLS=https://debuginfod.ubuntu.com /usr/bin/cmake --build /home/aaphatak/ros2_ws/build/turtlebot3_description -- -j4 -l4
[0.061s] Invoking command in '/home/aaphatak/ros2_ws/build/turtlebot3_description': CMAKE_PREFIX_PATH=${CMAKE_PREFIX_PATH}:/home/aaphatak/ros2_ws/install/turtlebot3_teleop:/home/aaphatak/ros2_ws/install/turtlebot3_example:/home/aaphatak/turtlebot3_ws/install/turtlebot3_teleop:/home/aaphatak/turtlebot3_ws/install/turtlebot3_example:/opt/ros/jazzy DEBUGINFOD_URLS=https://debuginfod.ubuntu.com /usr/bin/cmake --install /home/aaphatak/ros2_ws/build/turtlebot3_description
[0.065s] -- Install configuration: ""
[0.065s] -- Execute custom install script
[0.065s] -- Up-to-date symlink: /home/aaphatak/ros2_ws/install/turtlebot3_description/share/turtlebot3_description/meshes/bases/burger_base.stl
[0.065s] -- Up-to-date symlink: /home/aaphatak/ros2_ws/install/turtlebot3_description/share/turtlebot3_description/meshes/bases/waffle_base.stl
[0.065s] -- Up-to-date symlink: /home/aaphatak/ros2_ws/install/turtlebot3_description/share/turtlebot3_description/meshes/bases/waffle_pi_base.stl
[0.066s] -- Up-to-date symlink: /home/aaphatak/ros2_ws/install/turtlebot3_description/share/turtlebot3_description/meshes/sensors/astra.dae
[0.066s] -- Up-to-date symlink: /home/aaphatak/ros2_ws/install/turtlebot3_description/share/turtlebot3_description/meshes/sensors/astra.jpg
[0.066s] -- Up-to-date symlink: /home/aaphatak/ros2_ws/install/turtlebot3_description/share/turtlebot3_description/meshes/sensors/lds.stl
[0.066s] -- Up-to-date symlink: /home/aaphatak/ros2_ws/install/turtlebot3_description/share/turtlebot3_description/meshes/sensors/r200.dae
[0.066s] -- Up-to-date symlink: /home/aaphatak/ros2_ws/install/turtlebot3_description/share/turtlebot3_description/meshes/sensors/r200.jpg
[0.066s] -- Up-to-date symlink: /home/aaphatak/ros2_ws/install/turtlebot3_description/share/turtlebot3_description/meshes/wheels/left_tire.stl
[0.066s] -- Up-to-date symlink: /home/aaphatak/ros2_ws/install/turtlebot3_description/share/turtlebot3_description/meshes/wheels/right_tire.stl
[0.066s] -- Up-to-date symlink: /home/aaphatak/ros2_ws/install/turtlebot3_description/share/turtlebot3_description/rviz/model.rviz
[0.066s] -- Up-to-date symlink: /home/aaphatak/ros2_ws/install/turtlebot3_description/share/turtlebot3_description/urdf/common_properties.urdf
[0.066s] -- Up-to-date symlink: /home/aaphatak/ros2_ws/install/turtlebot3_description/share/turtlebot3_description/urdf/turtlebot3_burger.urdf
[0.066s] -- Up-to-date symlink: /home/aaphatak/ros2_ws/install/turtlebot3_description/share/turtlebot3_description/urdf/turtlebot3_waffle.urdf
[0.066s] -- Up-to-date symlink: /home/aaphatak/ros2_ws/install/turtlebot3_description/share/turtlebot3_description/urdf/turtlebot3_waffle_pi.urdf
[0.066s] -- Up-to-date symlink: /home/aaphatak/ros2_ws/install/turtlebot3_description/share/ament_index/resource_index/package_run_dependencies/turtlebot3_description
[0.067s] -- Up-to-date symlink: /home/aaphatak/ros2_ws/install/turtlebot3_description/share/ament_index/resource_index/parent_prefix_path/turtlebot3_description
[0.067s] -- Up-to-date symlink: /home/aaphatak/ros2_ws/install/turtlebot3_description/share/turtlebot3_description/environment/ament_prefix_path.sh
[0.067s] -- Up-to-date symlink: /home/aaphatak/ros2_ws/install/turtlebot3_description/share/turtlebot3_description/environment/ament_prefix_path.dsv
[0.067s] -- Up-to-date symlink: /home/aaphatak/ros2_ws/install/turtlebot3_description/share/turtlebot3_description/environment/path.sh
[0.067s] -- Up-to-date symlink: /home/aaphatak/ros2_ws/install/turtlebot3_description/share/turtlebot3_description/environment/path.dsv
[0.067s] -- Up-to-date symlink: /home/aaphatak/ros2_ws/install/turtlebot3_description/share/turtlebot3_description/local_setup.bash
[0.067s] -- Up-to-date symlink: /home/aaphatak/ros2_ws/install/turtlebot3_description/share/turtlebot3_description/local_setup.sh
[0.067s] -- Up-to-date symlink: /home/aaphatak/ros2_ws/install/turtlebot3_description/share/turtlebot3_description/local_setup.zsh
[0.067s] -- Up-to-date symlink: /home/aaphatak/ros2_ws/install/turtlebot3_description/share/turtlebot3_description/local_setup.dsv
[0.067s] -- Symlinking: /home/aaphatak/ros2_ws/install/turtlebot3_description/share/turtlebot3_description/package.dsv
[0.078s] -- Up-to-date symlink: /home/aaphatak/ros2_ws/install/turtlebot3_description/share/ament_index/resource_index/packages/turtlebot3_description
[0.078s] -- Up-to-date symlink: /home/aaphatak/ros2_ws/install/turtlebot3_description/share/turtlebot3_description/cmake/turtlebot3_descriptionConfig.cmake
[0.078s] -- Up-to-date symlink: /home/aaphatak/ros2_ws/install/turtlebot3_description/share/turtlebot3_description/cmake/turtlebot3_descriptionConfig-version.cmake
[0.078s] -- Up-to-date symlink: /home/aaphatak/ros2_ws/install/turtlebot3_description/share/turtlebot3_description/package.xml
[0.078s] Invoked command in '/home/aaphatak/ros2_ws/build/turtlebot3_description' returned '0': CMAKE_PREFIX_PATH=${CMAKE_PREFIX_PATH}:/home/aaphatak/ros2_ws/install/turtlebot3_teleop:/home/aaphatak/ros2_ws/install/turtlebot3_example:/home/aaphatak/turtlebot3_ws/install/turtlebot3_teleop:/home/aaphatak/turtlebot3_ws/install/turtlebot3_example:/opt/ros/jazzy DEBUGINFOD_URLS=https://debuginfod.ubuntu.com /usr/bin/cmake --install /home/aaphatak/ros2_ws/build/turtlebot3_description
