[0.844s] Invoking command in '/home/aaphatak/ros2_ws/build/turtlebot3_teleop': DEBUGINFOD_URLS=https://debuginfod.ubuntu.com PYTHONPATH=/home/aaphatak/ros2_ws/build/turtlebot3_teleop/prefix_override:/usr/lib/python3/dist-packages/colcon_core/task/python/colcon_distutils_commands:/home/aaphatak/ros2_ws/install/turtlebot3_teleop/lib/python3.12/site-packages:${PYTHONPATH} /usr/bin/python3 -W ignore:setup.py install is deprecated -W ignore:easy_install command is deprecated setup.py develop --uninstall --editable --build-directory /home/aaphatak/ros2_ws/build/turtlebot3_teleop/build
[1.010s] running develop
[1.106s] Removing /home/aaphatak/ros2_ws/install/turtlebot3_teleop/lib/python3.12/site-packages/turtlebot3-teleop.egg-link (link to .)
[1.215s] Invoked command in '/home/aaphatak/ros2_ws/build/turtlebot3_teleop' returned '0': DEBUGINFOD_URLS=https://debuginfod.ubuntu.com PYTHONPATH=/home/aaphatak/ros2_ws/build/turtlebot3_teleop/prefix_override:/usr/lib/python3/dist-packages/colcon_core/task/python/colcon_distutils_commands:/home/aaphatak/ros2_ws/install/turtlebot3_teleop/lib/python3.12/site-packages:${PYTHONPATH} /usr/bin/python3 -W ignore:setup.py install is deprecated -W ignore:easy_install command is deprecated setup.py develop --uninstall --editable --build-directory /home/aaphatak/ros2_ws/build/turtlebot3_teleop/build
[1.216s] Invoking command in '/home/aaphatak/ros2_ws/src/turtlebot3/turtlebot3_teleop': DEBUGINFOD_URLS=https://debuginfod.ubuntu.com PYTHONPATH=/home/aaphatak/ros2_ws/build/turtlebot3_teleop/prefix_override:/usr/lib/python3/dist-packages/colcon_core/task/python/colcon_distutils_commands:/home/aaphatak/ros2_ws/install/turtlebot3_teleop/lib/python3.12/site-packages:${PYTHONPATH} /usr/bin/python3 -W ignore:setup.py install is deprecated -W ignore:easy_install command is deprecated setup.py egg_info --egg-base ../../../build/turtlebot3_teleop build --build-base /home/aaphatak/ros2_ws/build/turtlebot3_teleop/build install --record /home/aaphatak/ros2_ws/build/turtlebot3_teleop/install.log --single-version-externally-managed install_data --force
[1.374s] running egg_info
[1.383s] writing ../../../build/turtlebot3_teleop/turtlebot3_teleop.egg-info/PKG-INFO
[1.383s] writing dependency_links to ../../../build/turtlebot3_teleop/turtlebot3_teleop.egg-info/dependency_links.txt
[1.383s] writing entry points to ../../../build/turtlebot3_teleop/turtlebot3_teleop.egg-info/entry_points.txt
[1.383s] writing requirements to ../../../build/turtlebot3_teleop/turtlebot3_teleop.egg-info/requires.txt
[1.384s] writing top-level names to ../../../build/turtlebot3_teleop/turtlebot3_teleop.egg-info/top_level.txt
[1.416s] reading manifest file '../../../build/turtlebot3_teleop/turtlebot3_teleop.egg-info/SOURCES.txt'
[1.416s] writing manifest file '../../../build/turtlebot3_teleop/turtlebot3_teleop.egg-info/SOURCES.txt'
[1.416s] running build
[1.417s] running build_py
[1.417s] creating /home/aaphatak/ros2_ws/build/turtlebot3_teleop/build
[1.417s] creating /home/aaphatak/ros2_ws/build/turtlebot3_teleop/build/lib
[1.417s] creating /home/aaphatak/ros2_ws/build/turtlebot3_teleop/build/lib/turtlebot3_teleop
[1.417s] copying turtlebot3_teleop/__init__.py -> /home/aaphatak/ros2_ws/build/turtlebot3_teleop/build/lib/turtlebot3_teleop
[1.417s] creating /home/aaphatak/ros2_ws/build/turtlebot3_teleop/build/lib/turtlebot3_teleop/script
[1.417s] copying turtlebot3_teleop/script/__init__.py -> /home/aaphatak/ros2_ws/build/turtlebot3_teleop/build/lib/turtlebot3_teleop/script
[1.418s] copying turtlebot3_teleop/script/teleop_keyboard.py -> /home/aaphatak/ros2_ws/build/turtlebot3_teleop/build/lib/turtlebot3_teleop/script
[1.418s] running install
[1.422s] running install_lib
[1.437s] creating /home/aaphatak/ros2_ws/install/turtlebot3_teleop/lib/python3.12/site-packages/turtlebot3_teleop
[1.437s] copying /home/aaphatak/ros2_ws/build/turtlebot3_teleop/build/lib/turtlebot3_teleop/__init__.py -> /home/aaphatak/ros2_ws/install/turtlebot3_teleop/lib/python3.12/site-packages/turtlebot3_teleop
[1.437s] creating /home/aaphatak/ros2_ws/install/turtlebot3_teleop/lib/python3.12/site-packages/turtlebot3_teleop/script
[1.437s] copying /home/aaphatak/ros2_ws/build/turtlebot3_teleop/build/lib/turtlebot3_teleop/script/__init__.py -> /home/aaphatak/ros2_ws/install/turtlebot3_teleop/lib/python3.12/site-packages/turtlebot3_teleop/script
[1.438s] copying /home/aaphatak/ros2_ws/build/turtlebot3_teleop/build/lib/turtlebot3_teleop/script/teleop_keyboard.py -> /home/aaphatak/ros2_ws/install/turtlebot3_teleop/lib/python3.12/site-packages/turtlebot3_teleop/script
[1.438s] byte-compiling /home/aaphatak/ros2_ws/install/turtlebot3_teleop/lib/python3.12/site-packages/turtlebot3_teleop/__init__.py to __init__.cpython-312.pyc
[1.438s] byte-compiling /home/aaphatak/ros2_ws/install/turtlebot3_teleop/lib/python3.12/site-packages/turtlebot3_teleop/script/__init__.py to __init__.cpython-312.pyc
[1.438s] byte-compiling /home/aaphatak/ros2_ws/install/turtlebot3_teleop/lib/python3.12/site-packages/turtlebot3_teleop/script/teleop_keyboard.py to teleop_keyboard.cpython-312.pyc
[1.440s] running install_data
[1.440s] copying resource/turtlebot3_teleop -> /home/aaphatak/ros2_ws/install/turtlebot3_teleop/share/ament_index/resource_index/packages
[1.440s] copying package.xml -> /home/aaphatak/ros2_ws/install/turtlebot3_teleop/share/turtlebot3_teleop
[1.442s] running install_egg_info
[1.467s] Copying ../../../build/turtlebot3_teleop/turtlebot3_teleop.egg-info to /home/aaphatak/ros2_ws/install/turtlebot3_teleop/lib/python3.12/site-packages/turtlebot3_teleop-2.3.3-py3.12.egg-info
[1.468s] running install_scripts
[1.561s] Installing teleop_keyboard script to /home/aaphatak/ros2_ws/install/turtlebot3_teleop/lib/turtlebot3_teleop
[1.561s] writing list of installed files to '/home/aaphatak/ros2_ws/build/turtlebot3_teleop/install.log'
[1.582s] Invoked command in '/home/aaphatak/ros2_ws/src/turtlebot3/turtlebot3_teleop' returned '0': DEBUGINFOD_URLS=https://debuginfod.ubuntu.com PYTHONPATH=/home/aaphatak/ros2_ws/build/turtlebot3_teleop/prefix_override:/usr/lib/python3/dist-packages/colcon_core/task/python/colcon_distutils_commands:/home/aaphatak/ros2_ws/install/turtlebot3_teleop/lib/python3.12/site-packages:${PYTHONPATH} /usr/bin/python3 -W ignore:setup.py install is deprecated -W ignore:easy_install command is deprecated setup.py egg_info --egg-base ../../../build/turtlebot3_teleop build --build-base /home/aaphatak/ros2_ws/build/turtlebot3_teleop/build install --record /home/aaphatak/ros2_ws/build/turtlebot3_teleop/install.log --single-version-externally-managed install_data --force
